started_at: 2026-04-27T20:19:04+09:00
cwd: /home/minsung/projects/Spec2Maude
input_N: 1
formula: <> result-is(1)
timeout_seconds: 5
command: maude -no-banner wasm-exec-bs.maude
maude_input:
  red in WASM-FIB-BS-PROPS : modelCheck(fib-config(i32v(1)), <> result-is(1)) .
----- maude output -----
Advisory: "output_bs.maude", line 3 (mod SPECTEC-CORE): operator _`[_<-_`] has
    been imported from both "pretype.maude", line 83 (mod DSL-RECORD) and
    "pretype.maude", line 84 (mod DSL-RECORD) with no common ancestor.
Warning: "output_bs.maude", line 2257 (mod SPECTEC-CORE): multiple distinct
    parses for statement
cmb ((I1) hasType (uN (N))) : WellTyped if (((I1 >= 0) and (I1 <= ((2 ^ N) -
    1)))) = true .
Warning: "output_bs.maude", line 2261 (mod SPECTEC-CORE): multiple distinct
    parses for statement
cmb ((I1) hasType (sN (N))) : WellTyped if (((((I1 >= (0 - ((2 ^ (N - 1)))))
    and (I1 <= (0 - (1)))) or (I1 == 0)) or ((I1 >= 1) and (I1 <= ((2 ^ (N -
    1)) - 1))))) = true .
Warning: "output_bs.maude", line 2312 (mod SPECTEC-CORE): multiple distinct
    parses for statement
cmb (CTORNORMA2 (M1, EXP1) hasType (fNmag (N))) : WellTyped if (((M1 < (2 ^ $M
    (N))) and (((2 - (2 ^ ($E (N) - 1))) <= EXP1) and (EXP1 <= ((2 ^ ($E (N) -
    1)) - 1))))) = true .
Warning: "output_bs.maude", line 2314 (mod SPECTEC-CORE): multiple distinct
    parses for statement
cmb (CTORSUBNORMA1 (M1) hasType (fNmag (N))) : WellTyped if (((M1 < (2 ^ $M (
    N))) and ((2 - (2 ^ ($E (N) - 1))) == EXP))) = true .
Warning: "output_bs.maude", line 2349 (mod SPECTEC-CORE): multiple distinct
    parses for statement
eq $canon (CANON0-N) = (2 ^ ($signif (CANON0-N) - 1)) .
Advisory: "output_bs.maude", line 3544 (mod SPECTEC-CORE): all the variables in
    the left-hand side of assignment condition fragment $lsizenn(JNN) := 8 are
    bound before the matching takes place.
Advisory: "output_bs.maude", line 3564 (mod SPECTEC-CORE): all the variables in
    the left-hand side of assignment condition fragment $lsizenn(JNN) := 16 are
    bound before the matching takes place.
Advisory: "output_bs.maude", line 3566 (mod SPECTEC-CORE): all the variables in
    the left-hand side of assignment condition fragment $lsizenn(JNN) := 16 are
    bound before the matching takes place.
Advisory: "output_bs.maude", line 3591 (mod SPECTEC-CORE): all the variables in
    the left-hand side of assignment condition fragment CTORSA0 := SX1 are
    bound before the matching takes place.
Advisory: "output_bs.maude", line 3593 (mod SPECTEC-CORE): all the variables in
    the left-hand side of assignment condition fragment CTORSA0 := SX1 are
    bound before the matching takes place.
Advisory: "output_bs.maude", line 3595 (mod SPECTEC-CORE): all the variables in
    the left-hand side of assignment condition fragment CTORSA0 := SX1 are
    bound before the matching takes place.
Advisory: "output_bs.maude", line 3597 (mod SPECTEC-CORE): all the variables in
    the left-hand side of assignment condition fragment CTORSA0 := SX1 are
    bound before the matching takes place.
Advisory: "output_bs.maude", line 3646 (mod SPECTEC-CORE): all the variables in
    the left-hand side of assignment condition fragment $vsize(VECTYPE) quo 2
    := SZ1 * M1 are bound before the matching takes place.
Warning: "output_bs.maude", line 3897 (mod SPECTEC-CORE): multiple distinct
    parses for statement
eq $shift-labelidxs ((SHIFT-LABELIDXS2-LABELIDX SHIFT-LABELIDXS2-LABELIDXQ)) =
    (SHIFT-LABELIDXS2-LABELIDX - 1) $shift-labelidxs (
    SHIFT-LABELIDXS2-LABELIDXQ) .
Warning: "output_bs.maude", line 4476 (mod SPECTEC-CORE): multiple distinct
    parses for statement
ceq Memtype-ok (MEMTYPE-OK-R00-C, CTORPAGEA2 (MEMTYPE-OK-R00-ADDRTYPE,
    MEMTYPE-OK-R00-LIMITS)) = valid if (Limits-ok (MEMTYPE-OK-R00-C,
    MEMTYPE-OK-R00-LIMITS, ((2 ^ ($size (MEMTYPE-OK-R00-ADDRTYPE) - 16)))) ==
    valid) = true /\ MEMTYPE-OK-R00-C : Context /\ MEMTYPE-OK-R00-ADDRTYPE :
    Addrtype /\ MEMTYPE-OK-R00-LIMITS : Limits .
Warning: "output_bs.maude", line 4481 (mod SPECTEC-CORE): multiple distinct
    parses for statement
ceq Tabletype-ok (TABLETYPE-OK-R00-C, TABLETYPE-OK-R00-ADDRTYPE
    TABLETYPE-OK-R00-LIMITS TABLETYPE-OK-R00-REFTYPE) = valid if (Limits-ok (
    TABLETYPE-OK-R00-C, TABLETYPE-OK-R00-LIMITS, (((2 ^ $size (
    TABLETYPE-OK-R00-ADDRTYPE)) - 1))) == valid) = true /\ (Reftype-ok (
    TABLETYPE-OK-R00-C, TABLETYPE-OK-R00-REFTYPE) == valid) = true /\
    TABLETYPE-OK-R00-C : Context /\ TABLETYPE-OK-R00-ADDRTYPE : Addrtype /\
    TABLETYPE-OK-R00-LIMITS : Limits /\ TABLETYPE-OK-R00-REFTYPE : Reftype .
Warning: "output_bs.maude", line 5193 (mod SPECTEC-CORE): multiple distinct
    parses for statement
ceq $signed (SIGNED0-N, SIGNED0-I) = SIGNED0-I if ((SIGNED0-I < (2 ^ (SIGNED0-N
    - 1)))) = true .
Warning: "output_bs.maude", line 5195 (mod SPECTEC-CORE): multiple distinct
    parses for statement
ceq $signed (SIGNED1-N, SIGNED1-I) = (SIGNED1-I - (2 ^ SIGNED1-N)) if (((2 ^ (
    SIGNED1-N - 1)) <= SIGNED1-I)) = true /\ ((SIGNED1-I < (2 ^ SIGNED1-N))) =
    true .
Warning: "output_bs.maude", line 5202 (mod SPECTEC-CORE): multiple distinct
    parses for statement
ceq $inv-signed (INV-SIGNED0-N, INV-SIGNED0-I) = INV-SIGNED0-I if ((0 <=
    INV-SIGNED0-I)) = true /\ ((INV-SIGNED0-I < (2 ^ (INV-SIGNED0-N - 1)))) =
    true .
Warning: "output_bs.maude", line 5204 (mod SPECTEC-CORE): multiple distinct
    parses for statement
ceq $inv-signed (INV-SIGNED1-N, INV-SIGNED1-I) = (INV-SIGNED1-I + (2 ^
    INV-SIGNED1-N)) if (((0 - ((2 ^ (INV-SIGNED1-N - 1)))) <= INV-SIGNED1-I)) =
    true /\ ((INV-SIGNED1-I < 0)) = true .
Warning: "output_bs.maude", line 5246 (mod SPECTEC-CORE): multiple distinct
    parses for statement
ceq $sat-u (SAT-U1-N, SAT-U1-I) = ((2 ^ SAT-U1-N) - 1) if ((SAT-U1-I > ((2 ^
    SAT-U1-N) - 1))) = true .
Warning: "output_bs.maude", line 5254 (mod SPECTEC-CORE): multiple distinct
    parses for statement
ceq $sat-s (SAT-S0-N, SAT-S0-I) = (0 - ((2 ^ (SAT-S0-N - 1)))) if ((SAT-S0-I <
    (0 - ((2 ^ (SAT-S0-N - 1)))))) = true .
Warning: "output_bs.maude", line 5256 (mod SPECTEC-CORE): multiple distinct
    parses for statement
ceq $sat-s (SAT-S1-N, SAT-S1-I) = ((2 ^ (SAT-S1-N - 1)) - 1) if ((SAT-S1-I > ((
    2 ^ (SAT-S1-N - 1)) - 1))) = true .
Warning: "output_bs.maude", line 5264 (mod SPECTEC-CORE): multiple distinct
    parses for statement
eq $ineg (INEG0-N, INEG0-I1) = (((2 ^ INEG0-N) - INEG0-I1) rem (2 ^ INEG0-N)) .
Warning: "output_bs.maude", line 5303 (mod SPECTEC-CORE): multiple distinct
    parses for statement
eq $isub (ISUB0-N, ISUB0-I1, ISUB0-I2) = ((((2 ^ ISUB0-N) + ISUB0-I1) -
    ISUB0-I2) rem (2 ^ ISUB0-N)) .
Warning: "output_bs.maude", line 5316 (mod SPECTEC-CORE): multiple distinct
    parses for statement
ceq $idiv (IDIV3-N, CTORSA0, IDIV3-I1, IDIV3-I2) = eps if ((($signed (IDIV3-N,
    IDIV3-I1) quo $signed (IDIV3-N, IDIV3-I2)) == (2 ^ (IDIV3-N - 1)))) = true
    .
Warning: "output_bs.maude", line 5325 (mod SPECTEC-CORE): multiple distinct
    parses for statement
eq $irem (IREM1-N, CTORUA0, IREM1-I1, IREM1-I2) = (IREM1-I1 - (IREM1-I2 *
    $truncz (((IREM1-I1 quo IREM1-I2))))) .
Warning: "output_bs.maude", line 5327 (mod SPECTEC-CORE): multiple distinct
    parses for statement
ceq $irem (IREM3-N, CTORSA0, IREM3-I1, IREM3-I2) = $inv-signed (IREM3-N, ((
    IREM3-J1 - (IREM3-J2 * $truncz (((IREM3-J1 quo IREM3-J2))))))) if IREM3-J1
    := $signed (IREM3-N, IREM3-I1) /\ IREM3-J2 := $signed (IREM3-N, IREM3-I2) .
Warning: "output_bs.maude", line 5365 (mod SPECTEC-CORE): multiple distinct
    parses for statement
eq $isub-sat (ISUB-SAT0-N, CTORUA0, ISUB-SAT0-I1, ISUB-SAT0-I2) = $sat-u (
    ISUB-SAT0-N, ((ISUB-SAT0-I1 - ISUB-SAT0-I2))) .
Warning: "output_bs.maude", line 5366 (mod SPECTEC-CORE): multiple distinct
    parses for statement
eq $isub-sat (ISUB-SAT1-N, CTORSA0, ISUB-SAT1-I1, ISUB-SAT1-I2) = $inv-signed (
    ISUB-SAT1-N, ($sat-s (ISUB-SAT1-N, (($signed (ISUB-SAT1-N, ISUB-SAT1-I1) -
    $signed (ISUB-SAT1-N, ISUB-SAT1-I2)))))) .
Warning: "output_bs.maude", line 6720 (mod SPECTEC-CORE): multiple distinct
    parses for statement
crl [step-pure-br-label-succ] : step (< STEP-PURE-BR-LABEL-SUCC-Z |
    CTORLABELLBRACERBRACEA3 (STEP-PURE-BR-LABEL-SUCC9-N,
    STEP-PURE-BR-LABEL-SUCC9-INSTRQ, (STEP-PURE-BR-LABEL-SUCC9-VAL CTORBRA1 (
    STEP-PURE-BR-LABEL-SUCC9-L) STEP-PURE-BR-LABEL-SUCC9-INSTR)) >) => <
    STEP-PURE-BR-LABEL-SUCC-Z | STEP-PURE-BR-LABEL-SUCC9-VAL CTORBRA1 (((
    STEP-PURE-BR-LABEL-SUCC9-L - 1))) > if all-vals (
    STEP-PURE-BR-LABEL-SUCC9-VAL) = true /\ ((STEP-PURE-BR-LABEL-SUCC9-L > 0))
    = true /\ STEP-PURE-BR-LABEL-SUCC9-N : N /\ STEP-PURE-BR-LABEL-SUCC9-L :
    Labelidx .
Warning: "output_bs.maude", line 7087 (mod SPECTEC-CORE): variable
    STEP-READ-BR-ON-CAST-SUCCEED2-RT is used before it is bound in rule:
crl [step-read-br-on-cast-succeed] : step(< CTORSEMICOLONA2(
    STEP-READ-BR-ON-CAST-SUCCEED2-S, STEP-READ-BR-ON-CAST-SUCCEED2-F) |
    STEP-READ-BR-ON-CAST-SUCCEED2-REF CTORBRONCASTA3(
    STEP-READ-BR-ON-CAST-SUCCEED2-L, STEP-READ-BR-ON-CAST-SUCCEED2-RT1,
    STEP-READ-BR-ON-CAST-SUCCEED2-RT2) >) => < CTORSEMICOLONA2(
    STEP-READ-BR-ON-CAST-SUCCEED2-S, STEP-READ-BR-ON-CAST-SUCCEED2-F) |
    STEP-READ-BR-ON-CAST-SUCCEED2-REF CTORBRA1(STEP-READ-BR-ON-CAST-SUCCEED2-L)
    > if Ref-ok(STEP-READ-BR-ON-CAST-SUCCEED2-S,
    STEP-READ-BR-ON-CAST-SUCCEED2-REF, STEP-READ-BR-ON-CAST-SUCCEED2-RT) ==
    valid = true /\ Reftype-sub({item('TYPES, eps) ; item('RECS, eps) ; item(
    'TAGS, eps) ; item('GLOBALS, eps) ; item('MEMS, eps) ; item('TABLES, eps) ;
    item('FUNCS, eps) ; item('DATAS, eps) ; item('ELEMS, eps) ; item('LOCALS,
    eps) ; item('LABELS, eps) ; item('RETURN, eps) ; item('REFS, eps)},
    STEP-READ-BR-ON-CAST-SUCCEED2-RT, $inst-reftype(value('MODULE,
    STEP-READ-BR-ON-CAST-SUCCEED2-F), STEP-READ-BR-ON-CAST-SUCCEED2-RT2)) ==
    valid = true /\ STEP-READ-BR-ON-CAST-SUCCEED2-S : Store /\
    STEP-READ-BR-ON-CAST-SUCCEED2-F : Frame /\
    STEP-READ-BR-ON-CAST-SUCCEED2-REF : Ref /\ STEP-READ-BR-ON-CAST-SUCCEED2-L
    : Labelidx /\ STEP-READ-BR-ON-CAST-SUCCEED2-RT1 : Reftype /\
    STEP-READ-BR-ON-CAST-SUCCEED2-RT2 : Reftype /\
    STEP-READ-BR-ON-CAST-SUCCEED2-RT : Reftype .
Warning: "output_bs.maude", line 7097 (mod SPECTEC-CORE): variable
    STEP-READ-BR-ON-CAST-FAIL-SUCCEED4-RT is used before it is bound in rule:
crl [step-read-br-on-cast-fail-succeed] : step(< CTORSEMICOLONA2(
    STEP-READ-BR-ON-CAST-FAIL-SUCCEED4-S, STEP-READ-BR-ON-CAST-FAIL-SUCCEED4-F)
    | STEP-READ-BR-ON-CAST-FAIL-SUCCEED4-REF CTORBRONCASTFAILA3(
    STEP-READ-BR-ON-CAST-FAIL-SUCCEED4-L,
    STEP-READ-BR-ON-CAST-FAIL-SUCCEED4-RT1,
    STEP-READ-BR-ON-CAST-FAIL-SUCCEED4-RT2) >) => < CTORSEMICOLONA2(
    STEP-READ-BR-ON-CAST-FAIL-SUCCEED4-S, STEP-READ-BR-ON-CAST-FAIL-SUCCEED4-F)
    | STEP-READ-BR-ON-CAST-FAIL-SUCCEED4-REF > if Ref-ok(
    STEP-READ-BR-ON-CAST-FAIL-SUCCEED4-S,
    STEP-READ-BR-ON-CAST-FAIL-SUCCEED4-REF,
    STEP-READ-BR-ON-CAST-FAIL-SUCCEED4-RT) == valid = true /\ Reftype-sub({
    item('TYPES, eps) ; item('RECS, eps) ; item('TAGS, eps) ; item('GLOBALS,
    eps) ; item('MEMS, eps) ; item('TABLES, eps) ; item('FUNCS, eps) ; item(
    'DATAS, eps) ; item('ELEMS, eps) ; item('LOCALS, eps) ; item('LABELS, eps)
    ; item('RETURN, eps) ; item('REFS, eps)},
    STEP-READ-BR-ON-CAST-FAIL-SUCCEED4-RT, $inst-reftype(value('MODULE,
    STEP-READ-BR-ON-CAST-FAIL-SUCCEED4-F),
    STEP-READ-BR-ON-CAST-FAIL-SUCCEED4-RT2)) == valid = true /\
    STEP-READ-BR-ON-CAST-FAIL-SUCCEED4-S : Store /\
    STEP-READ-BR-ON-CAST-FAIL-SUCCEED4-F : Frame /\
    STEP-READ-BR-ON-CAST-FAIL-SUCCEED4-REF : Ref /\
    STEP-READ-BR-ON-CAST-FAIL-SUCCEED4-L : Labelidx /\
    STEP-READ-BR-ON-CAST-FAIL-SUCCEED4-RT1 : Reftype /\
    STEP-READ-BR-ON-CAST-FAIL-SUCCEED4-RT2 : Reftype /\
    STEP-READ-BR-ON-CAST-FAIL-SUCCEED4-RT : Reftype .
Warning: "output_bs.maude", line 7117 (mod SPECTEC-CORE): variable
    STEP-READ-CALL-REF-FUNC8-T2 is used before it is bound in rule:
crl [step-read-call-ref-func] : step(< STEP-READ-CALL-REF-FUNC8-Z |
    STEP-READ-CALL-REF-FUNC8-VAL CTORREFFUNCADDRA1(STEP-READ-CALL-REF-FUNC8-A)
    CTORCALLREFA1(STEP-READ-CALL-REF-FUNC8-YY) >) => <
    STEP-READ-CALL-REF-FUNC8-Z | CTORFRAMELBRACERBRACEA3(
    STEP-READ-CALL-REF-FUNC8-M, STEP-READ-CALL-REF-FUNC8-F,
    CTORLABELLBRACERBRACEA3(STEP-READ-CALL-REF-FUNC8-M, eps,
    STEP-READ-CALL-REF-FUNC8-INSTR)) > if STEP-READ-CALL-REF-FUNC8-FI := index(
    $funcinst(STEP-READ-CALL-REF-FUNC8-Z), STEP-READ-CALL-REF-FUNC8-A) /\
    CTORFUNCA3(STEP-READ-CALL-REF-FUNC8-X, CTORLOCALA1(
    STEP-READ-CALL-REF-FUNC8-T), STEP-READ-CALL-REF-FUNC8-INSTR) := value(
    'CODE, STEP-READ-CALL-REF-FUNC8-FI) /\ STEP-READ-CALL-REF-FUNC8-F := {item(
    'LOCALS, STEP-READ-CALL-REF-FUNC8-VAL $default(STEP-READ-CALL-REF-FUNC8-T))
    ; item('MODULE, value('MODULE, STEP-READ-CALL-REF-FUNC8-FI))} /\
    STEP-READ-CALL-REF-FUNC8-M := len(STEP-READ-CALL-REF-FUNC8-T2) /\
    STEP-READ-CALL-REF-FUNC8-N := len(STEP-READ-CALL-REF-FUNC8-T1) /\ all-vals(
    STEP-READ-CALL-REF-FUNC8-VAL) = true /\ Expand(value('TYPE,
    STEP-READ-CALL-REF-FUNC8-FI), CTORFUNCARROWA2(STEP-READ-CALL-REF-FUNC8-T1,
    STEP-READ-CALL-REF-FUNC8-T2)) == valid = true /\ STEP-READ-CALL-REF-FUNC8-A
    : Addr /\ STEP-READ-CALL-REF-FUNC8-YY : Typeuse /\
    STEP-READ-CALL-REF-FUNC8-M : M /\ STEP-READ-CALL-REF-FUNC8-F : Frame /\
    STEP-READ-CALL-REF-FUNC8-FI : Funcinst /\ STEP-READ-CALL-REF-FUNC8-X : Idx
    .
Warning: "output_bs.maude", line 7142 (mod SPECTEC-CORE): variable
    STEP-READ-RETURN-CALL-REF-FRAME-ADDR13-T2 is used before it is bound in
    rule:
crl [step-read-return-call-ref-frame-addr] : step(<
    STEP-READ-RETURN-CALL-REF-FRAME-ADDR13-Z | CTORFRAMELBRACERBRACEA3(
    STEP-READ-RETURN-CALL-REF-FRAME-ADDR13-K,
    STEP-READ-RETURN-CALL-REF-FRAME-ADDR13-F,
    STEP-READ-RETURN-CALL-REF-FRAME-ADDR13-VALQ
    STEP-READ-RETURN-CALL-REF-FRAME-ADDR13-VAL CTORREFFUNCADDRA1(
    STEP-READ-RETURN-CALL-REF-FRAME-ADDR13-A) CTORRETURNCALLREFA1(
    STEP-READ-RETURN-CALL-REF-FRAME-ADDR13-YY)
    STEP-READ-RETURN-CALL-REF-FRAME-ADDR13-INSTR) >) => <
    STEP-READ-RETURN-CALL-REF-FRAME-ADDR13-Z |
    STEP-READ-RETURN-CALL-REF-FRAME-ADDR13-VAL CTORREFFUNCADDRA1(
    STEP-READ-RETURN-CALL-REF-FRAME-ADDR13-A) CTORCALLREFA1(
    STEP-READ-RETURN-CALL-REF-FRAME-ADDR13-YY) > if
    STEP-READ-RETURN-CALL-REF-FRAME-ADDR13-M := len(
    STEP-READ-RETURN-CALL-REF-FRAME-ADDR13-T2) /\
    STEP-READ-RETURN-CALL-REF-FRAME-ADDR13-N := len(
    STEP-READ-RETURN-CALL-REF-FRAME-ADDR13-T1) /\ all-vals(
    STEP-READ-RETURN-CALL-REF-FRAME-ADDR13-VAL) = true /\ all-vals(
    STEP-READ-RETURN-CALL-REF-FRAME-ADDR13-VALQ) = true /\ Expand(value('TYPE,
    index($funcinst(STEP-READ-RETURN-CALL-REF-FRAME-ADDR13-Z),
    STEP-READ-RETURN-CALL-REF-FRAME-ADDR13-A)), CTORFUNCARROWA2(
    STEP-READ-RETURN-CALL-REF-FRAME-ADDR13-T1,
    STEP-READ-RETURN-CALL-REF-FRAME-ADDR13-T2)) == valid = true /\
    STEP-READ-RETURN-CALL-REF-FRAME-ADDR13-K : N /\
    STEP-READ-RETURN-CALL-REF-FRAME-ADDR13-F : Frame /\
    STEP-READ-RETURN-CALL-REF-FRAME-ADDR13-A : Addr /\
    STEP-READ-RETURN-CALL-REF-FRAME-ADDR13-YY : Typeuse .
Warning: "output_bs.maude", line 7237 (mod SPECTEC-CORE): multiple distinct
    parses for statement
crl [step-read-table-fill-succ] : step (< STEP-READ-TABLE-FILL-SUCC32-Z |
    CTORCONSTA2 (STEP-READ-TABLE-FILL-SUCC32-AT, STEP-READ-TABLE-FILL-SUCC32-I)
    STEP-READ-TABLE-FILL-SUCC32-VAL CTORCONSTA2 (
    STEP-READ-TABLE-FILL-SUCC32-AT, STEP-READ-TABLE-FILL-SUCC32-N)
    CTORTABLEFILLA1 (STEP-READ-TABLE-FILL-SUCC32-X) >) => <
    STEP-READ-TABLE-FILL-SUCC32-Z | CTORCONSTA2 (
    STEP-READ-TABLE-FILL-SUCC32-AT, STEP-READ-TABLE-FILL-SUCC32-I)
    STEP-READ-TABLE-FILL-SUCC32-VAL CTORTABLESETA1 (
    STEP-READ-TABLE-FILL-SUCC32-X) CTORCONSTA2 (STEP-READ-TABLE-FILL-SUCC32-AT,
    ((STEP-READ-TABLE-FILL-SUCC32-I + 1))) STEP-READ-TABLE-FILL-SUCC32-VAL
    CTORCONSTA2 (STEP-READ-TABLE-FILL-SUCC32-AT, ((
    STEP-READ-TABLE-FILL-SUCC32-N - 1))) CTORTABLEFILLA1 (
    STEP-READ-TABLE-FILL-SUCC32-X) > if STEP-READ-TABLE-FILL-SUCC32-AT :
    Addrtype /\ STEP-READ-TABLE-FILL-SUCC32-VAL : Val /\
    STEP-READ-TABLE-FILL-SUCC32-N : N /\ STEP-READ-TABLE-FILL-SUCC32-X : Idx .
Warning: "output_bs.maude", line 7252 (mod SPECTEC-CORE): multiple distinct
    parses for statement
crl [step-read-table-copy-le] : step (< STEP-READ-TABLE-COPY-LE35-Z |
    CTORCONSTA2 (STEP-READ-TABLE-COPY-LE35-AT1, STEP-READ-TABLE-COPY-LE35-I1)
    CTORCONSTA2 (STEP-READ-TABLE-COPY-LE35-AT2, STEP-READ-TABLE-COPY-LE35-I2)
    CTORCONSTA2 (STEP-READ-TABLE-COPY-LE35-ATQ, STEP-READ-TABLE-COPY-LE35-N)
    CTORTABLECOPYA2 (STEP-READ-TABLE-COPY-LE35-X, STEP-READ-TABLE-COPY-LE35-Y)
    >) => < STEP-READ-TABLE-COPY-LE35-Z | CTORCONSTA2 (
    STEP-READ-TABLE-COPY-LE35-AT1, STEP-READ-TABLE-COPY-LE35-I1) CTORCONSTA2 (
    STEP-READ-TABLE-COPY-LE35-AT2, STEP-READ-TABLE-COPY-LE35-I2) CTORTABLEGETA1
    (STEP-READ-TABLE-COPY-LE35-Y) CTORTABLESETA1 (STEP-READ-TABLE-COPY-LE35-X)
    CTORCONSTA2 (STEP-READ-TABLE-COPY-LE35-AT1, ((STEP-READ-TABLE-COPY-LE35-I1
    + 1))) CTORCONSTA2 (STEP-READ-TABLE-COPY-LE35-AT2, ((
    STEP-READ-TABLE-COPY-LE35-I2 + 1))) CTORCONSTA2 (
    STEP-READ-TABLE-COPY-LE35-ATQ, ((STEP-READ-TABLE-COPY-LE35-N - 1)))
    CTORTABLECOPYA2 (STEP-READ-TABLE-COPY-LE35-X, STEP-READ-TABLE-COPY-LE35-Y)
    > if ((STEP-READ-TABLE-COPY-LE35-I1 <= STEP-READ-TABLE-COPY-LE35-I2)) =
    true /\ STEP-READ-TABLE-COPY-LE35-AT1 : Addrtype /\
    STEP-READ-TABLE-COPY-LE35-AT2 : Addrtype /\ STEP-READ-TABLE-COPY-LE35-ATQ :
    Addrtype /\ STEP-READ-TABLE-COPY-LE35-N : N /\ STEP-READ-TABLE-COPY-LE35-X
    : Idx /\ STEP-READ-TABLE-COPY-LE35-Y : Idx .
Warning: "output_bs.maude", line 7257 (mod SPECTEC-CORE): multiple distinct
    parses for statement
crl [step-read-table-copy-gt] : step (< STEP-READ-TABLE-COPY-GT36-Z |
    CTORCONSTA2 (STEP-READ-TABLE-COPY-GT36-AT1, STEP-READ-TABLE-COPY-GT36-I1)
    CTORCONSTA2 (STEP-READ-TABLE-COPY-GT36-AT2, STEP-READ-TABLE-COPY-GT36-I2)
    CTORCONSTA2 (STEP-READ-TABLE-COPY-GT36-ATQ, STEP-READ-TABLE-COPY-GT36-N)
    CTORTABLECOPYA2 (STEP-READ-TABLE-COPY-GT36-X, STEP-READ-TABLE-COPY-GT36-Y)
    >) => < STEP-READ-TABLE-COPY-GT36-Z | CTORCONSTA2 (
    STEP-READ-TABLE-COPY-GT36-AT1, (((STEP-READ-TABLE-COPY-GT36-I1 +
    STEP-READ-TABLE-COPY-GT36-N) - 1))) CTORCONSTA2 (
    STEP-READ-TABLE-COPY-GT36-AT2, (((STEP-READ-TABLE-COPY-GT36-I2 +
    STEP-READ-TABLE-COPY-GT36-N) - 1))) CTORTABLEGETA1 (
    STEP-READ-TABLE-COPY-GT36-Y) CTORTABLESETA1 (STEP-READ-TABLE-COPY-GT36-X)
    CTORCONSTA2 (STEP-READ-TABLE-COPY-GT36-AT1, STEP-READ-TABLE-COPY-GT36-I1)
    CTORCONSTA2 (STEP-READ-TABLE-COPY-GT36-AT2, STEP-READ-TABLE-COPY-GT36-I2)
    CTORCONSTA2 (STEP-READ-TABLE-COPY-GT36-ATQ, ((STEP-READ-TABLE-COPY-GT36-N -
    1))) CTORTABLECOPYA2 (STEP-READ-TABLE-COPY-GT36-X,
    STEP-READ-TABLE-COPY-GT36-Y) > if STEP-READ-TABLE-COPY-GT36-AT1 : Addrtype
    /\ STEP-READ-TABLE-COPY-GT36-AT2 : Addrtype /\
    STEP-READ-TABLE-COPY-GT36-ATQ : Addrtype /\ STEP-READ-TABLE-COPY-GT36-N : N
    /\ STEP-READ-TABLE-COPY-GT36-X : Idx /\ STEP-READ-TABLE-COPY-GT36-Y : Idx .
Warning: "output_bs.maude", line 7272 (mod SPECTEC-CORE): multiple distinct
    parses for statement
crl [step-read-table-init-succ] : step (< STEP-READ-TABLE-INIT-SUCC39-Z |
    CTORCONSTA2 (STEP-READ-TABLE-INIT-SUCC39-AT, STEP-READ-TABLE-INIT-SUCC39-I)
    CTORCONSTA2 (CTORI32A0, STEP-READ-TABLE-INIT-SUCC39-J) CTORCONSTA2 (
    CTORI32A0, STEP-READ-TABLE-INIT-SUCC39-N) CTORTABLEINITA2 (
    STEP-READ-TABLE-INIT-SUCC39-X, STEP-READ-TABLE-INIT-SUCC39-Y) >) => <
    STEP-READ-TABLE-INIT-SUCC39-Z | CTORCONSTA2 (
    STEP-READ-TABLE-INIT-SUCC39-AT, STEP-READ-TABLE-INIT-SUCC39-I) index (value
    ('REFS, $elem (STEP-READ-TABLE-INIT-SUCC39-Z,
    STEP-READ-TABLE-INIT-SUCC39-Y)), STEP-READ-TABLE-INIT-SUCC39-J)
    CTORTABLESETA1 (STEP-READ-TABLE-INIT-SUCC39-X) CTORCONSTA2 (
    STEP-READ-TABLE-INIT-SUCC39-AT, ((STEP-READ-TABLE-INIT-SUCC39-I + 1)))
    CTORCONSTA2 (CTORI32A0, ((STEP-READ-TABLE-INIT-SUCC39-J + 1))) CTORCONSTA2
    (CTORI32A0, ((STEP-READ-TABLE-INIT-SUCC39-N - 1))) CTORTABLEINITA2 (
    STEP-READ-TABLE-INIT-SUCC39-X, STEP-READ-TABLE-INIT-SUCC39-Y) > if
    STEP-READ-TABLE-INIT-SUCC39-AT : Addrtype /\ STEP-READ-TABLE-INIT-SUCC39-N
    : N /\ STEP-READ-TABLE-INIT-SUCC39-X : Idx /\ STEP-READ-TABLE-INIT-SUCC39-Y
    : Idx .
Warning: "output_bs.maude", line 7362 (mod SPECTEC-CORE): multiple distinct
    parses for statement
crl [step-read-memory-fill-succ] : step (< STEP-READ-MEMORY-FILL-SUCC57-Z |
    CTORCONSTA2 (STEP-READ-MEMORY-FILL-SUCC57-AT,
    STEP-READ-MEMORY-FILL-SUCC57-I) STEP-READ-MEMORY-FILL-SUCC57-VAL
    CTORCONSTA2 (STEP-READ-MEMORY-FILL-SUCC57-AT,
    STEP-READ-MEMORY-FILL-SUCC57-N) CTORMEMORYFILLA1 (
    STEP-READ-MEMORY-FILL-SUCC57-X) >) => < STEP-READ-MEMORY-FILL-SUCC57-Z |
    CTORCONSTA2 (STEP-READ-MEMORY-FILL-SUCC57-AT,
    STEP-READ-MEMORY-FILL-SUCC57-I) STEP-READ-MEMORY-FILL-SUCC57-VAL
    CTORSTOREA4 (CTORI32A0, 8, STEP-READ-MEMORY-FILL-SUCC57-X, $memarg0)
    CTORCONSTA2 (STEP-READ-MEMORY-FILL-SUCC57-AT, ((
    STEP-READ-MEMORY-FILL-SUCC57-I + 1))) STEP-READ-MEMORY-FILL-SUCC57-VAL
    CTORCONSTA2 (STEP-READ-MEMORY-FILL-SUCC57-AT, ((
    STEP-READ-MEMORY-FILL-SUCC57-N - 1))) CTORMEMORYFILLA1 (
    STEP-READ-MEMORY-FILL-SUCC57-X) > if STEP-READ-MEMORY-FILL-SUCC57-AT :
    Addrtype /\ STEP-READ-MEMORY-FILL-SUCC57-VAL : Val /\
    STEP-READ-MEMORY-FILL-SUCC57-N : N /\ STEP-READ-MEMORY-FILL-SUCC57-X : Idx
    .
Warning: "output_bs.maude", line 7377 (mod SPECTEC-CORE): multiple distinct
    parses for statement
crl [step-read-memory-copy-le] : step (< STEP-READ-MEMORY-COPY-LE60-Z |
    CTORCONSTA2 (STEP-READ-MEMORY-COPY-LE60-AT1, STEP-READ-MEMORY-COPY-LE60-I1)
    CTORCONSTA2 (STEP-READ-MEMORY-COPY-LE60-AT2, STEP-READ-MEMORY-COPY-LE60-I2)
    CTORCONSTA2 (STEP-READ-MEMORY-COPY-LE60-ATQ, STEP-READ-MEMORY-COPY-LE60-N)
    CTORMEMORYCOPYA2 (STEP-READ-MEMORY-COPY-LE60-X1,
    STEP-READ-MEMORY-COPY-LE60-X2) >) => < STEP-READ-MEMORY-COPY-LE60-Z |
    CTORCONSTA2 (STEP-READ-MEMORY-COPY-LE60-AT1, STEP-READ-MEMORY-COPY-LE60-I1)
    CTORCONSTA2 (STEP-READ-MEMORY-COPY-LE60-AT2, STEP-READ-MEMORY-COPY-LE60-I2)
    CTORLOADA4 (CTORI32A0, (CTORANYA2 (8, CTORUA0)),
    STEP-READ-MEMORY-COPY-LE60-X2, $memarg0) CTORSTOREA4 (CTORI32A0, 8,
    STEP-READ-MEMORY-COPY-LE60-X1, $memarg0) CTORCONSTA2 (
    STEP-READ-MEMORY-COPY-LE60-AT1, ((STEP-READ-MEMORY-COPY-LE60-I1 + 1)))
    CTORCONSTA2 (STEP-READ-MEMORY-COPY-LE60-AT2, ((
    STEP-READ-MEMORY-COPY-LE60-I2 + 1))) CTORCONSTA2 (
    STEP-READ-MEMORY-COPY-LE60-ATQ, ((STEP-READ-MEMORY-COPY-LE60-N - 1)))
    CTORMEMORYCOPYA2 (STEP-READ-MEMORY-COPY-LE60-X1,
    STEP-READ-MEMORY-COPY-LE60-X2) > if ((STEP-READ-MEMORY-COPY-LE60-I1 <=
    STEP-READ-MEMORY-COPY-LE60-I2)) = true /\ STEP-READ-MEMORY-COPY-LE60-AT1 :
    Addrtype /\ STEP-READ-MEMORY-COPY-LE60-AT2 : Addrtype /\
    STEP-READ-MEMORY-COPY-LE60-ATQ : Addrtype /\ STEP-READ-MEMORY-COPY-LE60-N :
    N /\ STEP-READ-MEMORY-COPY-LE60-X1 : Idx /\ STEP-READ-MEMORY-COPY-LE60-X2 :
    Idx .
Warning: "output_bs.maude", line 7382 (mod SPECTEC-CORE): multiple distinct
    parses for statement
crl [step-read-memory-copy-gt] : step (< STEP-READ-MEMORY-COPY-GT61-Z |
    CTORCONSTA2 (STEP-READ-MEMORY-COPY-GT61-AT1, STEP-READ-MEMORY-COPY-GT61-I1)
    CTORCONSTA2 (STEP-READ-MEMORY-COPY-GT61-AT2, STEP-READ-MEMORY-COPY-GT61-I2)
    CTORCONSTA2 (STEP-READ-MEMORY-COPY-GT61-ATQ, STEP-READ-MEMORY-COPY-GT61-N)
    CTORMEMORYCOPYA2 (STEP-READ-MEMORY-COPY-GT61-X1,
    STEP-READ-MEMORY-COPY-GT61-X2) >) => < STEP-READ-MEMORY-COPY-GT61-Z |
    CTORCONSTA2 (STEP-READ-MEMORY-COPY-GT61-AT1, (((
    STEP-READ-MEMORY-COPY-GT61-I1 + STEP-READ-MEMORY-COPY-GT61-N) - 1)))
    CTORCONSTA2 (STEP-READ-MEMORY-COPY-GT61-AT2, (((
    STEP-READ-MEMORY-COPY-GT61-I2 + STEP-READ-MEMORY-COPY-GT61-N) - 1)))
    CTORLOADA4 (CTORI32A0, (CTORANYA2 (8, CTORUA0)),
    STEP-READ-MEMORY-COPY-GT61-X2, $memarg0) CTORSTOREA4 (CTORI32A0, 8,
    STEP-READ-MEMORY-COPY-GT61-X1, $memarg0) CTORCONSTA2 (
    STEP-READ-MEMORY-COPY-GT61-AT1, STEP-READ-MEMORY-COPY-GT61-I1) CTORCONSTA2
    (STEP-READ-MEMORY-COPY-GT61-AT2, STEP-READ-MEMORY-COPY-GT61-I2) CTORCONSTA2
    (STEP-READ-MEMORY-COPY-GT61-ATQ, ((STEP-READ-MEMORY-COPY-GT61-N - 1)))
    CTORMEMORYCOPYA2 (STEP-READ-MEMORY-COPY-GT61-X1,
    STEP-READ-MEMORY-COPY-GT61-X2) > if STEP-READ-MEMORY-COPY-GT61-AT1 :
    Addrtype /\ STEP-READ-MEMORY-COPY-GT61-AT2 : Addrtype /\
    STEP-READ-MEMORY-COPY-GT61-ATQ : Addrtype /\ STEP-READ-MEMORY-COPY-GT61-N :
    N /\ STEP-READ-MEMORY-COPY-GT61-X1 : Idx /\ STEP-READ-MEMORY-COPY-GT61-X2 :
    Idx .
Warning: "output_bs.maude", line 7397 (mod SPECTEC-CORE): multiple distinct
    parses for statement
crl [step-read-memory-init-succ] : step (< STEP-READ-MEMORY-INIT-SUCC64-Z |
    CTORCONSTA2 (STEP-READ-MEMORY-INIT-SUCC64-AT,
    STEP-READ-MEMORY-INIT-SUCC64-I) CTORCONSTA2 (CTORI32A0,
    STEP-READ-MEMORY-INIT-SUCC64-J) CTORCONSTA2 (CTORI32A0,
    STEP-READ-MEMORY-INIT-SUCC64-N) CTORMEMORYINITA2 (
    STEP-READ-MEMORY-INIT-SUCC64-X, STEP-READ-MEMORY-INIT-SUCC64-Y) >) => <
    STEP-READ-MEMORY-INIT-SUCC64-Z | CTORCONSTA2 (
    STEP-READ-MEMORY-INIT-SUCC64-AT, STEP-READ-MEMORY-INIT-SUCC64-I)
    CTORCONSTA2 (CTORI32A0, (index (value ('BYTES, $data (
    STEP-READ-MEMORY-INIT-SUCC64-Z, STEP-READ-MEMORY-INIT-SUCC64-Y)),
    STEP-READ-MEMORY-INIT-SUCC64-J))) CTORSTOREA4 (CTORI32A0, 8,
    STEP-READ-MEMORY-INIT-SUCC64-X, $memarg0) CTORCONSTA2 (
    STEP-READ-MEMORY-INIT-SUCC64-AT, ((STEP-READ-MEMORY-INIT-SUCC64-I + 1)))
    CTORCONSTA2 (CTORI32A0, ((STEP-READ-MEMORY-INIT-SUCC64-J + 1))) CTORCONSTA2
    (CTORI32A0, ((STEP-READ-MEMORY-INIT-SUCC64-N - 1))) CTORMEMORYINITA2 (
    STEP-READ-MEMORY-INIT-SUCC64-X, STEP-READ-MEMORY-INIT-SUCC64-Y) > if
    STEP-READ-MEMORY-INIT-SUCC64-AT : Addrtype /\
    STEP-READ-MEMORY-INIT-SUCC64-N : N /\ STEP-READ-MEMORY-INIT-SUCC64-X : Idx
    /\ STEP-READ-MEMORY-INIT-SUCC64-Y : Idx .
Warning: "output_bs.maude", line 7412 (mod SPECTEC-CORE): variable
    STEP-READ-REF-TEST-TRUE67-RTQ is used before it is bound in rule:
crl [step-read-ref-test-true] : step(< CTORSEMICOLONA2(
    STEP-READ-REF-TEST-TRUE67-S, STEP-READ-REF-TEST-TRUE67-F) |
    STEP-READ-REF-TEST-TRUE67-REF CTORREFTESTA1(STEP-READ-REF-TEST-TRUE67-RT)
    >) => < CTORSEMICOLONA2(STEP-READ-REF-TEST-TRUE67-S,
    STEP-READ-REF-TEST-TRUE67-F) | CTORCONSTA2(CTORI32A0, 1) > if Ref-ok(
    STEP-READ-REF-TEST-TRUE67-S, STEP-READ-REF-TEST-TRUE67-REF,
    STEP-READ-REF-TEST-TRUE67-RTQ) == valid = true /\ Reftype-sub({item('TYPES,
    eps) ; item('RECS, eps) ; item('TAGS, eps) ; item('GLOBALS, eps) ; item(
    'MEMS, eps) ; item('TABLES, eps) ; item('FUNCS, eps) ; item('DATAS, eps) ;
    item('ELEMS, eps) ; item('LOCALS, eps) ; item('LABELS, eps) ; item('RETURN,
    eps) ; item('REFS, eps)}, STEP-READ-REF-TEST-TRUE67-RTQ, $inst-reftype(
    value('MODULE, STEP-READ-REF-TEST-TRUE67-F), STEP-READ-REF-TEST-TRUE67-RT))
    == valid = true /\ STEP-READ-REF-TEST-TRUE67-S : Store /\
    STEP-READ-REF-TEST-TRUE67-F : Frame /\ STEP-READ-REF-TEST-TRUE67-REF : Ref
    /\ STEP-READ-REF-TEST-TRUE67-RT : Reftype /\ STEP-READ-REF-TEST-TRUE67-RTQ
    : Reftype .
Warning: "output_bs.maude", line 7422 (mod SPECTEC-CORE): variable
    STEP-READ-REF-CAST-SUCCEED69-RTQ is used before it is bound in rule:
crl [step-read-ref-cast-succeed] : step(< CTORSEMICOLONA2(
    STEP-READ-REF-CAST-SUCCEED69-S, STEP-READ-REF-CAST-SUCCEED69-F) |
    STEP-READ-REF-CAST-SUCCEED69-REF CTORREFCASTA1(
    STEP-READ-REF-CAST-SUCCEED69-RT) >) => < CTORSEMICOLONA2(
    STEP-READ-REF-CAST-SUCCEED69-S, STEP-READ-REF-CAST-SUCCEED69-F) |
    STEP-READ-REF-CAST-SUCCEED69-REF > if Ref-ok(
    STEP-READ-REF-CAST-SUCCEED69-S, STEP-READ-REF-CAST-SUCCEED69-REF,
    STEP-READ-REF-CAST-SUCCEED69-RTQ) == valid = true /\ Reftype-sub({item(
    'TYPES, eps) ; item('RECS, eps) ; item('TAGS, eps) ; item('GLOBALS, eps) ;
    item('MEMS, eps) ; item('TABLES, eps) ; item('FUNCS, eps) ; item('DATAS,
    eps) ; item('ELEMS, eps) ; item('LOCALS, eps) ; item('LABELS, eps) ; item(
    'RETURN, eps) ; item('REFS, eps)}, STEP-READ-REF-CAST-SUCCEED69-RTQ,
    $inst-reftype(value('MODULE, STEP-READ-REF-CAST-SUCCEED69-F),
    STEP-READ-REF-CAST-SUCCEED69-RT)) == valid = true /\
    STEP-READ-REF-CAST-SUCCEED69-S : Store /\ STEP-READ-REF-CAST-SUCCEED69-F :
    Frame /\ STEP-READ-REF-CAST-SUCCEED69-REF : Ref /\
    STEP-READ-REF-CAST-SUCCEED69-RT : Reftype /\
    STEP-READ-REF-CAST-SUCCEED69-RTQ : Reftype .
Warning: "output_bs.maude", line 7432 (mod SPECTEC-CORE): variable
    STEP-READ-STRUCT-NEW-DEFAULT71-VAL is used before it is bound in rule:
crl [step-read-struct-new-default] : step(< STEP-READ-STRUCT-NEW-DEFAULT71-Z |
    CTORSTRUCTNEWDEFAULTA1(STEP-READ-STRUCT-NEW-DEFAULT71-X) >) => <
    STEP-READ-STRUCT-NEW-DEFAULT71-Z | STEP-READ-STRUCT-NEW-DEFAULT71-VAL
    CTORSTRUCTNEWA1(STEP-READ-STRUCT-NEW-DEFAULT71-X) > if all-vals(
    STEP-READ-STRUCT-NEW-DEFAULT71-VAL) = true /\ Expand($type(
    STEP-READ-STRUCT-NEW-DEFAULT71-Z, STEP-READ-STRUCT-NEW-DEFAULT71-X),
    CTORSTRUCTA1(STEP-READ-STRUCT-NEW-DEFAULT71-MUT
    STEP-READ-STRUCT-NEW-DEFAULT71-ZT)) == valid = true /\ $default($unpack(
    STEP-READ-STRUCT-NEW-DEFAULT71-ZT)) == STEP-READ-STRUCT-NEW-DEFAULT71-VAL =
    true /\ STEP-READ-STRUCT-NEW-DEFAULT71-X : Idx .
Warning: "output_bs.maude", line 7442 (mod SPECTEC-CORE): variable
    STEP-READ-STRUCT-GET-STRUCT73-MUT is used before it is bound in rule:
crl [step-read-struct-get-struct] : step(< STEP-READ-STRUCT-GET-STRUCT73-Z |
    CTORREFSTRUCTADDRA1(STEP-READ-STRUCT-GET-STRUCT73-A) CTORSTRUCTGETA3(
    STEP-READ-STRUCT-GET-STRUCT73-SX, STEP-READ-STRUCT-GET-STRUCT73-X,
    STEP-READ-STRUCT-GET-STRUCT73-I) >) => < STEP-READ-STRUCT-GET-STRUCT73-Z |
    $unpackfield(index(STEP-READ-STRUCT-GET-STRUCT73-ZT,
    STEP-READ-STRUCT-GET-STRUCT73-I), STEP-READ-STRUCT-GET-STRUCT73-SX, index(
    value('FIELDS, index($structinst(STEP-READ-STRUCT-GET-STRUCT73-Z),
    STEP-READ-STRUCT-GET-STRUCT73-A)), STEP-READ-STRUCT-GET-STRUCT73-I)) > if
    Expand($type(STEP-READ-STRUCT-GET-STRUCT73-Z,
    STEP-READ-STRUCT-GET-STRUCT73-X), CTORSTRUCTA1(
    STEP-READ-STRUCT-GET-STRUCT73-MUT STEP-READ-STRUCT-GET-STRUCT73-ZT)) ==
    valid = true /\ STEP-READ-STRUCT-GET-STRUCT73-A : Addr /\
    STEP-READ-STRUCT-GET-STRUCT73-X : Idx /\ STEP-READ-STRUCT-GET-STRUCT73-I :
    U32 .
Warning: "output_bs.maude", line 7447 (mod SPECTEC-CORE): variable
    STEP-READ-ARRAY-NEW-DEFAULT74-MUT is used before it is bound in rule:
crl [step-read-array-new-default] : step(< STEP-READ-ARRAY-NEW-DEFAULT74-Z |
    CTORCONSTA2(CTORI32A0, STEP-READ-ARRAY-NEW-DEFAULT74-N)
    CTORARRAYNEWDEFAULTA1(STEP-READ-ARRAY-NEW-DEFAULT74-X) >) => <
    STEP-READ-ARRAY-NEW-DEFAULT74-Z | STEP-READ-ARRAY-NEW-DEFAULT74-VAL
    CTORARRAYNEWFIXEDA2(STEP-READ-ARRAY-NEW-DEFAULT74-X,
    STEP-READ-ARRAY-NEW-DEFAULT74-N) > if Expand($type(
    STEP-READ-ARRAY-NEW-DEFAULT74-Z, STEP-READ-ARRAY-NEW-DEFAULT74-X),
    CTORARRAYA1(STEP-READ-ARRAY-NEW-DEFAULT74-MUT
    STEP-READ-ARRAY-NEW-DEFAULT74-ZT)) == valid = true /\ $default($unpack(
    STEP-READ-ARRAY-NEW-DEFAULT74-ZT)) == STEP-READ-ARRAY-NEW-DEFAULT74-VAL =
    true /\ STEP-READ-ARRAY-NEW-DEFAULT74-N : N /\
    STEP-READ-ARRAY-NEW-DEFAULT74-X : Idx /\ STEP-READ-ARRAY-NEW-DEFAULT74-VAL
    : Val /\ STEP-READ-ARRAY-NEW-DEFAULT74-ZT : Storagetype .
Warning: "output_bs.maude", line 7462 (mod SPECTEC-CORE): variable
    STEP-READ-ARRAY-NEW-DATA-OOB77-ZT is used before it is bound in rule:
crl [step-read-array-new-data-oob] : step(< STEP-READ-ARRAY-NEW-DATA-OOB77-Z |
    CTORCONSTA2(CTORI32A0, STEP-READ-ARRAY-NEW-DATA-OOB77-I) CTORCONSTA2(
    CTORI32A0, STEP-READ-ARRAY-NEW-DATA-OOB77-N) CTORARRAYNEWDATAA2(
    STEP-READ-ARRAY-NEW-DATA-OOB77-X, STEP-READ-ARRAY-NEW-DATA-OOB77-Y) >) => <
    STEP-READ-ARRAY-NEW-DATA-OOB77-Z | CTORTRAPA0 > if
    STEP-READ-ARRAY-NEW-DATA-OOB77-I + (STEP-READ-ARRAY-NEW-DATA-OOB77-N *
    $zsize(STEP-READ-ARRAY-NEW-DATA-OOB77-ZT)) quo 8 > len(value('BYTES, $data(
    STEP-READ-ARRAY-NEW-DATA-OOB77-Z, STEP-READ-ARRAY-NEW-DATA-OOB77-Y))) =
    true /\ Expand($type(STEP-READ-ARRAY-NEW-DATA-OOB77-Z,
    STEP-READ-ARRAY-NEW-DATA-OOB77-X), CTORARRAYA1(
    STEP-READ-ARRAY-NEW-DATA-OOB77-MUT STEP-READ-ARRAY-NEW-DATA-OOB77-ZT)) ==
    valid = true /\ STEP-READ-ARRAY-NEW-DATA-OOB77-N : N /\
    STEP-READ-ARRAY-NEW-DATA-OOB77-X : Idx /\ STEP-READ-ARRAY-NEW-DATA-OOB77-Y
    : Idx /\ STEP-READ-ARRAY-NEW-DATA-OOB77-ZT : Storagetype .
Warning: "output_bs.maude", line 7467 (mod SPECTEC-CORE): variable
    STEP-READ-ARRAY-NEW-DATA-NUM78-MUT is used before it is bound in rule:
crl [step-read-array-new-data-num] : step(< STEP-READ-ARRAY-NEW-DATA-NUM78-Z |
    CTORCONSTA2(CTORI32A0, STEP-READ-ARRAY-NEW-DATA-NUM78-I) CTORCONSTA2(
    CTORI32A0, STEP-READ-ARRAY-NEW-DATA-NUM78-N) CTORARRAYNEWDATAA2(
    STEP-READ-ARRAY-NEW-DATA-NUM78-X, STEP-READ-ARRAY-NEW-DATA-NUM78-Y) >) => <
    STEP-READ-ARRAY-NEW-DATA-NUM78-Z | $const($cunpack(
    STEP-READ-ARRAY-NEW-DATA-NUM78-ZT), $cunpacknum(
    STEP-READ-ARRAY-NEW-DATA-NUM78-ZT, STEP-READ-ARRAY-NEW-DATA-NUM78-C))
    CTORARRAYNEWFIXEDA2(STEP-READ-ARRAY-NEW-DATA-NUM78-X,
    STEP-READ-ARRAY-NEW-DATA-NUM78-N) > if Expand($type(
    STEP-READ-ARRAY-NEW-DATA-NUM78-Z, STEP-READ-ARRAY-NEW-DATA-NUM78-X),
    CTORARRAYA1(STEP-READ-ARRAY-NEW-DATA-NUM78-MUT
    STEP-READ-ARRAY-NEW-DATA-NUM78-ZT)) == valid = true /\ $concatn(byte,
    $zbytes(STEP-READ-ARRAY-NEW-DATA-NUM78-ZT,
    STEP-READ-ARRAY-NEW-DATA-NUM78-C), $zsize(
    STEP-READ-ARRAY-NEW-DATA-NUM78-ZT) quo 8) == slice(value('BYTES, $data(
    STEP-READ-ARRAY-NEW-DATA-NUM78-Z, STEP-READ-ARRAY-NEW-DATA-NUM78-Y)),
    STEP-READ-ARRAY-NEW-DATA-NUM78-I, (STEP-READ-ARRAY-NEW-DATA-NUM78-N *
    $zsize(STEP-READ-ARRAY-NEW-DATA-NUM78-ZT)) quo 8) = true /\
    STEP-READ-ARRAY-NEW-DATA-NUM78-N : N /\ STEP-READ-ARRAY-NEW-DATA-NUM78-X :
    Idx /\ STEP-READ-ARRAY-NEW-DATA-NUM78-Y : Idx /\
    STEP-READ-ARRAY-NEW-DATA-NUM78-ZT : Storagetype .
Warning: "output_bs.maude", line 7482 (mod SPECTEC-CORE): variable
    STEP-READ-ARRAY-GET-ARRAY81-MUT is used before it is bound in rule:
crl [step-read-array-get-array] : step(< STEP-READ-ARRAY-GET-ARRAY81-Z |
    CTORREFARRAYADDRA1(STEP-READ-ARRAY-GET-ARRAY81-A) CTORCONSTA2(CTORI32A0,
    STEP-READ-ARRAY-GET-ARRAY81-I) CTORARRAYGETA2(
    STEP-READ-ARRAY-GET-ARRAY81-SX, STEP-READ-ARRAY-GET-ARRAY81-X) >) => <
    STEP-READ-ARRAY-GET-ARRAY81-Z | $unpackfield(
    STEP-READ-ARRAY-GET-ARRAY81-ZT, STEP-READ-ARRAY-GET-ARRAY81-SX, index(
    value('FIELDS, index($arrayinst(STEP-READ-ARRAY-GET-ARRAY81-Z),
    STEP-READ-ARRAY-GET-ARRAY81-A)), STEP-READ-ARRAY-GET-ARRAY81-I)) > if
    Expand($type(STEP-READ-ARRAY-GET-ARRAY81-Z, STEP-READ-ARRAY-GET-ARRAY81-X),
    CTORARRAYA1(STEP-READ-ARRAY-GET-ARRAY81-MUT
    STEP-READ-ARRAY-GET-ARRAY81-ZT)) == valid = true /\
    STEP-READ-ARRAY-GET-ARRAY81-A : Addr /\ STEP-READ-ARRAY-GET-ARRAY81-X : Idx
    /\ STEP-READ-ARRAY-GET-ARRAY81-ZT : Storagetype .
Warning: "output_bs.maude", line 7512 (mod SPECTEC-CORE): multiple distinct
    parses for statement
crl [step-read-array-fill-succ] : step (< STEP-READ-ARRAY-FILL-SUCC87-Z |
    CTORREFARRAYADDRA1 (STEP-READ-ARRAY-FILL-SUCC87-A) CTORCONSTA2 (CTORI32A0,
    STEP-READ-ARRAY-FILL-SUCC87-I) STEP-READ-ARRAY-FILL-SUCC87-VAL CTORCONSTA2
    (CTORI32A0, STEP-READ-ARRAY-FILL-SUCC87-N) CTORARRAYFILLA1 (
    STEP-READ-ARRAY-FILL-SUCC87-X) >) => < STEP-READ-ARRAY-FILL-SUCC87-Z |
    CTORREFARRAYADDRA1 (STEP-READ-ARRAY-FILL-SUCC87-A) CTORCONSTA2 (CTORI32A0,
    STEP-READ-ARRAY-FILL-SUCC87-I) STEP-READ-ARRAY-FILL-SUCC87-VAL
    CTORARRAYSETA1 (STEP-READ-ARRAY-FILL-SUCC87-X) CTORREFARRAYADDRA1 (
    STEP-READ-ARRAY-FILL-SUCC87-A) CTORCONSTA2 (CTORI32A0, ((
    STEP-READ-ARRAY-FILL-SUCC87-I + 1))) STEP-READ-ARRAY-FILL-SUCC87-VAL
    CTORCONSTA2 (CTORI32A0, ((STEP-READ-ARRAY-FILL-SUCC87-N - 1)))
    CTORARRAYFILLA1 (STEP-READ-ARRAY-FILL-SUCC87-X) > if
    STEP-READ-ARRAY-FILL-SUCC87-A : Addr /\ STEP-READ-ARRAY-FILL-SUCC87-VAL :
    Val /\ STEP-READ-ARRAY-FILL-SUCC87-N : N /\ STEP-READ-ARRAY-FILL-SUCC87-X :
    Idx .
Warning: "output_bs.maude", line 7542 (mod SPECTEC-CORE): multiple distinct
    parses for statement
crl [step-read-array-copy-le] : step (< STEP-READ-ARRAY-COPY-LE93-Z |
    CTORREFARRAYADDRA1 (STEP-READ-ARRAY-COPY-LE93-A1) CTORCONSTA2 (CTORI32A0,
    STEP-READ-ARRAY-COPY-LE93-I1) CTORREFARRAYADDRA1 (
    STEP-READ-ARRAY-COPY-LE93-A2) CTORCONSTA2 (CTORI32A0,
    STEP-READ-ARRAY-COPY-LE93-I2) CTORCONSTA2 (CTORI32A0,
    STEP-READ-ARRAY-COPY-LE93-N) CTORARRAYCOPYA2 (STEP-READ-ARRAY-COPY-LE93-X1,
    STEP-READ-ARRAY-COPY-LE93-X2) >) => < STEP-READ-ARRAY-COPY-LE93-Z |
    CTORREFARRAYADDRA1 (STEP-READ-ARRAY-COPY-LE93-A1) CTORCONSTA2 (CTORI32A0,
    STEP-READ-ARRAY-COPY-LE93-I1) CTORREFARRAYADDRA1 (
    STEP-READ-ARRAY-COPY-LE93-A2) CTORCONSTA2 (CTORI32A0,
    STEP-READ-ARRAY-COPY-LE93-I2) CTORARRAYGETA2 (STEP-READ-ARRAY-COPY-LE93-SX,
    STEP-READ-ARRAY-COPY-LE93-X2) CTORARRAYSETA1 (STEP-READ-ARRAY-COPY-LE93-X1)
    CTORREFARRAYADDRA1 (STEP-READ-ARRAY-COPY-LE93-A1) CTORCONSTA2 (CTORI32A0, (
    (STEP-READ-ARRAY-COPY-LE93-I1 + 1))) CTORREFARRAYADDRA1 (
    STEP-READ-ARRAY-COPY-LE93-A2) CTORCONSTA2 (CTORI32A0, ((
    STEP-READ-ARRAY-COPY-LE93-I2 + 1))) CTORCONSTA2 (CTORI32A0, ((
    STEP-READ-ARRAY-COPY-LE93-N - 1))) CTORARRAYCOPYA2 (
    STEP-READ-ARRAY-COPY-LE93-X1, STEP-READ-ARRAY-COPY-LE93-X2) > if ((
    STEP-READ-ARRAY-COPY-LE93-I1 <= STEP-READ-ARRAY-COPY-LE93-I2)) = true /\ (
    Expand (($type (STEP-READ-ARRAY-COPY-LE93-Z,
    STEP-READ-ARRAY-COPY-LE93-X2)), (CTORARRAYA1 ((
    STEP-READ-ARRAY-COPY-LE93-MUT STEP-READ-ARRAY-COPY-LE93-ZT2)))) == valid) =
    true /\ ((STEP-READ-ARRAY-COPY-LE93-SX == $sx (
    STEP-READ-ARRAY-COPY-LE93-ZT2))) = true /\ STEP-READ-ARRAY-COPY-LE93-A1 :
    Addr /\ STEP-READ-ARRAY-COPY-LE93-A2 : Addr /\ STEP-READ-ARRAY-COPY-LE93-N
    : N /\ STEP-READ-ARRAY-COPY-LE93-X1 : Idx /\ STEP-READ-ARRAY-COPY-LE93-X2 :
    Idx /\ STEP-READ-ARRAY-COPY-LE93-ZT2 : Storagetype .
Warning: "output_bs.maude", line 7542 (mod SPECTEC-CORE): variable
    STEP-READ-ARRAY-COPY-LE93-MUT is used before it is bound in rule:
crl [step-read-array-copy-le] : step(< STEP-READ-ARRAY-COPY-LE93-Z |
    CTORREFARRAYADDRA1(STEP-READ-ARRAY-COPY-LE93-A1) CTORCONSTA2(CTORI32A0,
    STEP-READ-ARRAY-COPY-LE93-I1) CTORREFARRAYADDRA1(
    STEP-READ-ARRAY-COPY-LE93-A2) CTORCONSTA2(CTORI32A0,
    STEP-READ-ARRAY-COPY-LE93-I2) CTORCONSTA2(CTORI32A0,
    STEP-READ-ARRAY-COPY-LE93-N) CTORARRAYCOPYA2(STEP-READ-ARRAY-COPY-LE93-X1,
    STEP-READ-ARRAY-COPY-LE93-X2) >) => < STEP-READ-ARRAY-COPY-LE93-Z |
    CTORREFARRAYADDRA1(STEP-READ-ARRAY-COPY-LE93-A1) CTORCONSTA2(CTORI32A0,
    STEP-READ-ARRAY-COPY-LE93-I1) CTORREFARRAYADDRA1(
    STEP-READ-ARRAY-COPY-LE93-A2) CTORCONSTA2(CTORI32A0,
    STEP-READ-ARRAY-COPY-LE93-I2) CTORARRAYGETA2(STEP-READ-ARRAY-COPY-LE93-SX,
    STEP-READ-ARRAY-COPY-LE93-X2) CTORARRAYSETA1(STEP-READ-ARRAY-COPY-LE93-X1)
    CTORREFARRAYADDRA1(STEP-READ-ARRAY-COPY-LE93-A1) CTORCONSTA2(CTORI32A0,
    STEP-READ-ARRAY-COPY-LE93-I1 + 1) CTORREFARRAYADDRA1(
    STEP-READ-ARRAY-COPY-LE93-A2) CTORCONSTA2(CTORI32A0,
    STEP-READ-ARRAY-COPY-LE93-I2 + 1) CTORCONSTA2(CTORI32A0,
    STEP-READ-ARRAY-COPY-LE93-N - 1) CTORARRAYCOPYA2(
    STEP-READ-ARRAY-COPY-LE93-X1, STEP-READ-ARRAY-COPY-LE93-X2) > if
    STEP-READ-ARRAY-COPY-LE93-I1 <= STEP-READ-ARRAY-COPY-LE93-I2 = true /\
    Expand($type(STEP-READ-ARRAY-COPY-LE93-Z, STEP-READ-ARRAY-COPY-LE93-X2),
    CTORARRAYA1(STEP-READ-ARRAY-COPY-LE93-MUT STEP-READ-ARRAY-COPY-LE93-ZT2))
    == valid = true /\ STEP-READ-ARRAY-COPY-LE93-SX == $sx(
    STEP-READ-ARRAY-COPY-LE93-ZT2) = true /\ STEP-READ-ARRAY-COPY-LE93-A1 :
    Addr /\ STEP-READ-ARRAY-COPY-LE93-A2 : Addr /\ STEP-READ-ARRAY-COPY-LE93-N
    : N /\ STEP-READ-ARRAY-COPY-LE93-X1 : Idx /\ STEP-READ-ARRAY-COPY-LE93-X2 :
    Idx /\ STEP-READ-ARRAY-COPY-LE93-ZT2 : Storagetype .
Warning: "output_bs.maude", line 7547 (mod SPECTEC-CORE): multiple distinct
    parses for statement
crl [step-read-array-copy-gt] : step (< STEP-READ-ARRAY-COPY-GT94-Z |
    CTORREFARRAYADDRA1 (STEP-READ-ARRAY-COPY-GT94-A1) CTORCONSTA2 (CTORI32A0,
    STEP-READ-ARRAY-COPY-GT94-I1) CTORREFARRAYADDRA1 (
    STEP-READ-ARRAY-COPY-GT94-A2) CTORCONSTA2 (CTORI32A0,
    STEP-READ-ARRAY-COPY-GT94-I2) CTORCONSTA2 (CTORI32A0,
    STEP-READ-ARRAY-COPY-GT94-N) CTORARRAYCOPYA2 (STEP-READ-ARRAY-COPY-GT94-X1,
    STEP-READ-ARRAY-COPY-GT94-X2) >) => < STEP-READ-ARRAY-COPY-GT94-Z |
    CTORREFARRAYADDRA1 (STEP-READ-ARRAY-COPY-GT94-A1) CTORCONSTA2 (CTORI32A0, (
    ((STEP-READ-ARRAY-COPY-GT94-I1 + STEP-READ-ARRAY-COPY-GT94-N) - 1)))
    CTORREFARRAYADDRA1 (STEP-READ-ARRAY-COPY-GT94-A2) CTORCONSTA2 (CTORI32A0, (
    ((STEP-READ-ARRAY-COPY-GT94-I2 + STEP-READ-ARRAY-COPY-GT94-N) - 1)))
    CTORARRAYGETA2 (STEP-READ-ARRAY-COPY-GT94-SX, STEP-READ-ARRAY-COPY-GT94-X2)
    CTORARRAYSETA1 (STEP-READ-ARRAY-COPY-GT94-X1) CTORREFARRAYADDRA1 (
    STEP-READ-ARRAY-COPY-GT94-A1) CTORCONSTA2 (CTORI32A0,
    STEP-READ-ARRAY-COPY-GT94-I1) CTORREFARRAYADDRA1 (
    STEP-READ-ARRAY-COPY-GT94-A2) CTORCONSTA2 (CTORI32A0,
    STEP-READ-ARRAY-COPY-GT94-I2) CTORCONSTA2 (CTORI32A0, ((
    STEP-READ-ARRAY-COPY-GT94-N - 1))) CTORARRAYCOPYA2 (
    STEP-READ-ARRAY-COPY-GT94-X1, STEP-READ-ARRAY-COPY-GT94-X2) > if (Expand ((
    $type (STEP-READ-ARRAY-COPY-GT94-Z, STEP-READ-ARRAY-COPY-GT94-X2)), (
    CTORARRAYA1 ((STEP-READ-ARRAY-COPY-GT94-MUT
    STEP-READ-ARRAY-COPY-GT94-ZT2)))) == valid) = true /\ ((
    STEP-READ-ARRAY-COPY-GT94-SX == $sx (STEP-READ-ARRAY-COPY-GT94-ZT2))) =
    true /\ STEP-READ-ARRAY-COPY-GT94-A1 : Addr /\ STEP-READ-ARRAY-COPY-GT94-A2
    : Addr /\ STEP-READ-ARRAY-COPY-GT94-N : N /\ STEP-READ-ARRAY-COPY-GT94-X1 :
    Idx /\ STEP-READ-ARRAY-COPY-GT94-X2 : Idx /\ STEP-READ-ARRAY-COPY-GT94-ZT2
    : Storagetype .
Warning: "output_bs.maude", line 7547 (mod SPECTEC-CORE): variable
    STEP-READ-ARRAY-COPY-GT94-MUT is used before it is bound in rule:
crl [step-read-array-copy-gt] : step(< STEP-READ-ARRAY-COPY-GT94-Z |
    CTORREFARRAYADDRA1(STEP-READ-ARRAY-COPY-GT94-A1) CTORCONSTA2(CTORI32A0,
    STEP-READ-ARRAY-COPY-GT94-I1) CTORREFARRAYADDRA1(
    STEP-READ-ARRAY-COPY-GT94-A2) CTORCONSTA2(CTORI32A0,
    STEP-READ-ARRAY-COPY-GT94-I2) CTORCONSTA2(CTORI32A0,
    STEP-READ-ARRAY-COPY-GT94-N) CTORARRAYCOPYA2(STEP-READ-ARRAY-COPY-GT94-X1,
    STEP-READ-ARRAY-COPY-GT94-X2) >) => < STEP-READ-ARRAY-COPY-GT94-Z |
    CTORREFARRAYADDRA1(STEP-READ-ARRAY-COPY-GT94-A1) CTORCONSTA2(CTORI32A0, (
    STEP-READ-ARRAY-COPY-GT94-I1 + STEP-READ-ARRAY-COPY-GT94-N) - 1)
    CTORREFARRAYADDRA1(STEP-READ-ARRAY-COPY-GT94-A2) CTORCONSTA2(CTORI32A0, (
    STEP-READ-ARRAY-COPY-GT94-I2 + STEP-READ-ARRAY-COPY-GT94-N) - 1)
    CTORARRAYGETA2(STEP-READ-ARRAY-COPY-GT94-SX, STEP-READ-ARRAY-COPY-GT94-X2)
    CTORARRAYSETA1(STEP-READ-ARRAY-COPY-GT94-X1) CTORREFARRAYADDRA1(
    STEP-READ-ARRAY-COPY-GT94-A1) CTORCONSTA2(CTORI32A0,
    STEP-READ-ARRAY-COPY-GT94-I1) CTORREFARRAYADDRA1(
    STEP-READ-ARRAY-COPY-GT94-A2) CTORCONSTA2(CTORI32A0,
    STEP-READ-ARRAY-COPY-GT94-I2) CTORCONSTA2(CTORI32A0,
    STEP-READ-ARRAY-COPY-GT94-N - 1) CTORARRAYCOPYA2(
    STEP-READ-ARRAY-COPY-GT94-X1, STEP-READ-ARRAY-COPY-GT94-X2) > if Expand(
    $type(STEP-READ-ARRAY-COPY-GT94-Z, STEP-READ-ARRAY-COPY-GT94-X2),
    CTORARRAYA1(STEP-READ-ARRAY-COPY-GT94-MUT STEP-READ-ARRAY-COPY-GT94-ZT2))
    == valid = true /\ STEP-READ-ARRAY-COPY-GT94-SX == $sx(
    STEP-READ-ARRAY-COPY-GT94-ZT2) = true /\ STEP-READ-ARRAY-COPY-GT94-A1 :
    Addr /\ STEP-READ-ARRAY-COPY-GT94-A2 : Addr /\ STEP-READ-ARRAY-COPY-GT94-N
    : N /\ STEP-READ-ARRAY-COPY-GT94-X1 : Idx /\ STEP-READ-ARRAY-COPY-GT94-X2 :
    Idx /\ STEP-READ-ARRAY-COPY-GT94-ZT2 : Storagetype .
Warning: "output_bs.maude", line 7572 (mod SPECTEC-CORE): multiple distinct
    parses for statement
crl [step-read-array-init-elem-succ] : step (<
    STEP-READ-ARRAY-INIT-ELEM-SUCC99-Z | CTORREFARRAYADDRA1 (
    STEP-READ-ARRAY-INIT-ELEM-SUCC99-A) CTORCONSTA2 (CTORI32A0,
    STEP-READ-ARRAY-INIT-ELEM-SUCC99-I) CTORCONSTA2 (CTORI32A0,
    STEP-READ-ARRAY-INIT-ELEM-SUCC99-J) CTORCONSTA2 (CTORI32A0,
    STEP-READ-ARRAY-INIT-ELEM-SUCC99-N) CTORARRAYINITELEMA2 (
    STEP-READ-ARRAY-INIT-ELEM-SUCC99-X, STEP-READ-ARRAY-INIT-ELEM-SUCC99-Y) >)
    => < STEP-READ-ARRAY-INIT-ELEM-SUCC99-Z | CTORREFARRAYADDRA1 (
    STEP-READ-ARRAY-INIT-ELEM-SUCC99-A) CTORCONSTA2 (CTORI32A0,
    STEP-READ-ARRAY-INIT-ELEM-SUCC99-I) STEP-READ-ARRAY-INIT-ELEM-SUCC99-REF
    CTORARRAYSETA1 (STEP-READ-ARRAY-INIT-ELEM-SUCC99-X) CTORREFARRAYADDRA1 (
    STEP-READ-ARRAY-INIT-ELEM-SUCC99-A) CTORCONSTA2 (CTORI32A0, ((
    STEP-READ-ARRAY-INIT-ELEM-SUCC99-I + 1))) CTORCONSTA2 (CTORI32A0, ((
    STEP-READ-ARRAY-INIT-ELEM-SUCC99-J + 1))) CTORCONSTA2 (CTORI32A0, ((
    STEP-READ-ARRAY-INIT-ELEM-SUCC99-N - 1))) CTORARRAYINITELEMA2 (
    STEP-READ-ARRAY-INIT-ELEM-SUCC99-X, STEP-READ-ARRAY-INIT-ELEM-SUCC99-Y) >
    if STEP-READ-ARRAY-INIT-ELEM-SUCC99-REF := index (value ('REFS, $elem (
    STEP-READ-ARRAY-INIT-ELEM-SUCC99-Z, STEP-READ-ARRAY-INIT-ELEM-SUCC99-Y)),
    STEP-READ-ARRAY-INIT-ELEM-SUCC99-J) /\ STEP-READ-ARRAY-INIT-ELEM-SUCC99-A :
    Addr /\ STEP-READ-ARRAY-INIT-ELEM-SUCC99-N : N /\
    STEP-READ-ARRAY-INIT-ELEM-SUCC99-X : Idx /\
    STEP-READ-ARRAY-INIT-ELEM-SUCC99-Y : Idx /\
    STEP-READ-ARRAY-INIT-ELEM-SUCC99-REF : Ref .
Warning: "output_bs.maude", line 7587 (mod SPECTEC-CORE): variable
    STEP-READ-ARRAY-INIT-DATA-OOB2102-ZT is used before it is bound in rule:
crl [step-read-array-init-data-oob2] : step(<
    STEP-READ-ARRAY-INIT-DATA-OOB2102-Z | CTORREFARRAYADDRA1(
    STEP-READ-ARRAY-INIT-DATA-OOB2102-A) CTORCONSTA2(CTORI32A0,
    STEP-READ-ARRAY-INIT-DATA-OOB2102-I) CTORCONSTA2(CTORI32A0,
    STEP-READ-ARRAY-INIT-DATA-OOB2102-J) CTORCONSTA2(CTORI32A0,
    STEP-READ-ARRAY-INIT-DATA-OOB2102-N) CTORARRAYINITDATAA2(
    STEP-READ-ARRAY-INIT-DATA-OOB2102-X, STEP-READ-ARRAY-INIT-DATA-OOB2102-Y)
    >) => < STEP-READ-ARRAY-INIT-DATA-OOB2102-Z | CTORTRAPA0 > if
    STEP-READ-ARRAY-INIT-DATA-OOB2102-J + (STEP-READ-ARRAY-INIT-DATA-OOB2102-N
    * $zsize(STEP-READ-ARRAY-INIT-DATA-OOB2102-ZT)) quo 8 > len(value('BYTES,
    $data(STEP-READ-ARRAY-INIT-DATA-OOB2102-Z,
    STEP-READ-ARRAY-INIT-DATA-OOB2102-Y))) = true /\ Expand($type(
    STEP-READ-ARRAY-INIT-DATA-OOB2102-Z, STEP-READ-ARRAY-INIT-DATA-OOB2102-X),
    CTORARRAYA1(STEP-READ-ARRAY-INIT-DATA-OOB2102-MUT
    STEP-READ-ARRAY-INIT-DATA-OOB2102-ZT)) == valid = true /\
    STEP-READ-ARRAY-INIT-DATA-OOB2102-A : Addr /\
    STEP-READ-ARRAY-INIT-DATA-OOB2102-N : N /\
    STEP-READ-ARRAY-INIT-DATA-OOB2102-X : Idx /\
    STEP-READ-ARRAY-INIT-DATA-OOB2102-Y : Idx /\
    STEP-READ-ARRAY-INIT-DATA-OOB2102-ZT : Storagetype .
Warning: "output_bs.maude", line 7597 (mod SPECTEC-CORE): multiple distinct
    parses for statement
crl [step-read-array-init-data-num] : step (<
    STEP-READ-ARRAY-INIT-DATA-NUM104-Z | CTORREFARRAYADDRA1 (
    STEP-READ-ARRAY-INIT-DATA-NUM104-A) CTORCONSTA2 (CTORI32A0,
    STEP-READ-ARRAY-INIT-DATA-NUM104-I) CTORCONSTA2 (CTORI32A0,
    STEP-READ-ARRAY-INIT-DATA-NUM104-J) CTORCONSTA2 (CTORI32A0,
    STEP-READ-ARRAY-INIT-DATA-NUM104-N) CTORARRAYINITDATAA2 (
    STEP-READ-ARRAY-INIT-DATA-NUM104-X, STEP-READ-ARRAY-INIT-DATA-NUM104-Y) >)
    => < STEP-READ-ARRAY-INIT-DATA-NUM104-Z | CTORREFARRAYADDRA1 (
    STEP-READ-ARRAY-INIT-DATA-NUM104-A) CTORCONSTA2 (CTORI32A0,
    STEP-READ-ARRAY-INIT-DATA-NUM104-I) $const (($cunpack (
    STEP-READ-ARRAY-INIT-DATA-NUM104-ZT)), ($cunpacknum (
    STEP-READ-ARRAY-INIT-DATA-NUM104-ZT, STEP-READ-ARRAY-INIT-DATA-NUM104-C)))
    CTORARRAYSETA1 (STEP-READ-ARRAY-INIT-DATA-NUM104-X) CTORREFARRAYADDRA1 (
    STEP-READ-ARRAY-INIT-DATA-NUM104-A) CTORCONSTA2 (CTORI32A0, ((
    STEP-READ-ARRAY-INIT-DATA-NUM104-I + 1))) CTORCONSTA2 (CTORI32A0, ((
    STEP-READ-ARRAY-INIT-DATA-NUM104-J + ($zsize (
    STEP-READ-ARRAY-INIT-DATA-NUM104-ZT) quo 8)))) CTORCONSTA2 (CTORI32A0, ((
    STEP-READ-ARRAY-INIT-DATA-NUM104-N - 1))) CTORARRAYINITDATAA2 (
    STEP-READ-ARRAY-INIT-DATA-NUM104-X, STEP-READ-ARRAY-INIT-DATA-NUM104-Y) >
    if (Expand (($type (STEP-READ-ARRAY-INIT-DATA-NUM104-Z,
    STEP-READ-ARRAY-INIT-DATA-NUM104-X)), (CTORARRAYA1 ((
    STEP-READ-ARRAY-INIT-DATA-NUM104-MUT
    STEP-READ-ARRAY-INIT-DATA-NUM104-ZT)))) == valid) = true /\ (($zbytes (
    STEP-READ-ARRAY-INIT-DATA-NUM104-ZT, STEP-READ-ARRAY-INIT-DATA-NUM104-C) ==
    slice (value ('BYTES, $data (STEP-READ-ARRAY-INIT-DATA-NUM104-Z,
    STEP-READ-ARRAY-INIT-DATA-NUM104-Y)), STEP-READ-ARRAY-INIT-DATA-NUM104-J, (
    $zsize (STEP-READ-ARRAY-INIT-DATA-NUM104-ZT) quo 8)))) = true /\
    STEP-READ-ARRAY-INIT-DATA-NUM104-A : Addr /\
    STEP-READ-ARRAY-INIT-DATA-NUM104-N : N /\
    STEP-READ-ARRAY-INIT-DATA-NUM104-X : Idx /\
    STEP-READ-ARRAY-INIT-DATA-NUM104-Y : Idx /\
    STEP-READ-ARRAY-INIT-DATA-NUM104-ZT : Storagetype .
Warning: "output_bs.maude", line 7597 (mod SPECTEC-CORE): variable
    STEP-READ-ARRAY-INIT-DATA-NUM104-MUT is used before it is bound in rule:
crl [step-read-array-init-data-num] : step(< STEP-READ-ARRAY-INIT-DATA-NUM104-Z
    | CTORREFARRAYADDRA1(STEP-READ-ARRAY-INIT-DATA-NUM104-A) CTORCONSTA2(
    CTORI32A0, STEP-READ-ARRAY-INIT-DATA-NUM104-I) CTORCONSTA2(CTORI32A0,
    STEP-READ-ARRAY-INIT-DATA-NUM104-J) CTORCONSTA2(CTORI32A0,
    STEP-READ-ARRAY-INIT-DATA-NUM104-N) CTORARRAYINITDATAA2(
    STEP-READ-ARRAY-INIT-DATA-NUM104-X, STEP-READ-ARRAY-INIT-DATA-NUM104-Y) >)
    => < STEP-READ-ARRAY-INIT-DATA-NUM104-Z | CTORREFARRAYADDRA1(
    STEP-READ-ARRAY-INIT-DATA-NUM104-A) CTORCONSTA2(CTORI32A0,
    STEP-READ-ARRAY-INIT-DATA-NUM104-I) $const($cunpack(
    STEP-READ-ARRAY-INIT-DATA-NUM104-ZT), $cunpacknum(
    STEP-READ-ARRAY-INIT-DATA-NUM104-ZT, STEP-READ-ARRAY-INIT-DATA-NUM104-C))
    CTORARRAYSETA1(STEP-READ-ARRAY-INIT-DATA-NUM104-X) CTORREFARRAYADDRA1(
    STEP-READ-ARRAY-INIT-DATA-NUM104-A) CTORCONSTA2(CTORI32A0,
    STEP-READ-ARRAY-INIT-DATA-NUM104-I + 1) CTORCONSTA2(CTORI32A0,
    STEP-READ-ARRAY-INIT-DATA-NUM104-J + $zsize(
    STEP-READ-ARRAY-INIT-DATA-NUM104-ZT) quo 8) CTORCONSTA2(CTORI32A0,
    STEP-READ-ARRAY-INIT-DATA-NUM104-N - 1) CTORARRAYINITDATAA2(
    STEP-READ-ARRAY-INIT-DATA-NUM104-X, STEP-READ-ARRAY-INIT-DATA-NUM104-Y) >
    if Expand($type(STEP-READ-ARRAY-INIT-DATA-NUM104-Z,
    STEP-READ-ARRAY-INIT-DATA-NUM104-X), CTORARRAYA1(
    STEP-READ-ARRAY-INIT-DATA-NUM104-MUT STEP-READ-ARRAY-INIT-DATA-NUM104-ZT))
    == valid = true /\ $zbytes(STEP-READ-ARRAY-INIT-DATA-NUM104-ZT,
    STEP-READ-ARRAY-INIT-DATA-NUM104-C) == slice(value('BYTES, $data(
    STEP-READ-ARRAY-INIT-DATA-NUM104-Z, STEP-READ-ARRAY-INIT-DATA-NUM104-Y)),
    STEP-READ-ARRAY-INIT-DATA-NUM104-J, $zsize(
    STEP-READ-ARRAY-INIT-DATA-NUM104-ZT) quo 8) = true /\
    STEP-READ-ARRAY-INIT-DATA-NUM104-A : Addr /\
    STEP-READ-ARRAY-INIT-DATA-NUM104-N : N /\
    STEP-READ-ARRAY-INIT-DATA-NUM104-X : Idx /\
    STEP-READ-ARRAY-INIT-DATA-NUM104-Y : Idx /\
    STEP-READ-ARRAY-INIT-DATA-NUM104-ZT : Storagetype .
Warning: "output_bs.maude", line 7623 (mod SPECTEC-CORE): variable
    STEP-THROW6-T is used before it is bound in rule:
crl [step-throw] : step(< STEP-THROW6-Z | STEP-THROW6-VAL CTORTHROWA1(
    STEP-THROW6-X) >) => < $add-exninst(STEP-THROW6-Z, STEP-THROW6-EXN) |
    CTORREFEXNADDRA1(STEP-THROW6-A) CTORTHROWREFA0 > if STEP-THROW6-A := len(
    $exninst(STEP-THROW6-Z)) /\ STEP-THROW6-EXN := {item('TAG, index($tagaddr(
    STEP-THROW6-Z), STEP-THROW6-X)) ; item('FIELDS, STEP-THROW6-VAL)} /\
    STEP-THROW6-N := len(STEP-THROW6-T) /\ all-vals(STEP-THROW6-VAL) = true /\
    Expand($as-deftype(value('TYPE, $tag(STEP-THROW6-Z, STEP-THROW6-X))),
    CTORFUNCARROWA2(STEP-THROW6-T, eps)) == valid = true /\ STEP-THROW6-X : Idx
    /\ STEP-THROW6-EXN : Exninst /\ STEP-THROW6-A : Addr .
Warning: "output_bs.maude", line 7653 (mod SPECTEC-CORE): multiple distinct
    parses for statement
crl [step-table-grow-fail] : step (< STEP-TABLE-GROW-FAIL12-Z |
    STEP-TABLE-GROW-FAIL12-REF CTORCONSTA2 (STEP-TABLE-GROW-FAIL12-AT,
    STEP-TABLE-GROW-FAIL12-N) CTORTABLEGROWA1 (STEP-TABLE-GROW-FAIL12-X) >) =>
    < STEP-TABLE-GROW-FAIL12-Z | CTORCONSTA2 (STEP-TABLE-GROW-FAIL12-AT, (
    $inv-signed (($size (STEP-TABLE-GROW-FAIL12-AT)), ((0 - (1)))))) > if
    STEP-TABLE-GROW-FAIL12-REF : Ref /\ STEP-TABLE-GROW-FAIL12-AT : Addrtype /\
    STEP-TABLE-GROW-FAIL12-N : N /\ STEP-TABLE-GROW-FAIL12-X : Idx .
Warning: "output_bs.maude", line 7708 (mod SPECTEC-CORE): multiple distinct
    parses for statement
crl [step-memory-grow-fail] : step (< STEP-MEMORY-GROW-FAIL23-Z | CTORCONSTA2 (
    STEP-MEMORY-GROW-FAIL23-AT, STEP-MEMORY-GROW-FAIL23-N) CTORMEMORYGROWA1 (
    STEP-MEMORY-GROW-FAIL23-X) >) => < STEP-MEMORY-GROW-FAIL23-Z | CTORCONSTA2
    (STEP-MEMORY-GROW-FAIL23-AT, ($inv-signed (($size (
    STEP-MEMORY-GROW-FAIL23-AT)), ((0 - (1)))))) > if
    STEP-MEMORY-GROW-FAIL23-AT : Addrtype /\ STEP-MEMORY-GROW-FAIL23-N : N /\
    STEP-MEMORY-GROW-FAIL23-X : Idx .
Warning: "output_bs.maude", line 7718 (mod SPECTEC-CORE): variable
    STEP-STRUCT-NEW25-MUT is used before it is bound in rule:
crl [step-struct-new] : step(< STEP-STRUCT-NEW25-Z | STEP-STRUCT-NEW25-VAL
    CTORSTRUCTNEWA1(STEP-STRUCT-NEW25-X) >) => < $add-structinst(
    STEP-STRUCT-NEW25-Z, STEP-STRUCT-NEW25-SI) | CTORREFSTRUCTADDRA1(
    STEP-STRUCT-NEW25-A) > if STEP-STRUCT-NEW25-A := len($structinst(
    STEP-STRUCT-NEW25-Z)) /\ all-vals(STEP-STRUCT-NEW25-VAL) = true /\ Expand(
    $type(STEP-STRUCT-NEW25-Z, STEP-STRUCT-NEW25-X), CTORSTRUCTA1(
    STEP-STRUCT-NEW25-MUT STEP-STRUCT-NEW25-ZT)) == valid = true /\
    STEP-STRUCT-NEW25-SI == {item('TYPE, $type(STEP-STRUCT-NEW25-Z,
    STEP-STRUCT-NEW25-X)) ; item('FIELDS, $packfield(STEP-STRUCT-NEW25-ZT,
    STEP-STRUCT-NEW25-VAL))} = true /\ STEP-STRUCT-NEW25-X : Idx /\
    STEP-STRUCT-NEW25-SI : Structinst /\ STEP-STRUCT-NEW25-A : Addr .
Warning: "output_bs.maude", line 7728 (mod SPECTEC-CORE): variable
    STEP-STRUCT-SET-STRUCT27-MUT is used before it is bound in rule:
crl [step-struct-set-struct] : step(< STEP-STRUCT-SET-STRUCT27-Z |
    CTORREFSTRUCTADDRA1(STEP-STRUCT-SET-STRUCT27-A)
    STEP-STRUCT-SET-STRUCT27-VAL CTORSTRUCTSETA2(STEP-STRUCT-SET-STRUCT27-X,
    STEP-STRUCT-SET-STRUCT27-I) >) => < $with-struct(
    STEP-STRUCT-SET-STRUCT27-Z, STEP-STRUCT-SET-STRUCT27-A,
    STEP-STRUCT-SET-STRUCT27-I, $packfield(index(STEP-STRUCT-SET-STRUCT27-ZT,
    STEP-STRUCT-SET-STRUCT27-I), STEP-STRUCT-SET-STRUCT27-VAL)) | eps > if
    Expand($type(STEP-STRUCT-SET-STRUCT27-Z, STEP-STRUCT-SET-STRUCT27-X),
    CTORSTRUCTA1(STEP-STRUCT-SET-STRUCT27-MUT STEP-STRUCT-SET-STRUCT27-ZT)) ==
    valid = true /\ STEP-STRUCT-SET-STRUCT27-A : Addr /\
    STEP-STRUCT-SET-STRUCT27-VAL : Val /\ STEP-STRUCT-SET-STRUCT27-X : Idx /\
    STEP-STRUCT-SET-STRUCT27-I : U32 .
Warning: "output_bs.maude", line 7733 (mod SPECTEC-CORE): variable
    STEP-ARRAY-NEW-FIXED28-MUT is used before it is bound in rule:
crl [step-array-new-fixed] : step(< STEP-ARRAY-NEW-FIXED28-Z |
    STEP-ARRAY-NEW-FIXED28-VAL CTORARRAYNEWFIXEDA2(STEP-ARRAY-NEW-FIXED28-X,
    STEP-ARRAY-NEW-FIXED28-N) >) => < $add-arrayinst(STEP-ARRAY-NEW-FIXED28-Z,
    STEP-ARRAY-NEW-FIXED28-AI) | CTORREFARRAYADDRA1(STEP-ARRAY-NEW-FIXED28-A) >
    if STEP-ARRAY-NEW-FIXED28-A := len($arrayinst(STEP-ARRAY-NEW-FIXED28-Z)) /\
    all-vals(STEP-ARRAY-NEW-FIXED28-VAL) = true /\ Expand($type(
    STEP-ARRAY-NEW-FIXED28-Z, STEP-ARRAY-NEW-FIXED28-X), CTORARRAYA1(
    STEP-ARRAY-NEW-FIXED28-MUT STEP-ARRAY-NEW-FIXED28-ZT)) == valid = true /\
    STEP-ARRAY-NEW-FIXED28-AI == {item('TYPE, $type(STEP-ARRAY-NEW-FIXED28-Z,
    STEP-ARRAY-NEW-FIXED28-X)) ; item('FIELDS, $packfield(
    STEP-ARRAY-NEW-FIXED28-ZT, STEP-ARRAY-NEW-FIXED28-VAL))} = true /\
    STEP-ARRAY-NEW-FIXED28-N : N /\ STEP-ARRAY-NEW-FIXED28-X : Idx /\
    STEP-ARRAY-NEW-FIXED28-AI : Arrayinst /\ STEP-ARRAY-NEW-FIXED28-A : Addr /\
    STEP-ARRAY-NEW-FIXED28-ZT : Storagetype .
Warning: "output_bs.maude", line 7748 (mod SPECTEC-CORE): variable
    STEP-ARRAY-SET-ARRAY31-MUT is used before it is bound in rule:
crl [step-array-set-array] : step(< STEP-ARRAY-SET-ARRAY31-Z |
    CTORREFARRAYADDRA1(STEP-ARRAY-SET-ARRAY31-A) CTORCONSTA2(CTORI32A0,
    STEP-ARRAY-SET-ARRAY31-I) STEP-ARRAY-SET-ARRAY31-VAL CTORARRAYSETA1(
    STEP-ARRAY-SET-ARRAY31-X) >) => < $with-array(STEP-ARRAY-SET-ARRAY31-Z,
    STEP-ARRAY-SET-ARRAY31-A, STEP-ARRAY-SET-ARRAY31-I, $packfield(
    STEP-ARRAY-SET-ARRAY31-ZT, STEP-ARRAY-SET-ARRAY31-VAL)) | eps > if Expand(
    $type(STEP-ARRAY-SET-ARRAY31-Z, STEP-ARRAY-SET-ARRAY31-X), CTORARRAYA1(
    STEP-ARRAY-SET-ARRAY31-MUT STEP-ARRAY-SET-ARRAY31-ZT)) == valid = true /\
    STEP-ARRAY-SET-ARRAY31-A : Addr /\ STEP-ARRAY-SET-ARRAY31-VAL : Val /\
    STEP-ARRAY-SET-ARRAY31-X : Idx /\ STEP-ARRAY-SET-ARRAY31-ZT : Storagetype .
Advisory: "wasm-exec-bs.maude", line 13 (mod WASM-EXEC-BS): operator _`[_<-_`]
    has been imported from both "pretype.maude", line 83 (mod DSL-RECORD) and
    "pretype.maude", line 84 (mod DSL-RECORD) with no common ancestor.
Advisory: "wasm-exec-bs.maude", line 56 (mod WASM-FIB-BS): operator _`[_<-_`]
    has been imported from both "pretype.maude", line 83 (mod DSL-RECORD) and
    "pretype.maude", line 84 (mod DSL-RECORD) with no common ancestor.
Advisory: "wasm-exec-bs.maude", line 128 (mod WASM-FIB-BS-PROPS): sort State
    has been imported from both "model-checker.maude", line 218 (fmod
    SATISFACTION) and "output_bs.maude", line 1318 (mod SPECTEC-CORE).
Advisory: "wasm-exec-bs.maude", line 128 (mod WASM-FIB-BS-PROPS): operator
    _`[_<-_`] has been imported from both "pretype.maude", line 83 (mod
    DSL-RECORD) and "pretype.maude", line 84 (mod DSL-RECORD) with no common
    ancestor.
Warning: "wasm-exec-bs.maude", line 146 (mod WASM-FIB-BS-PROPS): variable MC-I
    is used before it is bound in equation:
ceq < MC-Z | MC-IS > |= result-neg = true if MC-IS = CTORCONSTA2(CTORI32A0,
    MC-I) /\ MC-I < 0 = true .
Advisory: "output_bs.maude", line 3544 (mod SPECTEC-CORE): all the variables in
    the left-hand side of assignment condition fragment $lsizenn(
    JNN:WasmTerminal) := 8 are bound before the matching takes place.
Advisory: "output_bs.maude", line 3564 (mod SPECTEC-CORE): all the variables in
    the left-hand side of assignment condition fragment $lsizenn(
    JNN:WasmTerminal) := 16 are bound before the matching takes place.
Advisory: "output_bs.maude", line 3566 (mod SPECTEC-CORE): all the variables in
    the left-hand side of assignment condition fragment $lsizenn(
    JNN:WasmTerminal) := 16 are bound before the matching takes place.
Advisory: "output_bs.maude", line 3591 (mod SPECTEC-CORE): all the variables in
    the left-hand side of assignment condition fragment CTORSA0 := SX1:Sx are
    bound before the matching takes place.
Advisory: "output_bs.maude", line 3593 (mod SPECTEC-CORE): all the variables in
    the left-hand side of assignment condition fragment CTORSA0 := SX1:Sx are
    bound before the matching takes place.
Advisory: "output_bs.maude", line 3595 (mod SPECTEC-CORE): all the variables in
    the left-hand side of assignment condition fragment CTORSA0 := SX1:Sx are
    bound before the matching takes place.
Advisory: "output_bs.maude", line 3597 (mod SPECTEC-CORE): all the variables in
    the left-hand side of assignment condition fragment CTORSA0 := SX1:Sx are
    bound before the matching takes place.
Advisory: "output_bs.maude", line 3646 (mod SPECTEC-CORE): all the variables in
    the left-hand side of assignment condition fragment $vsize(
    VECTYPE:WasmTerminal) quo 2 := M1:M * SZ1:Sz are bound before the matching
    takes place.
Advisory: "output_bs.maude", line 4986 (mod SPECTEC-CORE): collapse at top of
    GLOBAL-LIST-GLOBAL:WasmTerminals MEM-LIST-MEM:WasmTerminals
    TABLE-LIST-TABLE:WasmTerminals ELEM-LIST-ELEM:WasmTerminals may cause it to
    match more than you expect.
Warning: membership axioms are not guaranteed to work correctly for iterated
    symbol s_ as it has declarations that are not at the kind level.
Warning: membership axioms are not guaranteed to work correctly for associative
    symbol _+_ as it has declarations that are not at the kind level.
Warning: membership axioms are not guaranteed to work correctly for associative
    symbol _*_ as it has declarations that are not at the kind level.
Warning: membership axioms are not guaranteed to work correctly for associative
    symbol gcd as it has declarations that are not at the kind level.
Warning: membership axioms are not guaranteed to work correctly for associative
    symbol lcm as it has declarations that are not at the kind level.
Warning: membership axioms are not guaranteed to work correctly for associative
    symbol min as it has declarations that are not at the kind level.
Warning: membership axioms are not guaranteed to work correctly for associative
    symbol max as it has declarations that are not at the kind level.
Warning: membership axioms are not guaranteed to work correctly for associative
    symbol _xor_ as it has declarations that are not at the kind level.
Warning: membership axioms are not guaranteed to work correctly for associative
    symbol _&_ as it has declarations that are not at the kind level.
Warning: membership axioms are not guaranteed to work correctly for associative
    symbol _|_ as it has declarations that are not at the kind level.
Warning: membership axioms are not guaranteed to work correctly for associative
    symbol __ as it has declarations that are not at the kind level.
==========================================
reduce in WASM-FIB-BS-PROPS : modelCheck(fib-config(i32v(1)), <> result-is(1))
    .
real 5.00
user 4.94
sys 0.05
----- timing summary -----
ended_at: 2026-04-27T20:19:09+09:00
elapsed_seconds_wall: 5
exit_status: 124
result: timeout
log_file: logs/baseline_modelcheck_N1_reach_20260427_201904.log
