Advisory: "output.maude", line 3 (mod SPECTEC-CORE): operator _`[_<-_`] has
    been imported from both "pretype.maude", line 83 (mod DSL-RECORD) and
    "pretype.maude", line 84 (mod DSL-RECORD) with no common ancestor.
Warning: "output.maude", line 2263 (mod SPECTEC-CORE): multiple distinct parses
    for statement
cmb ((I1) hasType (uN (N))) : WellTyped if (((I1 >= 0) and (I1 <= ((2 ^ N) -
    1)))) = true .
Warning: "output.maude", line 2267 (mod SPECTEC-CORE): multiple distinct parses
    for statement
cmb ((I1) hasType (sN (N))) : WellTyped if (((((I1 >= (0 - ((2 ^ (N - 1)))))
    and (I1 <= (0 - (1)))) or (I1 == 0)) or ((I1 >= 1) and (I1 <= ((2 ^ (N -
    1)) - 1))))) = true .
Warning: "output.maude", line 2318 (mod SPECTEC-CORE): multiple distinct parses
    for statement
cmb (CTORNORMA2 (M1, EXP1) hasType (fNmag (N))) : WellTyped if (((M1 < (2 ^ $M
    (N))) and (((2 - (2 ^ ($E (N) - 1))) <= EXP1) and (EXP1 <= ((2 ^ ($E (N) -
    1)) - 1))))) = true .
Warning: "output.maude", line 2320 (mod SPECTEC-CORE): multiple distinct parses
    for statement
cmb (CTORSUBNORMA1 (M1) hasType (fNmag (N))) : WellTyped if (((M1 < (2 ^ $M (
    N))) and ((2 - (2 ^ ($E (N) - 1))) == EXP))) = true .
Warning: "output.maude", line 2355 (mod SPECTEC-CORE): multiple distinct parses
    for statement
eq $canon (CANON0-N) = (2 ^ ($signif (CANON0-N) - 1)) .
Advisory: "output.maude", line 3550 (mod SPECTEC-CORE): all the variables in
    the left-hand side of assignment condition fragment $lsizenn(JNN) := 8 are
    bound before the matching takes place.
Advisory: "output.maude", line 3570 (mod SPECTEC-CORE): all the variables in
    the left-hand side of assignment condition fragment $lsizenn(JNN) := 16 are
    bound before the matching takes place.
Advisory: "output.maude", line 3572 (mod SPECTEC-CORE): all the variables in
    the left-hand side of assignment condition fragment $lsizenn(JNN) := 16 are
    bound before the matching takes place.
Advisory: "output.maude", line 3597 (mod SPECTEC-CORE): all the variables in
    the left-hand side of assignment condition fragment CTORSA0 := SX1 are
    bound before the matching takes place.
Advisory: "output.maude", line 3599 (mod SPECTEC-CORE): all the variables in
    the left-hand side of assignment condition fragment CTORSA0 := SX1 are
    bound before the matching takes place.
Advisory: "output.maude", line 3601 (mod SPECTEC-CORE): all the variables in
    the left-hand side of assignment condition fragment CTORSA0 := SX1 are
    bound before the matching takes place.
Advisory: "output.maude", line 3603 (mod SPECTEC-CORE): all the variables in
    the left-hand side of assignment condition fragment CTORSA0 := SX1 are
    bound before the matching takes place.
Advisory: "output.maude", line 3652 (mod SPECTEC-CORE): all the variables in
    the left-hand side of assignment condition fragment $vsize(VECTYPE) quo 2
    := SZ1 * M1 are bound before the matching takes place.
Warning: "output.maude", line 3903 (mod SPECTEC-CORE): multiple distinct parses
    for statement
eq $shift-labelidxs ((SHIFT-LABELIDXS2-LABELIDX SHIFT-LABELIDXS2-LABELIDXQ)) =
    (SHIFT-LABELIDXS2-LABELIDX - 1) $shift-labelidxs (
    SHIFT-LABELIDXS2-LABELIDXQ) .
Warning: "output.maude", line 4482 (mod SPECTEC-CORE): multiple distinct parses
    for statement
cmb Memtype-ok (MEMTYPE-OK-R00-C, CTORPAGEA2 (MEMTYPE-OK-R00-ADDRTYPE,
    MEMTYPE-OK-R00-LIMITS)) : ValidJudgement if Limits-ok (MEMTYPE-OK-R00-C,
    MEMTYPE-OK-R00-LIMITS, ((2 ^ ($size (MEMTYPE-OK-R00-ADDRTYPE) - 16)))) :
    ValidJudgement /\ MEMTYPE-OK-R00-C : Context /\ MEMTYPE-OK-R00-ADDRTYPE :
    Addrtype /\ MEMTYPE-OK-R00-LIMITS : Limits .
Warning: "output.maude", line 4487 (mod SPECTEC-CORE): multiple distinct parses
    for statement
cmb Tabletype-ok (TABLETYPE-OK-R00-C, TABLETYPE-OK-R00-ADDRTYPE
    TABLETYPE-OK-R00-LIMITS TABLETYPE-OK-R00-REFTYPE) : ValidJudgement if
    Limits-ok (TABLETYPE-OK-R00-C, TABLETYPE-OK-R00-LIMITS, (((2 ^ $size (
    TABLETYPE-OK-R00-ADDRTYPE)) - 1))) : ValidJudgement /\ Reftype-ok (
    TABLETYPE-OK-R00-C, TABLETYPE-OK-R00-REFTYPE) : ValidJudgement /\
    TABLETYPE-OK-R00-C : Context /\ TABLETYPE-OK-R00-ADDRTYPE : Addrtype /\
    TABLETYPE-OK-R00-LIMITS : Limits /\ TABLETYPE-OK-R00-REFTYPE : Reftype .
Warning: "output.maude", line 5199 (mod SPECTEC-CORE): multiple distinct parses
    for statement
ceq $signed (SIGNED0-N, SIGNED0-I) = SIGNED0-I if ((SIGNED0-I < (2 ^ (SIGNED0-N
    - 1)))) = true .
Warning: "output.maude", line 5201 (mod SPECTEC-CORE): multiple distinct parses
    for statement
ceq $signed (SIGNED1-N, SIGNED1-I) = (SIGNED1-I - (2 ^ SIGNED1-N)) if (((2 ^ (
    SIGNED1-N - 1)) <= SIGNED1-I)) = true /\ ((SIGNED1-I < (2 ^ SIGNED1-N))) =
    true .
Warning: "output.maude", line 5208 (mod SPECTEC-CORE): multiple distinct parses
    for statement
ceq $inv-signed (INV-SIGNED0-N, INV-SIGNED0-I) = INV-SIGNED0-I if ((0 <=
    INV-SIGNED0-I)) = true /\ ((INV-SIGNED0-I < (2 ^ (INV-SIGNED0-N - 1)))) =
    true .
Warning: "output.maude", line 5210 (mod SPECTEC-CORE): multiple distinct parses
    for statement
ceq $inv-signed (INV-SIGNED1-N, INV-SIGNED1-I) = (INV-SIGNED1-I + (2 ^
    INV-SIGNED1-N)) if (((0 - ((2 ^ (INV-SIGNED1-N - 1)))) <= INV-SIGNED1-I)) =
    true /\ ((INV-SIGNED1-I < 0)) = true .
Warning: "output.maude", line 5252 (mod SPECTEC-CORE): multiple distinct parses
    for statement
ceq $sat-u (SAT-U1-N, SAT-U1-I) = ((2 ^ SAT-U1-N) - 1) if ((SAT-U1-I > ((2 ^
    SAT-U1-N) - 1))) = true .
Warning: "output.maude", line 5260 (mod SPECTEC-CORE): multiple distinct parses
    for statement
ceq $sat-s (SAT-S0-N, SAT-S0-I) = (0 - ((2 ^ (SAT-S0-N - 1)))) if ((SAT-S0-I <
    (0 - ((2 ^ (SAT-S0-N - 1)))))) = true .
Warning: "output.maude", line 5262 (mod SPECTEC-CORE): multiple distinct parses
    for statement
ceq $sat-s (SAT-S1-N, SAT-S1-I) = ((2 ^ (SAT-S1-N - 1)) - 1) if ((SAT-S1-I > ((
    2 ^ (SAT-S1-N - 1)) - 1))) = true .
Warning: "output.maude", line 5270 (mod SPECTEC-CORE): multiple distinct parses
    for statement
eq $ineg (INEG0-N, INEG0-I1) = (((2 ^ INEG0-N) - INEG0-I1) rem (2 ^ INEG0-N)) .
Warning: "output.maude", line 5309 (mod SPECTEC-CORE): multiple distinct parses
    for statement
eq $isub (ISUB0-N, ISUB0-I1, ISUB0-I2) = ((((2 ^ ISUB0-N) + ISUB0-I1) -
    ISUB0-I2) rem (2 ^ ISUB0-N)) .
Warning: "output.maude", line 5322 (mod SPECTEC-CORE): multiple distinct parses
    for statement
ceq $idiv (IDIV3-N, CTORSA0, IDIV3-I1, IDIV3-I2) = eps if ((($signed (IDIV3-N,
    IDIV3-I1) quo $signed (IDIV3-N, IDIV3-I2)) == (2 ^ (IDIV3-N - 1)))) = true
    .
Warning: "output.maude", line 5331 (mod SPECTEC-CORE): multiple distinct parses
    for statement
eq $irem (IREM1-N, CTORUA0, IREM1-I1, IREM1-I2) = (IREM1-I1 - (IREM1-I2 *
    $truncz (((IREM1-I1 quo IREM1-I2))))) .
Warning: "output.maude", line 5333 (mod SPECTEC-CORE): multiple distinct parses
    for statement
ceq $irem (IREM3-N, CTORSA0, IREM3-I1, IREM3-I2) = $inv-signed (IREM3-N, ((
    IREM3-J1 - (IREM3-J2 * $truncz (((IREM3-J1 quo IREM3-J2))))))) if IREM3-J1
    := $signed (IREM3-N, IREM3-I1) /\ IREM3-J2 := $signed (IREM3-N, IREM3-I2) .
Warning: "output.maude", line 5371 (mod SPECTEC-CORE): multiple distinct parses
    for statement
eq $isub-sat (ISUB-SAT0-N, CTORUA0, ISUB-SAT0-I1, ISUB-SAT0-I2) = $sat-u (
    ISUB-SAT0-N, ((ISUB-SAT0-I1 - ISUB-SAT0-I2))) .
Warning: "output.maude", line 5372 (mod SPECTEC-CORE): multiple distinct parses
    for statement
eq $isub-sat (ISUB-SAT1-N, CTORSA0, ISUB-SAT1-I1, ISUB-SAT1-I2) = $inv-signed (
    ISUB-SAT1-N, ($sat-s (ISUB-SAT1-N, (($signed (ISUB-SAT1-N, ISUB-SAT1-I1) -
    $signed (ISUB-SAT1-N, ISUB-SAT1-I2)))))) .
Warning: "output.maude", line 6728 (mod SPECTEC-CORE): multiple distinct parses
    for statement
crl [step-pure-br-label-succ] : step (< STEP-PURE-BR-LABEL-SUCC-Z |
    STEP-PURE-BR-LABEL-SUCC-VALS CTORLABELLBRACERBRACEA3 (
    STEP-PURE-BR-LABEL-SUCC9-N, STEP-PURE-BR-LABEL-SUCC9-INSTRQ, (
    STEP-PURE-BR-LABEL-SUCC9-VAL CTORBRA1 (STEP-PURE-BR-LABEL-SUCC9-L)
    STEP-PURE-BR-LABEL-SUCC9-INSTR)) STEP-PURE-BR-LABEL-SUCC-IS >) => <
    STEP-PURE-BR-LABEL-SUCC-Z | STEP-PURE-BR-LABEL-SUCC-VALS
    STEP-PURE-BR-LABEL-SUCC9-VAL CTORBRA1 (((STEP-PURE-BR-LABEL-SUCC9-L - 1)))
    STEP-PURE-BR-LABEL-SUCC-IS > if all-vals (STEP-PURE-BR-LABEL-SUCC-VALS) =
    true /\ all-vals (STEP-PURE-BR-LABEL-SUCC9-VAL) = true /\ ((
    STEP-PURE-BR-LABEL-SUCC9-L > 0)) = true /\ STEP-PURE-BR-LABEL-SUCC9-N : N
    /\ STEP-PURE-BR-LABEL-SUCC9-L : Labelidx .
Warning: "output.maude", line 7226 (mod SPECTEC-CORE): multiple distinct parses
    for statement
crl [step-read-table-fill-succ] : step (< STEP-READ-TABLE-FILL-SUCC32-Z |
    STEP-READ-TABLE-FILL-SUCC-VALS CTORCONSTA2 (STEP-READ-TABLE-FILL-SUCC32-AT,
    STEP-READ-TABLE-FILL-SUCC32-I) STEP-READ-TABLE-FILL-SUCC32-VAL CTORCONSTA2
    (STEP-READ-TABLE-FILL-SUCC32-AT, STEP-READ-TABLE-FILL-SUCC32-N)
    CTORTABLEFILLA1 (STEP-READ-TABLE-FILL-SUCC32-X)
    STEP-READ-TABLE-FILL-SUCC-IS >) => < STEP-READ-TABLE-FILL-SUCC32-Z |
    STEP-READ-TABLE-FILL-SUCC-VALS CTORCONSTA2 (STEP-READ-TABLE-FILL-SUCC32-AT,
    STEP-READ-TABLE-FILL-SUCC32-I) STEP-READ-TABLE-FILL-SUCC32-VAL
    CTORTABLESETA1 (STEP-READ-TABLE-FILL-SUCC32-X) CTORCONSTA2 (
    STEP-READ-TABLE-FILL-SUCC32-AT, ((STEP-READ-TABLE-FILL-SUCC32-I + 1)))
    STEP-READ-TABLE-FILL-SUCC32-VAL CTORCONSTA2 (
    STEP-READ-TABLE-FILL-SUCC32-AT, ((STEP-READ-TABLE-FILL-SUCC32-N - 1)))
    CTORTABLEFILLA1 (STEP-READ-TABLE-FILL-SUCC32-X)
    STEP-READ-TABLE-FILL-SUCC-IS > if all-vals (STEP-READ-TABLE-FILL-SUCC-VALS)
    = true /\ STEP-READ-TABLE-FILL-SUCC32-Z : State /\
    STEP-READ-TABLE-FILL-SUCC32-AT : Addrtype /\
    STEP-READ-TABLE-FILL-SUCC32-VAL : Val /\ STEP-READ-TABLE-FILL-SUCC32-N : N
    /\ STEP-READ-TABLE-FILL-SUCC32-X : Idx .
Warning: "output.maude", line 7241 (mod SPECTEC-CORE): multiple distinct parses
    for statement
crl [step-read-table-copy-le] : step (< STEP-READ-TABLE-COPY-LE35-Z |
    STEP-READ-TABLE-COPY-LE-VALS CTORCONSTA2 (STEP-READ-TABLE-COPY-LE35-AT1,
    STEP-READ-TABLE-COPY-LE35-I1) CTORCONSTA2 (STEP-READ-TABLE-COPY-LE35-AT2,
    STEP-READ-TABLE-COPY-LE35-I2) CTORCONSTA2 (STEP-READ-TABLE-COPY-LE35-ATQ,
    STEP-READ-TABLE-COPY-LE35-N) CTORTABLECOPYA2 (STEP-READ-TABLE-COPY-LE35-X,
    STEP-READ-TABLE-COPY-LE35-Y) STEP-READ-TABLE-COPY-LE-IS >) => <
    STEP-READ-TABLE-COPY-LE35-Z | STEP-READ-TABLE-COPY-LE-VALS CTORCONSTA2 (
    STEP-READ-TABLE-COPY-LE35-AT1, STEP-READ-TABLE-COPY-LE35-I1) CTORCONSTA2 (
    STEP-READ-TABLE-COPY-LE35-AT2, STEP-READ-TABLE-COPY-LE35-I2) CTORTABLEGETA1
    (STEP-READ-TABLE-COPY-LE35-Y) CTORTABLESETA1 (STEP-READ-TABLE-COPY-LE35-X)
    CTORCONSTA2 (STEP-READ-TABLE-COPY-LE35-AT1, ((STEP-READ-TABLE-COPY-LE35-I1
    + 1))) CTORCONSTA2 (STEP-READ-TABLE-COPY-LE35-AT2, ((
    STEP-READ-TABLE-COPY-LE35-I2 + 1))) CTORCONSTA2 (
    STEP-READ-TABLE-COPY-LE35-ATQ, ((STEP-READ-TABLE-COPY-LE35-N - 1)))
    CTORTABLECOPYA2 (STEP-READ-TABLE-COPY-LE35-X, STEP-READ-TABLE-COPY-LE35-Y)
    STEP-READ-TABLE-COPY-LE-IS > if all-vals (STEP-READ-TABLE-COPY-LE-VALS) =
    true /\ ((STEP-READ-TABLE-COPY-LE35-I1 <= STEP-READ-TABLE-COPY-LE35-I2)) =
    true /\ STEP-READ-TABLE-COPY-LE35-Z : State /\
    STEP-READ-TABLE-COPY-LE35-AT1 : Addrtype /\ STEP-READ-TABLE-COPY-LE35-AT2 :
    Addrtype /\ STEP-READ-TABLE-COPY-LE35-ATQ : Addrtype /\
    STEP-READ-TABLE-COPY-LE35-N : N /\ STEP-READ-TABLE-COPY-LE35-X : Idx /\
    STEP-READ-TABLE-COPY-LE35-Y : Idx .
Warning: "output.maude", line 7246 (mod SPECTEC-CORE): multiple distinct parses
    for statement
crl [step-read-table-copy-gt] : step (< STEP-READ-TABLE-COPY-GT36-Z |
    STEP-READ-TABLE-COPY-GT-VALS CTORCONSTA2 (STEP-READ-TABLE-COPY-GT36-AT1,
    STEP-READ-TABLE-COPY-GT36-I1) CTORCONSTA2 (STEP-READ-TABLE-COPY-GT36-AT2,
    STEP-READ-TABLE-COPY-GT36-I2) CTORCONSTA2 (STEP-READ-TABLE-COPY-GT36-ATQ,
    STEP-READ-TABLE-COPY-GT36-N) CTORTABLECOPYA2 (STEP-READ-TABLE-COPY-GT36-X,
    STEP-READ-TABLE-COPY-GT36-Y) STEP-READ-TABLE-COPY-GT-IS >) => <
    STEP-READ-TABLE-COPY-GT36-Z | STEP-READ-TABLE-COPY-GT-VALS CTORCONSTA2 (
    STEP-READ-TABLE-COPY-GT36-AT1, (((STEP-READ-TABLE-COPY-GT36-I1 +
    STEP-READ-TABLE-COPY-GT36-N) - 1))) CTORCONSTA2 (
    STEP-READ-TABLE-COPY-GT36-AT2, (((STEP-READ-TABLE-COPY-GT36-I2 +
    STEP-READ-TABLE-COPY-GT36-N) - 1))) CTORTABLEGETA1 (
    STEP-READ-TABLE-COPY-GT36-Y) CTORTABLESETA1 (STEP-READ-TABLE-COPY-GT36-X)
    CTORCONSTA2 (STEP-READ-TABLE-COPY-GT36-AT1, STEP-READ-TABLE-COPY-GT36-I1)
    CTORCONSTA2 (STEP-READ-TABLE-COPY-GT36-AT2, STEP-READ-TABLE-COPY-GT36-I2)
    CTORCONSTA2 (STEP-READ-TABLE-COPY-GT36-ATQ, ((STEP-READ-TABLE-COPY-GT36-N -
    1))) CTORTABLECOPYA2 (STEP-READ-TABLE-COPY-GT36-X,
    STEP-READ-TABLE-COPY-GT36-Y) STEP-READ-TABLE-COPY-GT-IS > if all-vals (
    STEP-READ-TABLE-COPY-GT-VALS) = true /\ STEP-READ-TABLE-COPY-GT36-Z : State
    /\ STEP-READ-TABLE-COPY-GT36-AT1 : Addrtype /\
    STEP-READ-TABLE-COPY-GT36-AT2 : Addrtype /\ STEP-READ-TABLE-COPY-GT36-ATQ :
    Addrtype /\ STEP-READ-TABLE-COPY-GT36-N : N /\ STEP-READ-TABLE-COPY-GT36-X
    : Idx /\ STEP-READ-TABLE-COPY-GT36-Y : Idx .
Warning: "output.maude", line 7261 (mod SPECTEC-CORE): multiple distinct parses
    for statement
crl [step-read-table-init-succ] : step (< STEP-READ-TABLE-INIT-SUCC39-Z |
    STEP-READ-TABLE-INIT-SUCC-VALS CTORCONSTA2 (STEP-READ-TABLE-INIT-SUCC39-AT,
    STEP-READ-TABLE-INIT-SUCC39-I) CTORCONSTA2 (CTORI32A0,
    STEP-READ-TABLE-INIT-SUCC39-J) CTORCONSTA2 (CTORI32A0,
    STEP-READ-TABLE-INIT-SUCC39-N) CTORTABLEINITA2 (
    STEP-READ-TABLE-INIT-SUCC39-X, STEP-READ-TABLE-INIT-SUCC39-Y)
    STEP-READ-TABLE-INIT-SUCC-IS >) => < STEP-READ-TABLE-INIT-SUCC39-Z |
    STEP-READ-TABLE-INIT-SUCC-VALS CTORCONSTA2 (STEP-READ-TABLE-INIT-SUCC39-AT,
    STEP-READ-TABLE-INIT-SUCC39-I) index (value ('REFS, $elem (
    STEP-READ-TABLE-INIT-SUCC39-Z, STEP-READ-TABLE-INIT-SUCC39-Y)),
    STEP-READ-TABLE-INIT-SUCC39-J) CTORTABLESETA1 (
    STEP-READ-TABLE-INIT-SUCC39-X) CTORCONSTA2 (STEP-READ-TABLE-INIT-SUCC39-AT,
    ((STEP-READ-TABLE-INIT-SUCC39-I + 1))) CTORCONSTA2 (CTORI32A0, ((
    STEP-READ-TABLE-INIT-SUCC39-J + 1))) CTORCONSTA2 (CTORI32A0, ((
    STEP-READ-TABLE-INIT-SUCC39-N - 1))) CTORTABLEINITA2 (
    STEP-READ-TABLE-INIT-SUCC39-X, STEP-READ-TABLE-INIT-SUCC39-Y)
    STEP-READ-TABLE-INIT-SUCC-IS > if all-vals (STEP-READ-TABLE-INIT-SUCC-VALS)
    = true /\ STEP-READ-TABLE-INIT-SUCC39-Z : State /\
    STEP-READ-TABLE-INIT-SUCC39-AT : Addrtype /\ STEP-READ-TABLE-INIT-SUCC39-N
    : N /\ STEP-READ-TABLE-INIT-SUCC39-X : Idx /\ STEP-READ-TABLE-INIT-SUCC39-Y
    : Idx .
Warning: "output.maude", line 7351 (mod SPECTEC-CORE): multiple distinct parses
    for statement
crl [step-read-memory-fill-succ] : step (< STEP-READ-MEMORY-FILL-SUCC57-Z |
    STEP-READ-MEMORY-FILL-SUCC-VALS CTORCONSTA2 (
    STEP-READ-MEMORY-FILL-SUCC57-AT, STEP-READ-MEMORY-FILL-SUCC57-I)
    STEP-READ-MEMORY-FILL-SUCC57-VAL CTORCONSTA2 (
    STEP-READ-MEMORY-FILL-SUCC57-AT, STEP-READ-MEMORY-FILL-SUCC57-N)
    CTORMEMORYFILLA1 (STEP-READ-MEMORY-FILL-SUCC57-X)
    STEP-READ-MEMORY-FILL-SUCC-IS >) => < STEP-READ-MEMORY-FILL-SUCC57-Z |
    STEP-READ-MEMORY-FILL-SUCC-VALS CTORCONSTA2 (
    STEP-READ-MEMORY-FILL-SUCC57-AT, STEP-READ-MEMORY-FILL-SUCC57-I)
    STEP-READ-MEMORY-FILL-SUCC57-VAL CTORSTOREA4 (CTORI32A0, 8,
    STEP-READ-MEMORY-FILL-SUCC57-X, $memarg0) CTORCONSTA2 (
    STEP-READ-MEMORY-FILL-SUCC57-AT, ((STEP-READ-MEMORY-FILL-SUCC57-I + 1)))
    STEP-READ-MEMORY-FILL-SUCC57-VAL CTORCONSTA2 (
    STEP-READ-MEMORY-FILL-SUCC57-AT, ((STEP-READ-MEMORY-FILL-SUCC57-N - 1)))
    CTORMEMORYFILLA1 (STEP-READ-MEMORY-FILL-SUCC57-X)
    STEP-READ-MEMORY-FILL-SUCC-IS > if all-vals (
    STEP-READ-MEMORY-FILL-SUCC-VALS) = true /\ STEP-READ-MEMORY-FILL-SUCC57-Z :
    State /\ STEP-READ-MEMORY-FILL-SUCC57-AT : Addrtype /\
    STEP-READ-MEMORY-FILL-SUCC57-VAL : Val /\ STEP-READ-MEMORY-FILL-SUCC57-N :
    N /\ STEP-READ-MEMORY-FILL-SUCC57-X : Idx .
Warning: "output.maude", line 7366 (mod SPECTEC-CORE): multiple distinct parses
    for statement
crl [step-read-memory-copy-le] : step (< STEP-READ-MEMORY-COPY-LE60-Z |
    STEP-READ-MEMORY-COPY-LE-VALS CTORCONSTA2 (STEP-READ-MEMORY-COPY-LE60-AT1,
    STEP-READ-MEMORY-COPY-LE60-I1) CTORCONSTA2 (STEP-READ-MEMORY-COPY-LE60-AT2,
    STEP-READ-MEMORY-COPY-LE60-I2) CTORCONSTA2 (STEP-READ-MEMORY-COPY-LE60-ATQ,
    STEP-READ-MEMORY-COPY-LE60-N) CTORMEMORYCOPYA2 (
    STEP-READ-MEMORY-COPY-LE60-X1, STEP-READ-MEMORY-COPY-LE60-X2)
    STEP-READ-MEMORY-COPY-LE-IS >) => < STEP-READ-MEMORY-COPY-LE60-Z |
    STEP-READ-MEMORY-COPY-LE-VALS CTORCONSTA2 (STEP-READ-MEMORY-COPY-LE60-AT1,
    STEP-READ-MEMORY-COPY-LE60-I1) CTORCONSTA2 (STEP-READ-MEMORY-COPY-LE60-AT2,
    STEP-READ-MEMORY-COPY-LE60-I2) CTORLOADA4 (CTORI32A0, (CTORANYA2 (8,
    CTORUA0)), STEP-READ-MEMORY-COPY-LE60-X2, $memarg0) CTORSTOREA4 (CTORI32A0,
    8, STEP-READ-MEMORY-COPY-LE60-X1, $memarg0) CTORCONSTA2 (
    STEP-READ-MEMORY-COPY-LE60-AT1, ((STEP-READ-MEMORY-COPY-LE60-I1 + 1)))
    CTORCONSTA2 (STEP-READ-MEMORY-COPY-LE60-AT2, ((
    STEP-READ-MEMORY-COPY-LE60-I2 + 1))) CTORCONSTA2 (
    STEP-READ-MEMORY-COPY-LE60-ATQ, ((STEP-READ-MEMORY-COPY-LE60-N - 1)))
    CTORMEMORYCOPYA2 (STEP-READ-MEMORY-COPY-LE60-X1,
    STEP-READ-MEMORY-COPY-LE60-X2) STEP-READ-MEMORY-COPY-LE-IS > if all-vals (
    STEP-READ-MEMORY-COPY-LE-VALS) = true /\ ((STEP-READ-MEMORY-COPY-LE60-I1 <=
    STEP-READ-MEMORY-COPY-LE60-I2)) = true /\ STEP-READ-MEMORY-COPY-LE60-Z :
    State /\ STEP-READ-MEMORY-COPY-LE60-AT1 : Addrtype /\
    STEP-READ-MEMORY-COPY-LE60-AT2 : Addrtype /\ STEP-READ-MEMORY-COPY-LE60-ATQ
    : Addrtype /\ STEP-READ-MEMORY-COPY-LE60-N : N /\
    STEP-READ-MEMORY-COPY-LE60-X1 : Idx /\ STEP-READ-MEMORY-COPY-LE60-X2 : Idx
    .
Warning: "output.maude", line 7371 (mod SPECTEC-CORE): multiple distinct parses
    for statement
crl [step-read-memory-copy-gt] : step (< STEP-READ-MEMORY-COPY-GT61-Z |
    STEP-READ-MEMORY-COPY-GT-VALS CTORCONSTA2 (STEP-READ-MEMORY-COPY-GT61-AT1,
    STEP-READ-MEMORY-COPY-GT61-I1) CTORCONSTA2 (STEP-READ-MEMORY-COPY-GT61-AT2,
    STEP-READ-MEMORY-COPY-GT61-I2) CTORCONSTA2 (STEP-READ-MEMORY-COPY-GT61-ATQ,
    STEP-READ-MEMORY-COPY-GT61-N) CTORMEMORYCOPYA2 (
    STEP-READ-MEMORY-COPY-GT61-X1, STEP-READ-MEMORY-COPY-GT61-X2)
    STEP-READ-MEMORY-COPY-GT-IS >) => < STEP-READ-MEMORY-COPY-GT61-Z |
    STEP-READ-MEMORY-COPY-GT-VALS CTORCONSTA2 (STEP-READ-MEMORY-COPY-GT61-AT1,
    (((STEP-READ-MEMORY-COPY-GT61-I1 + STEP-READ-MEMORY-COPY-GT61-N) - 1)))
    CTORCONSTA2 (STEP-READ-MEMORY-COPY-GT61-AT2, (((
    STEP-READ-MEMORY-COPY-GT61-I2 + STEP-READ-MEMORY-COPY-GT61-N) - 1)))
    CTORLOADA4 (CTORI32A0, (CTORANYA2 (8, CTORUA0)),
    STEP-READ-MEMORY-COPY-GT61-X2, $memarg0) CTORSTOREA4 (CTORI32A0, 8,
    STEP-READ-MEMORY-COPY-GT61-X1, $memarg0) CTORCONSTA2 (
    STEP-READ-MEMORY-COPY-GT61-AT1, STEP-READ-MEMORY-COPY-GT61-I1) CTORCONSTA2
    (STEP-READ-MEMORY-COPY-GT61-AT2, STEP-READ-MEMORY-COPY-GT61-I2) CTORCONSTA2
    (STEP-READ-MEMORY-COPY-GT61-ATQ, ((STEP-READ-MEMORY-COPY-GT61-N - 1)))
    CTORMEMORYCOPYA2 (STEP-READ-MEMORY-COPY-GT61-X1,
    STEP-READ-MEMORY-COPY-GT61-X2) STEP-READ-MEMORY-COPY-GT-IS > if all-vals (
    STEP-READ-MEMORY-COPY-GT-VALS) = true /\ STEP-READ-MEMORY-COPY-GT61-Z :
    State /\ STEP-READ-MEMORY-COPY-GT61-AT1 : Addrtype /\
    STEP-READ-MEMORY-COPY-GT61-AT2 : Addrtype /\ STEP-READ-MEMORY-COPY-GT61-ATQ
    : Addrtype /\ STEP-READ-MEMORY-COPY-GT61-N : N /\
    STEP-READ-MEMORY-COPY-GT61-X1 : Idx /\ STEP-READ-MEMORY-COPY-GT61-X2 : Idx
    .
Warning: "output.maude", line 7386 (mod SPECTEC-CORE): multiple distinct parses
    for statement
crl [step-read-memory-init-succ] : step (< STEP-READ-MEMORY-INIT-SUCC64-Z |
    STEP-READ-MEMORY-INIT-SUCC-VALS CTORCONSTA2 (
    STEP-READ-MEMORY-INIT-SUCC64-AT, STEP-READ-MEMORY-INIT-SUCC64-I)
    CTORCONSTA2 (CTORI32A0, STEP-READ-MEMORY-INIT-SUCC64-J) CTORCONSTA2 (
    CTORI32A0, STEP-READ-MEMORY-INIT-SUCC64-N) CTORMEMORYINITA2 (
    STEP-READ-MEMORY-INIT-SUCC64-X, STEP-READ-MEMORY-INIT-SUCC64-Y)
    STEP-READ-MEMORY-INIT-SUCC-IS >) => < STEP-READ-MEMORY-INIT-SUCC64-Z |
    STEP-READ-MEMORY-INIT-SUCC-VALS CTORCONSTA2 (
    STEP-READ-MEMORY-INIT-SUCC64-AT, STEP-READ-MEMORY-INIT-SUCC64-I)
    CTORCONSTA2 (CTORI32A0, (index (value ('BYTES, $data (
    STEP-READ-MEMORY-INIT-SUCC64-Z, STEP-READ-MEMORY-INIT-SUCC64-Y)),
    STEP-READ-MEMORY-INIT-SUCC64-J))) CTORSTOREA4 (CTORI32A0, 8,
    STEP-READ-MEMORY-INIT-SUCC64-X, $memarg0) CTORCONSTA2 (
    STEP-READ-MEMORY-INIT-SUCC64-AT, ((STEP-READ-MEMORY-INIT-SUCC64-I + 1)))
    CTORCONSTA2 (CTORI32A0, ((STEP-READ-MEMORY-INIT-SUCC64-J + 1))) CTORCONSTA2
    (CTORI32A0, ((STEP-READ-MEMORY-INIT-SUCC64-N - 1))) CTORMEMORYINITA2 (
    STEP-READ-MEMORY-INIT-SUCC64-X, STEP-READ-MEMORY-INIT-SUCC64-Y)
    STEP-READ-MEMORY-INIT-SUCC-IS > if all-vals (
    STEP-READ-MEMORY-INIT-SUCC-VALS) = true /\ STEP-READ-MEMORY-INIT-SUCC64-Z :
    State /\ STEP-READ-MEMORY-INIT-SUCC64-AT : Addrtype /\
    STEP-READ-MEMORY-INIT-SUCC64-N : N /\ STEP-READ-MEMORY-INIT-SUCC64-X : Idx
    /\ STEP-READ-MEMORY-INIT-SUCC64-Y : Idx .
Warning: "output.maude", line 7461 (mod SPECTEC-CORE): multiple distinct parses
    for statement
crl [step-read-array-fill-succ] : step (< STEP-READ-ARRAY-FILL-SUCC87-Z |
    STEP-READ-ARRAY-FILL-SUCC-VALS CTORREFARRAYADDRA1 (
    STEP-READ-ARRAY-FILL-SUCC87-A) CTORCONSTA2 (CTORI32A0,
    STEP-READ-ARRAY-FILL-SUCC87-I) STEP-READ-ARRAY-FILL-SUCC87-VAL CTORCONSTA2
    (CTORI32A0, STEP-READ-ARRAY-FILL-SUCC87-N) CTORARRAYFILLA1 (
    STEP-READ-ARRAY-FILL-SUCC87-X) STEP-READ-ARRAY-FILL-SUCC-IS >) => <
    STEP-READ-ARRAY-FILL-SUCC87-Z | STEP-READ-ARRAY-FILL-SUCC-VALS
    CTORREFARRAYADDRA1 (STEP-READ-ARRAY-FILL-SUCC87-A) CTORCONSTA2 (CTORI32A0,
    STEP-READ-ARRAY-FILL-SUCC87-I) STEP-READ-ARRAY-FILL-SUCC87-VAL
    CTORARRAYSETA1 (STEP-READ-ARRAY-FILL-SUCC87-X) CTORREFARRAYADDRA1 (
    STEP-READ-ARRAY-FILL-SUCC87-A) CTORCONSTA2 (CTORI32A0, ((
    STEP-READ-ARRAY-FILL-SUCC87-I + 1))) STEP-READ-ARRAY-FILL-SUCC87-VAL
    CTORCONSTA2 (CTORI32A0, ((STEP-READ-ARRAY-FILL-SUCC87-N - 1)))
    CTORARRAYFILLA1 (STEP-READ-ARRAY-FILL-SUCC87-X)
    STEP-READ-ARRAY-FILL-SUCC-IS > if all-vals (STEP-READ-ARRAY-FILL-SUCC-VALS)
    = true /\ STEP-READ-ARRAY-FILL-SUCC87-Z : State /\
    STEP-READ-ARRAY-FILL-SUCC87-A : Addr /\ STEP-READ-ARRAY-FILL-SUCC87-VAL :
    Val /\ STEP-READ-ARRAY-FILL-SUCC87-N : N /\ STEP-READ-ARRAY-FILL-SUCC87-X :
    Idx .
Warning: "output.maude", line 7511 (mod SPECTEC-CORE): multiple distinct parses
    for statement
crl [step-read-array-init-elem-succ] : step (<
    STEP-READ-ARRAY-INIT-ELEM-SUCC99-Z | STEP-READ-ARRAY-INIT-ELEM-SUCC-VALS
    CTORREFARRAYADDRA1 (STEP-READ-ARRAY-INIT-ELEM-SUCC99-A) CTORCONSTA2 (
    CTORI32A0, STEP-READ-ARRAY-INIT-ELEM-SUCC99-I) CTORCONSTA2 (CTORI32A0,
    STEP-READ-ARRAY-INIT-ELEM-SUCC99-J) CTORCONSTA2 (CTORI32A0,
    STEP-READ-ARRAY-INIT-ELEM-SUCC99-N) CTORARRAYINITELEMA2 (
    STEP-READ-ARRAY-INIT-ELEM-SUCC99-X, STEP-READ-ARRAY-INIT-ELEM-SUCC99-Y)
    STEP-READ-ARRAY-INIT-ELEM-SUCC-IS >) => <
    STEP-READ-ARRAY-INIT-ELEM-SUCC99-Z | STEP-READ-ARRAY-INIT-ELEM-SUCC-VALS
    CTORREFARRAYADDRA1 (STEP-READ-ARRAY-INIT-ELEM-SUCC99-A) CTORCONSTA2 (
    CTORI32A0, STEP-READ-ARRAY-INIT-ELEM-SUCC99-I)
    STEP-READ-ARRAY-INIT-ELEM-SUCC99-REF CTORARRAYSETA1 (
    STEP-READ-ARRAY-INIT-ELEM-SUCC99-X) CTORREFARRAYADDRA1 (
    STEP-READ-ARRAY-INIT-ELEM-SUCC99-A) CTORCONSTA2 (CTORI32A0, ((
    STEP-READ-ARRAY-INIT-ELEM-SUCC99-I + 1))) CTORCONSTA2 (CTORI32A0, ((
    STEP-READ-ARRAY-INIT-ELEM-SUCC99-J + 1))) CTORCONSTA2 (CTORI32A0, ((
    STEP-READ-ARRAY-INIT-ELEM-SUCC99-N - 1))) CTORARRAYINITELEMA2 (
    STEP-READ-ARRAY-INIT-ELEM-SUCC99-X, STEP-READ-ARRAY-INIT-ELEM-SUCC99-Y)
    STEP-READ-ARRAY-INIT-ELEM-SUCC-IS > if all-vals (
    STEP-READ-ARRAY-INIT-ELEM-SUCC-VALS) = true /\
    STEP-READ-ARRAY-INIT-ELEM-SUCC99-REF := index (value ('REFS, $elem (
    STEP-READ-ARRAY-INIT-ELEM-SUCC99-Z, STEP-READ-ARRAY-INIT-ELEM-SUCC99-Y)),
    STEP-READ-ARRAY-INIT-ELEM-SUCC99-J) /\ STEP-READ-ARRAY-INIT-ELEM-SUCC99-Z :
    State /\ STEP-READ-ARRAY-INIT-ELEM-SUCC99-A : Addr /\
    STEP-READ-ARRAY-INIT-ELEM-SUCC99-N : N /\
    STEP-READ-ARRAY-INIT-ELEM-SUCC99-X : Idx /\
    STEP-READ-ARRAY-INIT-ELEM-SUCC99-Y : Idx .
Warning: "output.maude", line 7590 (mod SPECTEC-CORE): multiple distinct parses
    for statement
crl [step-table-grow-fail] : step (< STEP-TABLE-GROW-FAIL12-Z |
    STEP-TABLE-GROW-FAIL-VALS STEP-TABLE-GROW-FAIL12-REF CTORCONSTA2 (
    STEP-TABLE-GROW-FAIL12-AT, STEP-TABLE-GROW-FAIL12-N) CTORTABLEGROWA1 (
    STEP-TABLE-GROW-FAIL12-X) STEP-TABLE-GROW-FAIL-IS >) => <
    STEP-TABLE-GROW-FAIL12-Z | STEP-TABLE-GROW-FAIL-VALS CTORCONSTA2 (
    STEP-TABLE-GROW-FAIL12-AT, ($inv-signed (($size (
    STEP-TABLE-GROW-FAIL12-AT)), ((0 - (1)))))) STEP-TABLE-GROW-FAIL-IS > if
    all-vals (STEP-TABLE-GROW-FAIL-VALS) = true /\ STEP-TABLE-GROW-FAIL12-Z :
    State /\ STEP-TABLE-GROW-FAIL12-REF : Ref /\ STEP-TABLE-GROW-FAIL12-AT :
    Addrtype /\ STEP-TABLE-GROW-FAIL12-N : N /\ STEP-TABLE-GROW-FAIL12-X : Idx
    .
Warning: "output.maude", line 7645 (mod SPECTEC-CORE): multiple distinct parses
    for statement
crl [step-memory-grow-fail] : step (< STEP-MEMORY-GROW-FAIL23-Z |
    STEP-MEMORY-GROW-FAIL-VALS CTORCONSTA2 (STEP-MEMORY-GROW-FAIL23-AT,
    STEP-MEMORY-GROW-FAIL23-N) CTORMEMORYGROWA1 (STEP-MEMORY-GROW-FAIL23-X)
    STEP-MEMORY-GROW-FAIL-IS >) => < STEP-MEMORY-GROW-FAIL23-Z |
    STEP-MEMORY-GROW-FAIL-VALS CTORCONSTA2 (STEP-MEMORY-GROW-FAIL23-AT, (
    $inv-signed (($size (STEP-MEMORY-GROW-FAIL23-AT)), ((0 - (1))))))
    STEP-MEMORY-GROW-FAIL-IS > if all-vals (STEP-MEMORY-GROW-FAIL-VALS) = true
    /\ STEP-MEMORY-GROW-FAIL23-Z : State /\ STEP-MEMORY-GROW-FAIL23-AT :
    Addrtype /\ STEP-MEMORY-GROW-FAIL23-N : N /\ STEP-MEMORY-GROW-FAIL23-X :
    Idx .
Advisory: "output.maude", line 4992 (mod SPECTEC-CORE): collapse at top of
    GLOBAL-LIST-GLOBAL MEM-LIST-MEM TABLE-LIST-TABLE ELEM-LIST-ELEM may cause
    it to match more than you expect.
Warning: membership axioms are not guaranteed to work correctly for iterated
    symbol s_ as it has declarations that are not at the kind level.
Warning: membership axioms are not guaranteed to work correctly for associative
    symbol _+_ as it has declarations that are not at the kind level.
Warning: membership axioms are not guaranteed to work correctly for associative
    symbol _*_ as it has declarations that are not at the kind level.
Warning: membership axioms are not guaranteed to work correctly for associative
    symbol gcd as it has declarations that are not at the kind level.
Warning: membership axioms are not guaranteed to work correctly for associative
    symbol lcm as it has declarations that are not at the kind level.
Warning: membership axioms are not guaranteed to work correctly for associative
    symbol min as it has declarations that are not at the kind level.
Warning: membership axioms are not guaranteed to work correctly for associative
    symbol max as it has declarations that are not at the kind level.
Warning: membership axioms are not guaranteed to work correctly for associative
    symbol _xor_ as it has declarations that are not at the kind level.
Warning: membership axioms are not guaranteed to work correctly for associative
    symbol _&_ as it has declarations that are not at the kind level.
Warning: membership axioms are not guaranteed to work correctly for associative
    symbol _|_ as it has declarations that are not at the kind level.
Warning: membership axioms are not guaranteed to work correctly for associative
    symbol __ as it has declarations that are not at the kind level.
==========================================
reduce in SPECTEC-CORE : CTORLEA1(CTORSA0) .
rewrites: 2 in 0ms cpu (0ms real) (~ rewrites/second)
result V128: CTORLEA1(CTORSA0)
Bye.
