Advisory: "output_bs.maude", line 3 (mod SPECTEC-CORE): operator _`[_<-_`] has
    been imported from both "pretype.maude", line 83 (mod DSL-RECORD) and
    "pretype.maude", line 84 (mod DSL-RECORD) with no common ancestor.
Warning: "output_bs.maude", line 3008 (mod SPECTEC-CORE): multiple distinct
    parses for statement
cmb ((I1) hasType (uN (N))) : WellTyped if (((I1 >= 0) and (I1 <= ((2 ^ N) -
    1)))) = true .
Warning: "output_bs.maude", line 3012 (mod SPECTEC-CORE): multiple distinct
    parses for statement
cmb ((I1) hasType (sN (N))) : WellTyped if (((((I1 >= (0 - ((2 ^ (N - 1)))))
    and (I1 <= (0 - (1)))) or (I1 == 0)) or ((I1 >= 1) and (I1 <= ((2 ^ (N -
    1)) - 1))))) = true .
Warning: "output_bs.maude", line 3064 (mod SPECTEC-CORE): multiple distinct
    parses for statement
cmb (CTORNORMA2 (M1, EXP1) hasType (fNmag (N))) : WellTyped if (((M1 < (2 ^ $M
    (N))) and (((2 - (2 ^ ($E (N) - 1))) <= EXP1) and (EXP1 <= ((2 ^ ($E (N) -
    1)) - 1))))) = true .
Warning: "output_bs.maude", line 3066 (mod SPECTEC-CORE): multiple distinct
    parses for statement
cmb (CTORSUBNORMA1 (M1) hasType (fNmag (N))) : WellTyped if (((M1 < (2 ^ $M (
    N))) and ((2 - (2 ^ ($E (N) - 1))) == EXP))) = true .
Warning: "output_bs.maude", line 3099 (mod SPECTEC-CORE): multiple distinct
    parses for statement
eq $canon (CANON0-N) = (2 ^ ($signif (CANON0-N) - 1)) .
Advisory: "output_bs.maude", line 4307 (mod SPECTEC-CORE): all the variables in
    the left-hand side of assignment condition fragment $lsizenn(JNN) := 8 are
    bound before the matching takes place.
Advisory: "output_bs.maude", line 4327 (mod SPECTEC-CORE): all the variables in
    the left-hand side of assignment condition fragment $lsizenn(JNN) := 16 are
    bound before the matching takes place.
Advisory: "output_bs.maude", line 4329 (mod SPECTEC-CORE): all the variables in
    the left-hand side of assignment condition fragment $lsizenn(JNN) := 16 are
    bound before the matching takes place.
Advisory: "output_bs.maude", line 4409 (mod SPECTEC-CORE): all the variables in
    the left-hand side of assignment condition fragment $vsize(VECTYPE) quo 2
    := SZ1 * M1 are bound before the matching takes place.
Warning: "output_bs.maude", line 4661 (mod SPECTEC-CORE): multiple distinct
    parses for statement
eq $shift-labelidxs ((SHIFT-LABELIDXS2-LABELIDX SHIFT-LABELIDXS2-LABELIDXQ)) =
    (SHIFT-LABELIDXS2-LABELIDX - 1) $shift-labelidxs (
    SHIFT-LABELIDXS2-LABELIDXQ) .
Advisory: "output_bs.maude", line 5014 (mod SPECTEC-CORE): all the variables in
    the left-hand side of assignment condition fragment EXPAND-R00-COMPTYPE :=
    $expanddt(EXPAND-R00-DEFTYPE) are bound before the matching takes place.
Warning: "output_bs.maude", line 5093 (mod SPECTEC-CORE): variable
    SUBTYPE-OK2-R00-COMPTYPE is used before it is bound in equation:
ceq Subtype-ok2(SUBTYPE-OK2-R00-C, CTORSUBA3(CTORFINALA0,
    SUBTYPE-OK2-R00-TYPEUSE, SUBTYPE-OK2-R00-COMPTTYPE), CTOROKA2(
    SUBTYPE-OK2-R00-X, SUBTYPE-OK2-R00-I)) = valid if CTORSUBA3(eps,
    SUBTYPE-OK2-R00-TYPEUSEQ, SUBTYPE-OK2-R00-COMPTYPEQ) := $unrollht(
    SUBTYPE-OK2-R00-C, SUBTYPE-OK2-R00-TYPEUSE) /\ len(SUBTYPE-OK2-R00-TYPEUSE)
    <= 1 = true /\ $before(SUBTYPE-OK2-R00-TYPEUSE, SUBTYPE-OK2-R00-X,
    SUBTYPE-OK2-R00-I) = true /\ Comptype-ok(SUBTYPE-OK2-R00-C,
    SUBTYPE-OK2-R00-COMPTYPE) == valid = true /\ Comptype-sub(
    SUBTYPE-OK2-R00-C, SUBTYPE-OK2-R00-COMPTYPE, SUBTYPE-OK2-R00-COMPTYPEQ) ==
    valid = true /\ SUBTYPE-OK2-R00-TYPEUSE hasType list(typeuse) : WellTyped .
Warning: "output_bs.maude", line 5102 (mod SPECTEC-CORE): variable
    DEFTYPE-OK-R00-N is used before it is bound in equation:
ceq Deftype-ok(DEFTYPE-OK-R00-C, CTORWDEFA2(DEFTYPE-OK-R00-RECTYPE,
    DEFTYPE-OK-R00-I)) = valid if CTORRECA1(DEFTYPE-OK-R00-SUBTYPE) :=
    DEFTYPE-OK-R00-RECTYPE /\ DEFTYPE-OK-R00-I < DEFTYPE-OK-R00-N = true /\
    Rectype-ok(DEFTYPE-OK-R00-C, DEFTYPE-OK-R00-RECTYPE, CTOROKA1(
    DEFTYPE-OK-R00-X)) == valid = true .
Warning: "output_bs.maude", line 5116 (mod SPECTEC-CORE): variable
    DEFTYPE-SUB-SUPER1-I is used before it is bound in equation:
ceq Deftype-sub(DEFTYPE-SUB-SUPER1-C, DEFTYPE-SUB-SUPER1-DEFTYPE1,
    DEFTYPE-SUB-SUPER1-DEFTYPE2) = valid if CTORSUBA3(DEFTYPE-SUB-SUPER1-FINAL,
    DEFTYPE-SUB-SUPER1-TYPEUSE, DEFTYPE-SUB-SUPER1-CT) := $unrolldt(
    DEFTYPE-SUB-SUPER1-DEFTYPE1) /\ Heaptype-sub(DEFTYPE-SUB-SUPER1-C, index(
    DEFTYPE-SUB-SUPER1-TYPEUSE, DEFTYPE-SUB-SUPER1-I),
    DEFTYPE-SUB-SUPER1-DEFTYPE2) == valid = true .
Warning: "output_bs.maude", line 5121 (mod SPECTEC-CORE): variable
    HEAPTYPE-SUB-TRANS1-HEAPTYPEQ is used before it is bound in equation:
ceq Heaptype-sub(HEAPTYPE-SUB-TRANS1-C, HEAPTYPE-SUB-TRANS1-HEAPTYPE1,
    HEAPTYPE-SUB-TRANS1-HEAPTYPE2) = valid if Heaptype-ok(
    HEAPTYPE-SUB-TRANS1-C, HEAPTYPE-SUB-TRANS1-HEAPTYPEQ) == valid = true /\
    Heaptype-sub(HEAPTYPE-SUB-TRANS1-C, HEAPTYPE-SUB-TRANS1-HEAPTYPE1,
    HEAPTYPE-SUB-TRANS1-HEAPTYPEQ) == valid = true /\ Heaptype-sub(
    HEAPTYPE-SUB-TRANS1-C, HEAPTYPE-SUB-TRANS1-HEAPTYPEQ,
    HEAPTYPE-SUB-TRANS1-HEAPTYPE2) == valid = true .
Advisory: "output_bs.maude", line 5195 (mod SPECTEC-CORE): all the variables in
    the left-hand side of assignment condition fragment
    EXPAND-USE-DEFTYPE0-COMPTYPE := $expanddt(EXPAND-USE-DEFTYPE0-DEFTYPE) are
    bound before the matching takes place.
Advisory: "output_bs.maude", line 5197 (mod SPECTEC-CORE): all the variables in
    the left-hand side of assignment condition fragment
    EXPAND-USE-TYPEIDX1-COMPTYPE := $expanddt(index(value('TYPES,
    EXPAND-USE-TYPEIDX1-C), EXPAND-USE-TYPEIDX1-TYPEIDX)) are bound before the
    matching takes place.
Warning: "output_bs.maude", line 5223 (mod SPECTEC-CORE): variable
    TAGTYPE-OK-R00-T1 is used before it is bound in equation:
ceq Tagtype-ok(TAGTYPE-OK-R00-C, TAGTYPE-OK-R00-TYPEUSE) = valid if Typeuse-ok(
    TAGTYPE-OK-R00-C, TAGTYPE-OK-R00-TYPEUSE) == valid = true /\ Expand-use(
    TAGTYPE-OK-R00-TYPEUSE, TAGTYPE-OK-R00-C, CTORFUNCARROWA2(
    TAGTYPE-OK-R00-T1, TAGTYPE-OK-R00-T2)) == valid = true .
Warning: "output_bs.maude", line 5233 (mod SPECTEC-CORE): multiple distinct
    parses for statement
ceq Memtype-ok (MEMTYPE-OK-R00-C, CTORPAGEA2 (MEMTYPE-OK-R00-ADDRTYPE,
    MEMTYPE-OK-R00-LIMITS)) = valid if (Limits-ok (MEMTYPE-OK-R00-C,
    MEMTYPE-OK-R00-LIMITS, ((2 ^ ($size (MEMTYPE-OK-R00-ADDRTYPE) - 16)))) ==
    valid) = true .
Warning: "output_bs.maude", line 5238 (mod SPECTEC-CORE): multiple distinct
    parses for statement
ceq Tabletype-ok (TABLETYPE-OK-R00-C, TABLETYPE-OK-R00-ADDRTYPE
    TABLETYPE-OK-R00-LIMITS TABLETYPE-OK-R00-REFTYPE) = valid if (Limits-ok (
    TABLETYPE-OK-R00-C, TABLETYPE-OK-R00-LIMITS, (((2 ^ $size (
    TABLETYPE-OK-R00-ADDRTYPE)) - 1))) == valid) = true /\ (Reftype-ok (
    TABLETYPE-OK-R00-C, TABLETYPE-OK-R00-REFTYPE) == valid) = true .
Warning: "output_bs.maude", line 5251 (mod SPECTEC-CORE): variable
    EXTERNTYPE-OK-FUNC4-T1 is used before it is bound in equation:
ceq Externtype-ok(EXTERNTYPE-OK-FUNC4-C, CTORFUNCA1(
    EXTERNTYPE-OK-FUNC4-TYPEUSE)) = valid if Typeuse-ok(EXTERNTYPE-OK-FUNC4-C,
    EXTERNTYPE-OK-FUNC4-TYPEUSE) == valid = true /\ Expand-use(
    EXTERNTYPE-OK-FUNC4-TYPEUSE, EXTERNTYPE-OK-FUNC4-C, CTORFUNCARROWA2(
    EXTERNTYPE-OK-FUNC4-T1, EXTERNTYPE-OK-FUNC4-T2)) == valid = true .
Advisory: "output_bs.maude", line 5319 (mod SPECTEC-CORE): all the variables in
    the left-hand side of assignment condition fragment CTORFUNCARROWA2(
    BLOCKTYPE-OK-TYPEIDX1-T1, BLOCKTYPE-OK-TYPEIDX1-T2) := $expanddt(index(
    value('TYPES, BLOCKTYPE-OK-TYPEIDX1-C), BLOCKTYPE-OK-TYPEIDX1-TYPEIDX)) are
    bound before the matching takes place.
Warning: "output_bs.maude", line 5361 (mod SPECTEC-CORE): variable
    INSTR-OK-SELECT-IMPL4-TQ is used before it is bound in equation:
ceq Instr-ok(INSTR-OK-SELECT-IMPL4-C, CTORSELECTA1(eps), CTORARROWA3(
    INSTR-OK-SELECT-IMPL4-T INSTR-OK-SELECT-IMPL4-T CTORI32A0, eps,
    INSTR-OK-SELECT-IMPL4-T)) = valid if INSTR-OK-SELECT-IMPL4-TQ ==
    INSTR-OK-SELECT-IMPL4-NUMTYPE or INSTR-OK-SELECT-IMPL4-TQ ==
    INSTR-OK-SELECT-IMPL4-VECTYPE = true /\ Valtype-ok(INSTR-OK-SELECT-IMPL4-C,
    INSTR-OK-SELECT-IMPL4-T) == valid = true /\ Valtype-sub(
    INSTR-OK-SELECT-IMPL4-C, INSTR-OK-SELECT-IMPL4-T, INSTR-OK-SELECT-IMPL4-TQ)
    == valid = true .
Warning: "output_bs.maude", line 5363 (mod SPECTEC-CORE): variable
    INSTR-OK-BLOCK5-X is used before it is bound in equation:
ceq Instr-ok(INSTR-OK-BLOCK5-C, CTORBLOCKA2(INSTR-OK-BLOCK5-BT,
    INSTR-OK-BLOCK5-INSTR), CTORARROWA3(INSTR-OK-BLOCK5-T1, eps,
    INSTR-OK-BLOCK5-T2)) = valid if Blocktype-ok(INSTR-OK-BLOCK5-C,
    INSTR-OK-BLOCK5-BT, CTORARROWA3(INSTR-OK-BLOCK5-T1, eps,
    INSTR-OK-BLOCK5-T2)) == valid = true /\ Instrs-ok(merge({item('TYPES, eps)
    ; item('RECS, eps) ; item('TAGS, eps) ; item('GLOBALS, eps) ; item('MEMS,
    eps) ; item('TABLES, eps) ; item('FUNCS, eps) ; item('DATAS, eps) ; item(
    'ELEMS, eps) ; item('LOCALS, eps) ; item('LABELS, INSTR-OK-BLOCK5-T2) ;
    item('RETURN, eps) ; item('REFS, eps)}, INSTR-OK-BLOCK5-C),
    INSTR-OK-BLOCK5-INSTR, CTORARROWA3(INSTR-OK-BLOCK5-T1, INSTR-OK-BLOCK5-X,
    INSTR-OK-BLOCK5-T2)) == valid = true /\ INSTR-OK-BLOCK5-INSTR hasType list(
    instr) : WellTyped /\ INSTR-OK-BLOCK5-T1 hasType list(valtype) : WellTyped
    /\ INSTR-OK-BLOCK5-T2 hasType list(valtype) : WellTyped .
Warning: "output_bs.maude", line 5365 (mod SPECTEC-CORE): variable
    INSTR-OK-LOOP6-X is used before it is bound in equation:
ceq Instr-ok(INSTR-OK-LOOP6-C, CTORLOOPA2(INSTR-OK-LOOP6-BT,
    INSTR-OK-LOOP6-INSTR), CTORARROWA3(INSTR-OK-LOOP6-T1, eps,
    INSTR-OK-LOOP6-T2)) = valid if Blocktype-ok(INSTR-OK-LOOP6-C,
    INSTR-OK-LOOP6-BT, CTORARROWA3(INSTR-OK-LOOP6-T1, eps, INSTR-OK-LOOP6-T2))
    == valid = true /\ Instrs-ok(merge({item('TYPES, eps) ; item('RECS, eps) ;
    item('TAGS, eps) ; item('GLOBALS, eps) ; item('MEMS, eps) ; item('TABLES,
    eps) ; item('FUNCS, eps) ; item('DATAS, eps) ; item('ELEMS, eps) ; item(
    'LOCALS, eps) ; item('LABELS, INSTR-OK-LOOP6-T1) ; item('RETURN, eps) ;
    item('REFS, eps)}, INSTR-OK-LOOP6-C), INSTR-OK-LOOP6-INSTR, CTORARROWA3(
    INSTR-OK-LOOP6-T1, INSTR-OK-LOOP6-X, INSTR-OK-LOOP6-T2)) == valid = true /\
    INSTR-OK-LOOP6-INSTR hasType list(instr) : WellTyped /\ INSTR-OK-LOOP6-T1
    hasType list(valtype) : WellTyped /\ INSTR-OK-LOOP6-T2 hasType list(
    valtype) : WellTyped .
Warning: "output_bs.maude", line 5367 (mod SPECTEC-CORE): variable
    INSTR-OK-W-IF7-X1 is used before it is bound in equation:
ceq Instr-ok(INSTR-OK-W-IF7-C, CTORWIFELSEA3(INSTR-OK-W-IF7-BT,
    INSTR-OK-W-IF7-INSTR1, INSTR-OK-W-IF7-INSTR2), CTORARROWA3(
    INSTR-OK-W-IF7-T1 CTORI32A0, eps, INSTR-OK-W-IF7-T2)) = valid if
    Blocktype-ok(INSTR-OK-W-IF7-C, INSTR-OK-W-IF7-BT, CTORARROWA3(
    INSTR-OK-W-IF7-T1, eps, INSTR-OK-W-IF7-T2)) == valid = true /\ Instrs-ok(
    merge({item('TYPES, eps) ; item('RECS, eps) ; item('TAGS, eps) ; item(
    'GLOBALS, eps) ; item('MEMS, eps) ; item('TABLES, eps) ; item('FUNCS, eps)
    ; item('DATAS, eps) ; item('ELEMS, eps) ; item('LOCALS, eps) ; item(
    'LABELS, INSTR-OK-W-IF7-T2) ; item('RETURN, eps) ; item('REFS, eps)},
    INSTR-OK-W-IF7-C), INSTR-OK-W-IF7-INSTR1, CTORARROWA3(INSTR-OK-W-IF7-T1,
    INSTR-OK-W-IF7-X1, INSTR-OK-W-IF7-T2)) == valid = true /\ Instrs-ok(merge({
    item('TYPES, eps) ; item('RECS, eps) ; item('TAGS, eps) ; item('GLOBALS,
    eps) ; item('MEMS, eps) ; item('TABLES, eps) ; item('FUNCS, eps) ; item(
    'DATAS, eps) ; item('ELEMS, eps) ; item('LOCALS, eps) ; item('LABELS,
    INSTR-OK-W-IF7-T2) ; item('RETURN, eps) ; item('REFS, eps)},
    INSTR-OK-W-IF7-C), INSTR-OK-W-IF7-INSTR2, CTORARROWA3(INSTR-OK-W-IF7-T1,
    INSTR-OK-W-IF7-X2, INSTR-OK-W-IF7-T2)) == valid = true /\
    INSTR-OK-W-IF7-INSTR1 hasType list(instr) : WellTyped /\
    INSTR-OK-W-IF7-INSTR2 hasType list(instr) : WellTyped /\ INSTR-OK-W-IF7-T1
    hasType list(valtype) : WellTyped /\ INSTR-OK-W-IF7-T2 hasType list(
    valtype) : WellTyped .
Advisory: "output_bs.maude", line 5384 (mod SPECTEC-CORE): all the variables in
    the left-hand side of assignment condition fragment CTORFUNCARROWA2(
    INSTR-OK-CALL15-T1, INSTR-OK-CALL15-T2) := $expanddt(index(value('FUNCS,
    INSTR-OK-CALL15-C), INSTR-OK-CALL15-X)) are bound before the matching takes
    place.
Advisory: "output_bs.maude", line 5386 (mod SPECTEC-CORE): all the variables in
    the left-hand side of assignment condition fragment CTORFUNCARROWA2(
    INSTR-OK-CALL-REF16-T1, INSTR-OK-CALL-REF16-T2) := $expanddt(index(value(
    'TYPES, INSTR-OK-CALL-REF16-C), INSTR-OK-CALL-REF16-X)) are bound before
    the matching takes place.
Advisory: "output_bs.maude", line 5388 (mod SPECTEC-CORE): all the variables in
    the left-hand side of assignment condition fragment CTORFUNCARROWA2(
    INSTR-OK-CALL-INDIRECT17-T1, INSTR-OK-CALL-INDIRECT17-T2) := $expanddt(
    index(value('TYPES, INSTR-OK-CALL-INDIRECT17-C),
    INSTR-OK-CALL-INDIRECT17-Y)) are bound before the matching takes place.
Advisory: "output_bs.maude", line 5398 (mod SPECTEC-CORE): all the variables in
    the left-hand side of assignment condition fragment CTORFUNCARROWA2(
    INSTR-OK-THROW22-T, eps) := $expanddt($as-deftype(index(value('TAGS,
    INSTR-OK-THROW22-C), INSTR-OK-THROW22-X))) are bound before the matching
    takes place.
Warning: "output_bs.maude", line 5401 (mod SPECTEC-CORE): variable
    INSTR-OK-TRY-TABLE24-X is used before it is bound in equation:
ceq Instr-ok(INSTR-OK-TRY-TABLE24-C, CTORTRYTABLEA3(INSTR-OK-TRY-TABLE24-BT,
    INSTR-OK-TRY-TABLE24-CATCH, INSTR-OK-TRY-TABLE24-INSTR), CTORARROWA3(
    INSTR-OK-TRY-TABLE24-T1, eps, INSTR-OK-TRY-TABLE24-T2)) = valid if
    Blocktype-ok(INSTR-OK-TRY-TABLE24-C, INSTR-OK-TRY-TABLE24-BT, CTORARROWA3(
    INSTR-OK-TRY-TABLE24-T1, eps, INSTR-OK-TRY-TABLE24-T2)) == valid = true /\
    Instrs-ok(merge({item('TYPES, eps) ; item('RECS, eps) ; item('TAGS, eps) ;
    item('GLOBALS, eps) ; item('MEMS, eps) ; item('TABLES, eps) ; item('FUNCS,
    eps) ; item('DATAS, eps) ; item('ELEMS, eps) ; item('LOCALS, eps) ; item(
    'LABELS, INSTR-OK-TRY-TABLE24-T2) ; item('RETURN, eps) ; item('REFS, eps)},
    INSTR-OK-TRY-TABLE24-C), INSTR-OK-TRY-TABLE24-INSTR, CTORARROWA3(
    INSTR-OK-TRY-TABLE24-T1, INSTR-OK-TRY-TABLE24-X, INSTR-OK-TRY-TABLE24-T2))
    == valid = true /\ Catch-ok(INSTR-OK-TRY-TABLE24-C,
    INSTR-OK-TRY-TABLE24-CATCH) == valid = true /\ INSTR-OK-TRY-TABLE24-CATCH
    hasType list(catch) : WellTyped /\ INSTR-OK-TRY-TABLE24-INSTR hasType list(
    instr) : WellTyped /\ INSTR-OK-TRY-TABLE24-T1 hasType list(valtype) :
    WellTyped /\ INSTR-OK-TRY-TABLE24-T2 hasType list(valtype) : WellTyped .
Warning: "output_bs.maude", line 5436 (mod SPECTEC-CORE): variable
    INSTR-OK-ARRAY-NEW-DATA42-NUMTYPE is used before it is bound in equation:
ceq Instr-ok(INSTR-OK-ARRAY-NEW-DATA42-C, CTORARRAYNEWDATAA2(
    INSTR-OK-ARRAY-NEW-DATA42-X, INSTR-OK-ARRAY-NEW-DATA42-Y), CTORARROWA3(
    CTORI32A0 CTORI32A0, eps, CTORREFA2(eps, CTORWIDXA1(
    INSTR-OK-ARRAY-NEW-DATA42-X)))) = valid if CTORARRAYA1(
    INSTR-OK-ARRAY-NEW-DATA42-MUT INSTR-OK-ARRAY-NEW-DATA42-ZT) := $expanddt(
    index(value('TYPES, INSTR-OK-ARRAY-NEW-DATA42-C),
    INSTR-OK-ARRAY-NEW-DATA42-X)) /\ $unpack(INSTR-OK-ARRAY-NEW-DATA42-ZT) ==
    INSTR-OK-ARRAY-NEW-DATA42-NUMTYPE or $unpack(INSTR-OK-ARRAY-NEW-DATA42-ZT)
    == INSTR-OK-ARRAY-NEW-DATA42-VECTYPE = true /\ index(value('DATAS,
    INSTR-OK-ARRAY-NEW-DATA42-C), INSTR-OK-ARRAY-NEW-DATA42-Y) == CTOROKA0 =
    true .
Advisory: "output_bs.maude", line 5443 (mod SPECTEC-CORE): all the variables in
    the left-hand side of assignment condition fragment CTORARRAYA1(CTORMUTA0
    INSTR-OK-ARRAY-SET44-ZT) := $expanddt(index(value('TYPES,
    INSTR-OK-ARRAY-SET44-C), INSTR-OK-ARRAY-SET44-X)) are bound before the
    matching takes place.
Advisory: "output_bs.maude", line 5446 (mod SPECTEC-CORE): all the variables in
    the left-hand side of assignment condition fragment CTORARRAYA1(CTORMUTA0
    INSTR-OK-ARRAY-FILL46-ZT) := $expanddt(index(value('TYPES,
    INSTR-OK-ARRAY-FILL46-C), INSTR-OK-ARRAY-FILL46-X)) are bound before the
    matching takes place.
Warning: "output_bs.maude", line 5451 (mod SPECTEC-CORE): variable
    INSTR-OK-ARRAY-INIT-DATA49-NUMTYPE is used before it is bound in equation:
ceq Instr-ok(INSTR-OK-ARRAY-INIT-DATA49-C, CTORARRAYINITDATAA2(
    INSTR-OK-ARRAY-INIT-DATA49-X, INSTR-OK-ARRAY-INIT-DATA49-Y), CTORARROWA3(
    CTORREFA2(CTORNULLA0, CTORWIDXA1(INSTR-OK-ARRAY-INIT-DATA49-X)) CTORI32A0
    CTORI32A0 CTORI32A0, eps, eps)) = valid if CTORARRAYA1(CTORMUTA0
    INSTR-OK-ARRAY-INIT-DATA49-ZT) := $expanddt(index(value('TYPES,
    INSTR-OK-ARRAY-INIT-DATA49-C), INSTR-OK-ARRAY-INIT-DATA49-X)) /\ $unpack(
    INSTR-OK-ARRAY-INIT-DATA49-ZT) == INSTR-OK-ARRAY-INIT-DATA49-NUMTYPE or
    $unpack(INSTR-OK-ARRAY-INIT-DATA49-ZT) ==
    INSTR-OK-ARRAY-INIT-DATA49-VECTYPE = true /\ index(value('DATAS,
    INSTR-OK-ARRAY-INIT-DATA49-C), INSTR-OK-ARRAY-INIT-DATA49-Y) == CTOROKA0 =
    true .
Warning: "output_bs.maude", line 5565 (mod SPECTEC-CORE): variable
    INSTRS-OK-SEQ1-T2 is used before it is bound in equation:
ceq Instrs-ok(INSTRS-OK-SEQ1-C, INSTRS-OK-SEQ1-INSTR1 INSTRS-OK-SEQ1-INSTR2,
    CTORARROWA3(INSTRS-OK-SEQ1-T1, INSTRS-OK-SEQ1-X1 INSTRS-OK-SEQ1-X2,
    INSTRS-OK-SEQ1-T3)) = valid if INSTRS-OK-SEQ1-INIT INSTRS-OK-SEQ1-T :=
    index(value('LOCALS, INSTRS-OK-SEQ1-C), INSTRS-OK-SEQ1-X1) /\ Instr-ok(
    INSTRS-OK-SEQ1-C, INSTRS-OK-SEQ1-INSTR1, CTORARROWA3(INSTRS-OK-SEQ1-T1,
    INSTRS-OK-SEQ1-X1, INSTRS-OK-SEQ1-T2)) == valid = true /\ Instrs-ok(
    $with-locals(INSTRS-OK-SEQ1-C, INSTRS-OK-SEQ1-X1, CTORSETA0
    INSTRS-OK-SEQ1-T), INSTRS-OK-SEQ1-INSTR2, CTORARROWA3(INSTRS-OK-SEQ1-T2,
    INSTRS-OK-SEQ1-X2, INSTRS-OK-SEQ1-T3)) == valid = true /\
    INSTRS-OK-SEQ1-INSTR2 hasType list(instr) : WellTyped /\ INSTRS-OK-SEQ1-T1
    hasType list(valtype) : WellTyped /\ INSTRS-OK-SEQ1-X1 hasType list(idx) :
    WellTyped /\ INSTRS-OK-SEQ1-X2 hasType list(idx) : WellTyped /\
    INSTRS-OK-SEQ1-T3 hasType list(valtype) : WellTyped .
Warning: "output_bs.maude", line 5567 (mod SPECTEC-CORE): variable
    INSTRS-OK-SUB2-IT is used before it is bound in equation:
ceq Instrs-ok(INSTRS-OK-SUB2-C, INSTRS-OK-SUB2-INSTR, INSTRS-OK-SUB2-ITQ) =
    valid if Instrs-ok(INSTRS-OK-SUB2-C, INSTRS-OK-SUB2-INSTR,
    INSTRS-OK-SUB2-IT) == valid = true /\ Instrtype-sub(INSTRS-OK-SUB2-C,
    INSTRS-OK-SUB2-IT, INSTRS-OK-SUB2-ITQ) == valid = true /\ Instrtype-ok(
    INSTRS-OK-SUB2-C, INSTRS-OK-SUB2-ITQ) == valid = true /\
    INSTRS-OK-SUB2-INSTR hasType list(instr) : WellTyped .
Warning: "output_bs.maude", line 5650 (mod SPECTEC-CORE): variable
    FUNC-OK-R00-LCT is used before it is bound in equation:
ceq Func-ok(FUNC-OK-R00-C, CTORFUNCA3(FUNC-OK-R00-X, FUNC-OK-R00-LOCAL,
    FUNC-OK-R00-EXPR), index(value('TYPES, FUNC-OK-R00-C), FUNC-OK-R00-X)) =
    valid if CTORFUNCARROWA2(FUNC-OK-R00-T1, FUNC-OK-R00-T2) := $expanddt(
    index(value('TYPES, FUNC-OK-R00-C), FUNC-OK-R00-X)) /\ Local-ok(
    FUNC-OK-R00-C, FUNC-OK-R00-LOCAL, FUNC-OK-R00-LCT) == valid = true /\
    Expr-ok(merge(FUNC-OK-R00-C, {item('TYPES, eps) ; item('RECS, eps) ; item(
    'TAGS, eps) ; item('GLOBALS, eps) ; item('MEMS, eps) ; item('TABLES, eps) ;
    item('FUNCS, eps) ; item('DATAS, eps) ; item('ELEMS, eps) ; item('LOCALS,
    CTORSETA0 FUNC-OK-R00-T1 FUNC-OK-R00-LCT) ; item('LABELS, FUNC-OK-R00-T2) ;
    item('RETURN, FUNC-OK-R00-T2) ; item('REFS, eps)}), FUNC-OK-R00-EXPR,
    FUNC-OK-R00-T2) == valid = true /\ FUNC-OK-R00-LOCAL hasType list(local) :
    WellTyped .
Advisory: "output_bs.maude", line 5679 (mod SPECTEC-CORE): all the variables in
    the left-hand side of assignment condition fragment CTORFUNCARROWA2(eps,
    eps) := $expanddt(index(value('FUNCS, START-OK-R00-C), START-OK-R00-X)) are
    bound before the matching takes place.
Warning: "output_bs.maude", line 5724 (mod SPECTEC-CORE): variable
    MODULE-OK-R00-NM is used before it is bound in equation:
ceq Module-ok(CTORMODULEA11(MODULE-OK-R00-TYPE, MODULE-OK-R00-IMPORT,
    MODULE-OK-R00-TAG, MODULE-OK-R00-GLOBAL, MODULE-OK-R00-MEM,
    MODULE-OK-R00-TABLE, MODULE-OK-R00-FUNC, MODULE-OK-R00-DATA,
    MODULE-OK-R00-ELEM, MODULE-OK-R00-START, MODULE-OK-R00-EXPORT),
    $clos-moduletype(MODULE-OK-R00-C, CTORARROWA2(MODULE-OK-R00-XTI,
    MODULE-OK-R00-XTE))) = valid if merge(MODULE-OK-R00-CQ, {item('TYPES, eps)
    ; item('RECS, eps) ; item('TAGS, MODULE-OK-R00-JTI MODULE-OK-R00-JT) ;
    item('GLOBALS, MODULE-OK-R00-GT) ; item('MEMS, MODULE-OK-R00-MTI
    MODULE-OK-R00-MT) ; item('TABLES, MODULE-OK-R00-TTI MODULE-OK-R00-TT) ;
    item('FUNCS, eps) ; item('DATAS, MODULE-OK-R00-OK) ; item('ELEMS,
    MODULE-OK-R00-RT) ; item('LOCALS, eps) ; item('LABELS, eps) ; item('RETURN,
    eps) ; item('REFS, eps)}) := MODULE-OK-R00-C /\ {item('TYPES,
    MODULE-OK-R00-DTQ) ; item('RECS, eps) ; item('TAGS, eps) ; item('GLOBALS,
    MODULE-OK-R00-GTI) ; item('MEMS, eps) ; item('TABLES, eps) ; item('FUNCS,
    MODULE-OK-R00-DTI MODULE-OK-R00-DT) ; item('DATAS, eps) ; item('ELEMS, eps)
    ; item('LOCALS, eps) ; item('LABELS, eps) ; item('RETURN, eps) ; item(
    'REFS, MODULE-OK-R00-X)} := MODULE-OK-R00-CQ /\ $disjoint(name,
    MODULE-OK-R00-NM) = true /\ MODULE-OK-R00-X == $funcidx-nonfuncs(
    MODULE-OK-R00-GLOBAL MODULE-OK-R00-MEM MODULE-OK-R00-TABLE
    MODULE-OK-R00-ELEM) = true /\ MODULE-OK-R00-JTI == $tagsxt(
    MODULE-OK-R00-XTI) = true /\ MODULE-OK-R00-GTI == $globalsxt(
    MODULE-OK-R00-XTI) = true /\ MODULE-OK-R00-MTI == $memsxt(
    MODULE-OK-R00-XTI) = true /\ MODULE-OK-R00-TTI == $tablesxt(
    MODULE-OK-R00-XTI) = true /\ MODULE-OK-R00-DTI == $funcsxt(
    MODULE-OK-R00-XTI) = true /\ Types-ok({item('TYPES, eps) ; item('RECS, eps)
    ; item('TAGS, eps) ; item('GLOBALS, eps) ; item('MEMS, eps) ; item('TABLES,
    eps) ; item('FUNCS, eps) ; item('DATAS, eps) ; item('ELEMS, eps) ; item(
    'LOCALS, eps) ; item('LABELS, eps) ; item('RETURN, eps) ; item('REFS,
    eps)}, MODULE-OK-R00-TYPE, MODULE-OK-R00-DTQ) == valid = true /\ Import-ok(
    {item('TYPES, MODULE-OK-R00-DTQ) ; item('RECS, eps) ; item('TAGS, eps) ;
    item('GLOBALS, eps) ; item('MEMS, eps) ; item('TABLES, eps) ; item('FUNCS,
    eps) ; item('DATAS, eps) ; item('ELEMS, eps) ; item('LOCALS, eps) ; item(
    'LABELS, eps) ; item('RETURN, eps) ; item('REFS, eps)},
    MODULE-OK-R00-IMPORT, MODULE-OK-R00-XTI) == valid = true /\ Tag-ok(
    MODULE-OK-R00-CQ, MODULE-OK-R00-TAG, MODULE-OK-R00-JT) == valid = true /\
    Globals-ok(MODULE-OK-R00-CQ, MODULE-OK-R00-GLOBAL, MODULE-OK-R00-GT) ==
    valid = true /\ Mem-ok(MODULE-OK-R00-CQ, MODULE-OK-R00-MEM,
    MODULE-OK-R00-MT) == valid = true /\ Table-ok(MODULE-OK-R00-CQ,
    MODULE-OK-R00-TABLE, MODULE-OK-R00-TT) == valid = true /\ Func-ok(
    MODULE-OK-R00-C, MODULE-OK-R00-FUNC, MODULE-OK-R00-DT) == valid = true /\
    Data-ok(MODULE-OK-R00-C, MODULE-OK-R00-DATA, MODULE-OK-R00-OK) == valid =
    true /\ Elem-ok(MODULE-OK-R00-C, MODULE-OK-R00-ELEM, MODULE-OK-R00-RT) ==
    valid = true /\ Start-ok(MODULE-OK-R00-C, MODULE-OK-R00-START) == valid =
    true /\ Export-ok(MODULE-OK-R00-C, MODULE-OK-R00-EXPORT, MODULE-OK-R00-NM,
    MODULE-OK-R00-XTE) == valid = true /\ MODULE-OK-R00-TYPE hasType list(type)
    : WellTyped /\ MODULE-OK-R00-IMPORT hasType list(import) : WellTyped /\
    MODULE-OK-R00-TAG hasType list(tag) : WellTyped /\ MODULE-OK-R00-GLOBAL
    hasType list(global) : WellTyped /\ MODULE-OK-R00-MEM hasType list(mem) :
    WellTyped /\ MODULE-OK-R00-TABLE hasType list(table) : WellTyped /\
    MODULE-OK-R00-FUNC hasType list(func) : WellTyped /\ MODULE-OK-R00-DATA
    hasType list(data) : WellTyped /\ MODULE-OK-R00-ELEM hasType list(elem) :
    WellTyped /\ MODULE-OK-R00-EXPORT hasType list(export) : WellTyped /\
    MODULE-OK-R00-XTI hasType list(externtype) : WellTyped /\ MODULE-OK-R00-XTE
    hasType list(externtype) : WellTyped .
Warning: "output_bs.maude", line 5726 (mod SPECTEC-CORE): variable
    MODULE-OK-R00-NM is used before it is bound in equation:
ceq Module-ok(CTORMODULEA11(MODULE-OK-R00-TYPE, MODULE-OK-R00-IMPORT,
    MODULE-OK-R00-TAG, MODULE-OK-R00-GLOBAL, MODULE-OK-R00-MEM,
    MODULE-OK-R00-TABLE, MODULE-OK-R00-FUNC, MODULE-OK-R00-DATA,
    MODULE-OK-R00-ELEM, eps, MODULE-OK-R00-EXPORT), $clos-moduletype(
    MODULE-OK-R00-C, CTORARROWA2(MODULE-OK-R00-XTI, MODULE-OK-R00-XTE))) =
    valid if merge(MODULE-OK-R00-CQ, {item('TYPES, eps) ; item('RECS, eps) ;
    item('TAGS, MODULE-OK-R00-JTI MODULE-OK-R00-JT) ; item('GLOBALS,
    MODULE-OK-R00-GT) ; item('MEMS, MODULE-OK-R00-MTI MODULE-OK-R00-MT) ; item(
    'TABLES, MODULE-OK-R00-TTI MODULE-OK-R00-TT) ; item('FUNCS, eps) ; item(
    'DATAS, MODULE-OK-R00-OK) ; item('ELEMS, MODULE-OK-R00-RT) ; item('LOCALS,
    eps) ; item('LABELS, eps) ; item('RETURN, eps) ; item('REFS, eps)}) :=
    MODULE-OK-R00-C /\ {item('TYPES, MODULE-OK-R00-DTQ) ; item('RECS, eps) ;
    item('TAGS, eps) ; item('GLOBALS, MODULE-OK-R00-GTI) ; item('MEMS, eps) ;
    item('TABLES, eps) ; item('FUNCS, MODULE-OK-R00-DTI MODULE-OK-R00-DT) ;
    item('DATAS, eps) ; item('ELEMS, eps) ; item('LOCALS, eps) ; item('LABELS,
    eps) ; item('RETURN, eps) ; item('REFS, MODULE-OK-R00-X)} :=
    MODULE-OK-R00-CQ /\ $disjoint(name, MODULE-OK-R00-NM) = true /\
    MODULE-OK-R00-X == $funcidx-nonfuncs(MODULE-OK-R00-GLOBAL MODULE-OK-R00-MEM
    MODULE-OK-R00-TABLE MODULE-OK-R00-ELEM) = true /\ MODULE-OK-R00-JTI ==
    $tagsxt(MODULE-OK-R00-XTI) = true /\ MODULE-OK-R00-GTI == $globalsxt(
    MODULE-OK-R00-XTI) = true /\ MODULE-OK-R00-MTI == $memsxt(
    MODULE-OK-R00-XTI) = true /\ MODULE-OK-R00-TTI == $tablesxt(
    MODULE-OK-R00-XTI) = true /\ MODULE-OK-R00-DTI == $funcsxt(
    MODULE-OK-R00-XTI) = true /\ Types-ok({item('TYPES, eps) ; item('RECS, eps)
    ; item('TAGS, eps) ; item('GLOBALS, eps) ; item('MEMS, eps) ; item('TABLES,
    eps) ; item('FUNCS, eps) ; item('DATAS, eps) ; item('ELEMS, eps) ; item(
    'LOCALS, eps) ; item('LABELS, eps) ; item('RETURN, eps) ; item('REFS,
    eps)}, MODULE-OK-R00-TYPE, MODULE-OK-R00-DTQ) == valid = true /\ Import-ok(
    {item('TYPES, MODULE-OK-R00-DTQ) ; item('RECS, eps) ; item('TAGS, eps) ;
    item('GLOBALS, eps) ; item('MEMS, eps) ; item('TABLES, eps) ; item('FUNCS,
    eps) ; item('DATAS, eps) ; item('ELEMS, eps) ; item('LOCALS, eps) ; item(
    'LABELS, eps) ; item('RETURN, eps) ; item('REFS, eps)},
    MODULE-OK-R00-IMPORT, MODULE-OK-R00-XTI) == valid = true /\ Tag-ok(
    MODULE-OK-R00-CQ, MODULE-OK-R00-TAG, MODULE-OK-R00-JT) == valid = true /\
    Globals-ok(MODULE-OK-R00-CQ, MODULE-OK-R00-GLOBAL, MODULE-OK-R00-GT) ==
    valid = true /\ Mem-ok(MODULE-OK-R00-CQ, MODULE-OK-R00-MEM,
    MODULE-OK-R00-MT) == valid = true /\ Table-ok(MODULE-OK-R00-CQ,
    MODULE-OK-R00-TABLE, MODULE-OK-R00-TT) == valid = true /\ Func-ok(
    MODULE-OK-R00-C, MODULE-OK-R00-FUNC, MODULE-OK-R00-DT) == valid = true /\
    Data-ok(MODULE-OK-R00-C, MODULE-OK-R00-DATA, MODULE-OK-R00-OK) == valid =
    true /\ Elem-ok(MODULE-OK-R00-C, MODULE-OK-R00-ELEM, MODULE-OK-R00-RT) ==
    valid = true /\ Start-ok(MODULE-OK-R00-C, eps) == valid = true /\
    Export-ok(MODULE-OK-R00-C, MODULE-OK-R00-EXPORT, MODULE-OK-R00-NM,
    MODULE-OK-R00-XTE) == valid = true /\ MODULE-OK-R00-TYPE hasType list(type)
    : WellTyped /\ MODULE-OK-R00-IMPORT hasType list(import) : WellTyped /\
    MODULE-OK-R00-TAG hasType list(tag) : WellTyped /\ MODULE-OK-R00-GLOBAL
    hasType list(global) : WellTyped /\ MODULE-OK-R00-MEM hasType list(mem) :
    WellTyped /\ MODULE-OK-R00-TABLE hasType list(table) : WellTyped /\
    MODULE-OK-R00-FUNC hasType list(func) : WellTyped /\ MODULE-OK-R00-DATA
    hasType list(data) : WellTyped /\ MODULE-OK-R00-ELEM hasType list(elem) :
    WellTyped /\ MODULE-OK-R00-EXPORT hasType list(export) : WellTyped /\
    MODULE-OK-R00-XTI hasType list(externtype) : WellTyped /\ MODULE-OK-R00-XTE
    hasType list(externtype) : WellTyped .
Warning: "output_bs.maude", line 5926 (mod SPECTEC-CORE): multiple distinct
    parses for statement
ceq $signed (SIGNED0-N, SIGNED0-I) = SIGNED0-I if ((SIGNED0-I < (2 ^ (SIGNED0-N
    - 1)))) = true .
Warning: "output_bs.maude", line 5928 (mod SPECTEC-CORE): multiple distinct
    parses for statement
ceq $signed (SIGNED1-N, SIGNED1-I) = (SIGNED1-I - (2 ^ SIGNED1-N)) if (((2 ^ (
    SIGNED1-N - 1)) <= SIGNED1-I)) = true /\ ((SIGNED1-I < (2 ^ SIGNED1-N))) =
    true .
Warning: "output_bs.maude", line 5935 (mod SPECTEC-CORE): multiple distinct
    parses for statement
ceq $inv-signed (INV-SIGNED0-N, INV-SIGNED0-I) = INV-SIGNED0-I if ((0 <=
    INV-SIGNED0-I)) = true /\ ((INV-SIGNED0-I < (2 ^ (INV-SIGNED0-N - 1)))) =
    true .
Warning: "output_bs.maude", line 5937 (mod SPECTEC-CORE): multiple distinct
    parses for statement
ceq $inv-signed (INV-SIGNED1-N, INV-SIGNED1-I) = (INV-SIGNED1-I + (2 ^
    INV-SIGNED1-N)) if (((0 - ((2 ^ (INV-SIGNED1-N - 1)))) <= INV-SIGNED1-I)) =
    true /\ ((INV-SIGNED1-I < 0)) = true .
Warning: "output_bs.maude", line 5979 (mod SPECTEC-CORE): multiple distinct
    parses for statement
ceq $sat-u (SAT-U1-N, SAT-U1-I) = ((2 ^ SAT-U1-N) - 1) if ((SAT-U1-I > ((2 ^
    SAT-U1-N) - 1))) = true .
Warning: "output_bs.maude", line 5987 (mod SPECTEC-CORE): multiple distinct
    parses for statement
ceq $sat-s (SAT-S0-N, SAT-S0-I) = (0 - ((2 ^ (SAT-S0-N - 1)))) if ((SAT-S0-I <
    (0 - ((2 ^ (SAT-S0-N - 1)))))) = true .
Warning: "output_bs.maude", line 5989 (mod SPECTEC-CORE): multiple distinct
    parses for statement
ceq $sat-s (SAT-S1-N, SAT-S1-I) = ((2 ^ (SAT-S1-N - 1)) - 1) if ((SAT-S1-I > ((
    2 ^ (SAT-S1-N - 1)) - 1))) = true .
Warning: "output_bs.maude", line 5997 (mod SPECTEC-CORE): multiple distinct
    parses for statement
eq $ineg (INEG0-N, INEG0-I1) = (((2 ^ INEG0-N) - INEG0-I1) rem (2 ^ INEG0-N)) .
Warning: "output_bs.maude", line 6036 (mod SPECTEC-CORE): multiple distinct
    parses for statement
eq $isub (ISUB0-N, ISUB0-I1, ISUB0-I2) = ((((2 ^ ISUB0-N) + ISUB0-I1) -
    ISUB0-I2) rem (2 ^ ISUB0-N)) .
Warning: "output_bs.maude", line 6049 (mod SPECTEC-CORE): multiple distinct
    parses for statement
ceq $idiv (IDIV3-N, CTORSA0, IDIV3-I1, IDIV3-I2) = eps if ((($signed (IDIV3-N,
    IDIV3-I1) quo $signed (IDIV3-N, IDIV3-I2)) == (2 ^ (IDIV3-N - 1)))) = true
    .
Warning: "output_bs.maude", line 6058 (mod SPECTEC-CORE): multiple distinct
    parses for statement
eq $irem (IREM1-N, CTORUA0, IREM1-I1, IREM1-I2) = (IREM1-I1 - (IREM1-I2 *
    $truncz (((IREM1-I1 quo IREM1-I2))))) .
Warning: "output_bs.maude", line 6060 (mod SPECTEC-CORE): multiple distinct
    parses for statement
ceq $irem (IREM3-N, CTORSA0, IREM3-I1, IREM3-I2) = $inv-signed (IREM3-N, ((
    IREM3-J1 - (IREM3-J2 * $truncz (((IREM3-J1 quo IREM3-J2))))))) if IREM3-J1
    := $signed (IREM3-N, IREM3-I1) /\ IREM3-J2 := $signed (IREM3-N, IREM3-I2) .
Warning: "output_bs.maude", line 6098 (mod SPECTEC-CORE): multiple distinct
    parses for statement
eq $isub-sat (ISUB-SAT0-N, CTORUA0, ISUB-SAT0-I1, ISUB-SAT0-I2) = $sat-u (
    ISUB-SAT0-N, ((ISUB-SAT0-I1 - ISUB-SAT0-I2))) .
Warning: "output_bs.maude", line 6099 (mod SPECTEC-CORE): multiple distinct
    parses for statement
eq $isub-sat (ISUB-SAT1-N, CTORSA0, ISUB-SAT1-I1, ISUB-SAT1-I2) = $inv-signed (
    ISUB-SAT1-N, ($sat-s (ISUB-SAT1-N, (($signed (ISUB-SAT1-N, ISUB-SAT1-I1) -
    $signed (ISUB-SAT1-N, ISUB-SAT1-I2)))))) .
Warning: "output_bs.maude", line 7327 (mod SPECTEC-CORE): variable GROWMEM0-IQ
    is used before it is bound in equation:
ceq $growmem(GROWMEM0-MEMINST, GROWMEM0-N) = FREE-GROWMEM0-MEMINSTQ if {item(
    'TYPE, CTORPAGEA2(GROWMEM0-AT, CTORLBRACKDOTDOTRBRACKA2(GROWMEM0-I,
    GROWMEM0-J))) ; item('BYTES, GROWMEM0-B)} := GROWMEM0-MEMINST /\
    FREE-GROWMEM0-MEMINSTQ == {item('TYPE, CTORPAGEA2(GROWMEM0-AT,
    CTORLBRACKDOTDOTRBRACKA2(GROWMEM0-IQ, GROWMEM0-J))) ; item('BYTES,
    GROWMEM0-B 0)} = true /\ GROWMEM0-IQ == GROWMEM0-N + len(GROWMEM0-B) quo (
    $Ki * 64) = true /\ GROWMEM0-IQ <= GROWMEM0-J = true .
Warning: "output_bs.maude", line 7355 (mod SPECTEC-CORE): variable
    REF-OK-SUB8-RTQ is used before it is bound in equation:
ceq Ref-ok(REF-OK-SUB8-S, REF-OK-SUB8-REF, REF-OK-SUB8-RT) = valid if Ref-ok(
    REF-OK-SUB8-S, REF-OK-SUB8-REF, REF-OK-SUB8-RTQ) == valid = true /\
    Reftype-sub({item('TYPES, eps) ; item('RECS, eps) ; item('TAGS, eps) ;
    item('GLOBALS, eps) ; item('MEMS, eps) ; item('TABLES, eps) ; item('FUNCS,
    eps) ; item('DATAS, eps) ; item('ELEMS, eps) ; item('LOCALS, eps) ; item(
    'LABELS, eps) ; item('RETURN, eps) ; item('REFS, eps)}, REF-OK-SUB8-RTQ,
    REF-OK-SUB8-RT) == valid = true .
Warning: "output_bs.maude", line 7379 (mod SPECTEC-CORE): variable
    EXTERNADDR-OK-SUB5-XTQ is used before it is bound in equation:
ceq Externaddr-ok(EXTERNADDR-OK-SUB5-S, EXTERNADDR-OK-SUB5-EXTERNADDR,
    EXTERNADDR-OK-SUB5-XT) = valid if Externaddr-ok(EXTERNADDR-OK-SUB5-S,
    EXTERNADDR-OK-SUB5-EXTERNADDR, EXTERNADDR-OK-SUB5-XTQ) == valid = true /\
    Externtype-sub({item('TYPES, eps) ; item('RECS, eps) ; item('TAGS, eps) ;
    item('GLOBALS, eps) ; item('MEMS, eps) ; item('TABLES, eps) ; item('FUNCS,
    eps) ; item('DATAS, eps) ; item('ELEMS, eps) ; item('LOCALS, eps) ; item(
    'LABELS, eps) ; item('RETURN, eps) ; item('REFS, eps)},
    EXTERNADDR-OK-SUB5-XTQ, EXTERNADDR-OK-SUB5-XT) == valid = true .
Warning: "output_bs.maude", line 7470 (mod SPECTEC-CORE): multiple distinct
    parses for statement
crl [step-pure-br-label-succ] : step-pure (CTORLABELLBRACERBRACEA3 (
    STEP-PURE-BR-LABEL-SUCC9-N, STEP-PURE-BR-LABEL-SUCC9-INSTRQ, (
    STEP-PURE-BR-LABEL-SUCC9-VAL CTORBRA1 (STEP-PURE-BR-LABEL-SUCC9-L)
    STEP-PURE-BR-LABEL-SUCC9-INSTR))) => $norm-seq (
    STEP-PURE-BR-LABEL-SUCC9-VAL CTORBRA1 (((STEP-PURE-BR-LABEL-SUCC9-L - 1))))
    if all-vals (STEP-PURE-BR-LABEL-SUCC9-VAL) = true /\ ((
    STEP-PURE-BR-LABEL-SUCC9-L > 0)) = true .
Warning: "output_bs.maude", line 7825 (mod SPECTEC-CORE): variable
    STEP-READ-BR-ON-CAST-SUCCEED2-RT is used before it is bound in rule:
crl [step-read-br-on-cast-succeed] : step-read((STEP-READ-BR-ON-CAST-SUCCEED2-S
    ; STEP-READ-BR-ON-CAST-SUCCEED2-F) ; STEP-READ-BR-ON-CAST-SUCCEED2-REF
    CTORBRONCASTA3(STEP-READ-BR-ON-CAST-SUCCEED2-L,
    STEP-READ-BR-ON-CAST-SUCCEED2-RT1, STEP-READ-BR-ON-CAST-SUCCEED2-RT2)) =>
    $norm-seq(STEP-READ-BR-ON-CAST-SUCCEED2-REF CTORBRA1(
    STEP-READ-BR-ON-CAST-SUCCEED2-L)) if Ref-ok(
    STEP-READ-BR-ON-CAST-SUCCEED2-S, STEP-READ-BR-ON-CAST-SUCCEED2-REF,
    STEP-READ-BR-ON-CAST-SUCCEED2-RT) == valid = true /\ Reftype-sub({item(
    'TYPES, eps) ; item('RECS, eps) ; item('TAGS, eps) ; item('GLOBALS, eps) ;
    item('MEMS, eps) ; item('TABLES, eps) ; item('FUNCS, eps) ; item('DATAS,
    eps) ; item('ELEMS, eps) ; item('LOCALS, eps) ; item('LABELS, eps) ; item(
    'RETURN, eps) ; item('REFS, eps)}, STEP-READ-BR-ON-CAST-SUCCEED2-RT,
    $inst-reftype(value('MODULE, STEP-READ-BR-ON-CAST-SUCCEED2-F),
    STEP-READ-BR-ON-CAST-SUCCEED2-RT2)) == valid = true /\ $is-reftype(
    STEP-READ-BR-ON-CAST-SUCCEED2-RT1) = true /\ $is-reftype(
    STEP-READ-BR-ON-CAST-SUCCEED2-RT2) = true .
Warning: "output_bs.maude", line 7835 (mod SPECTEC-CORE): variable
    STEP-READ-BR-ON-CAST-FAIL-SUCCEED4-RT is used before it is bound in rule:
crl [step-read-br-on-cast-fail-succeed] : step-read((
    STEP-READ-BR-ON-CAST-FAIL-SUCCEED4-S ;
    STEP-READ-BR-ON-CAST-FAIL-SUCCEED4-F) ;
    STEP-READ-BR-ON-CAST-FAIL-SUCCEED4-REF CTORBRONCASTFAILA3(
    STEP-READ-BR-ON-CAST-FAIL-SUCCEED4-L,
    STEP-READ-BR-ON-CAST-FAIL-SUCCEED4-RT1,
    STEP-READ-BR-ON-CAST-FAIL-SUCCEED4-RT2)) => $norm-seq(
    STEP-READ-BR-ON-CAST-FAIL-SUCCEED4-REF) if Ref-ok(
    STEP-READ-BR-ON-CAST-FAIL-SUCCEED4-S,
    STEP-READ-BR-ON-CAST-FAIL-SUCCEED4-REF,
    STEP-READ-BR-ON-CAST-FAIL-SUCCEED4-RT) == valid = true /\ Reftype-sub({
    item('TYPES, eps) ; item('RECS, eps) ; item('TAGS, eps) ; item('GLOBALS,
    eps) ; item('MEMS, eps) ; item('TABLES, eps) ; item('FUNCS, eps) ; item(
    'DATAS, eps) ; item('ELEMS, eps) ; item('LOCALS, eps) ; item('LABELS, eps)
    ; item('RETURN, eps) ; item('REFS, eps)},
    STEP-READ-BR-ON-CAST-FAIL-SUCCEED4-RT, $inst-reftype(value('MODULE,
    STEP-READ-BR-ON-CAST-FAIL-SUCCEED4-F),
    STEP-READ-BR-ON-CAST-FAIL-SUCCEED4-RT2)) == valid = true /\ $is-reftype(
    STEP-READ-BR-ON-CAST-FAIL-SUCCEED4-RT1) = true /\ $is-reftype(
    STEP-READ-BR-ON-CAST-FAIL-SUCCEED4-RT2) = true .
Warning: "output_bs.maude", line 7969 (mod SPECTEC-CORE): multiple distinct
    parses for statement
rl [step-read-table-fill-succ] : step-read ((STEP-READ-TABLE-FILL-SUCC32-Z ;
    CTORCONSTA2 (STEP-READ-TABLE-FILL-SUCC32-AT, STEP-READ-TABLE-FILL-SUCC32-I)
    STEP-READ-TABLE-FILL-SUCC32-VAL CTORCONSTA2 (
    STEP-READ-TABLE-FILL-SUCC32-AT, STEP-READ-TABLE-FILL-SUCC32-N)
    CTORTABLEFILLA1 (STEP-READ-TABLE-FILL-SUCC32-X))) => $norm-seq (CTORCONSTA2
    (STEP-READ-TABLE-FILL-SUCC32-AT, STEP-READ-TABLE-FILL-SUCC32-I)
    STEP-READ-TABLE-FILL-SUCC32-VAL CTORTABLESETA1 (
    STEP-READ-TABLE-FILL-SUCC32-X) CTORCONSTA2 (STEP-READ-TABLE-FILL-SUCC32-AT,
    ((STEP-READ-TABLE-FILL-SUCC32-I + 1))) STEP-READ-TABLE-FILL-SUCC32-VAL
    CTORCONSTA2 (STEP-READ-TABLE-FILL-SUCC32-AT, ((
    STEP-READ-TABLE-FILL-SUCC32-N - 1))) CTORTABLEFILLA1 (
    STEP-READ-TABLE-FILL-SUCC32-X)) .
Warning: "output_bs.maude", line 7983 (mod SPECTEC-CORE): multiple distinct
    parses for statement
crl [step-read-table-copy-le] : step-read ((STEP-READ-TABLE-COPY-LE35-Z ;
    CTORCONSTA2 (STEP-READ-TABLE-COPY-LE35-AT1, STEP-READ-TABLE-COPY-LE35-I1)
    CTORCONSTA2 (STEP-READ-TABLE-COPY-LE35-AT2, STEP-READ-TABLE-COPY-LE35-I2)
    CTORCONSTA2 (STEP-READ-TABLE-COPY-LE35-ATQ, STEP-READ-TABLE-COPY-LE35-N)
    CTORTABLECOPYA2 (STEP-READ-TABLE-COPY-LE35-X,
    STEP-READ-TABLE-COPY-LE35-Y))) => $norm-seq (CTORCONSTA2 (
    STEP-READ-TABLE-COPY-LE35-AT1, STEP-READ-TABLE-COPY-LE35-I1) CTORCONSTA2 (
    STEP-READ-TABLE-COPY-LE35-AT2, STEP-READ-TABLE-COPY-LE35-I2) CTORTABLEGETA1
    (STEP-READ-TABLE-COPY-LE35-Y) CTORTABLESETA1 (STEP-READ-TABLE-COPY-LE35-X)
    CTORCONSTA2 (STEP-READ-TABLE-COPY-LE35-AT1, ((STEP-READ-TABLE-COPY-LE35-I1
    + 1))) CTORCONSTA2 (STEP-READ-TABLE-COPY-LE35-AT2, ((
    STEP-READ-TABLE-COPY-LE35-I2 + 1))) CTORCONSTA2 (
    STEP-READ-TABLE-COPY-LE35-ATQ, ((STEP-READ-TABLE-COPY-LE35-N - 1)))
    CTORTABLECOPYA2 (STEP-READ-TABLE-COPY-LE35-X, STEP-READ-TABLE-COPY-LE35-Y))
    if ((STEP-READ-TABLE-COPY-LE35-I1 <= STEP-READ-TABLE-COPY-LE35-I2)) = true
    .
Warning: "output_bs.maude", line 7988 (mod SPECTEC-CORE): multiple distinct
    parses for statement
rl [step-read-table-copy-gt] : step-read ((STEP-READ-TABLE-COPY-GT36-Z ;
    CTORCONSTA2 (STEP-READ-TABLE-COPY-GT36-AT1, STEP-READ-TABLE-COPY-GT36-I1)
    CTORCONSTA2 (STEP-READ-TABLE-COPY-GT36-AT2, STEP-READ-TABLE-COPY-GT36-I2)
    CTORCONSTA2 (STEP-READ-TABLE-COPY-GT36-ATQ, STEP-READ-TABLE-COPY-GT36-N)
    CTORTABLECOPYA2 (STEP-READ-TABLE-COPY-GT36-X,
    STEP-READ-TABLE-COPY-GT36-Y))) => $norm-seq (CTORCONSTA2 (
    STEP-READ-TABLE-COPY-GT36-AT1, (((STEP-READ-TABLE-COPY-GT36-I1 +
    STEP-READ-TABLE-COPY-GT36-N) - 1))) CTORCONSTA2 (
    STEP-READ-TABLE-COPY-GT36-AT2, (((STEP-READ-TABLE-COPY-GT36-I2 +
    STEP-READ-TABLE-COPY-GT36-N) - 1))) CTORTABLEGETA1 (
    STEP-READ-TABLE-COPY-GT36-Y) CTORTABLESETA1 (STEP-READ-TABLE-COPY-GT36-X)
    CTORCONSTA2 (STEP-READ-TABLE-COPY-GT36-AT1, STEP-READ-TABLE-COPY-GT36-I1)
    CTORCONSTA2 (STEP-READ-TABLE-COPY-GT36-AT2, STEP-READ-TABLE-COPY-GT36-I2)
    CTORCONSTA2 (STEP-READ-TABLE-COPY-GT36-ATQ, ((STEP-READ-TABLE-COPY-GT36-N -
    1))) CTORTABLECOPYA2 (STEP-READ-TABLE-COPY-GT36-X,
    STEP-READ-TABLE-COPY-GT36-Y)) .
Warning: "output_bs.maude", line 8002 (mod SPECTEC-CORE): multiple distinct
    parses for statement
rl [step-read-table-init-succ] : step-read ((STEP-READ-TABLE-INIT-SUCC39-Z ;
    CTORCONSTA2 (STEP-READ-TABLE-INIT-SUCC39-AT, STEP-READ-TABLE-INIT-SUCC39-I)
    CTORCONSTA2 (CTORI32A0, STEP-READ-TABLE-INIT-SUCC39-J) CTORCONSTA2 (
    CTORI32A0, STEP-READ-TABLE-INIT-SUCC39-N) CTORTABLEINITA2 (
    STEP-READ-TABLE-INIT-SUCC39-X, STEP-READ-TABLE-INIT-SUCC39-Y))) =>
    $norm-seq (CTORCONSTA2 (STEP-READ-TABLE-INIT-SUCC39-AT,
    STEP-READ-TABLE-INIT-SUCC39-I) index (value ('REFS, $elem (
    STEP-READ-TABLE-INIT-SUCC39-Z, STEP-READ-TABLE-INIT-SUCC39-Y)),
    STEP-READ-TABLE-INIT-SUCC39-J) CTORTABLESETA1 (
    STEP-READ-TABLE-INIT-SUCC39-X) CTORCONSTA2 (STEP-READ-TABLE-INIT-SUCC39-AT,
    ((STEP-READ-TABLE-INIT-SUCC39-I + 1))) CTORCONSTA2 (CTORI32A0, ((
    STEP-READ-TABLE-INIT-SUCC39-J + 1))) CTORCONSTA2 (CTORI32A0, ((
    STEP-READ-TABLE-INIT-SUCC39-N - 1))) CTORTABLEINITA2 (
    STEP-READ-TABLE-INIT-SUCC39-X, STEP-READ-TABLE-INIT-SUCC39-Y)) .
Warning: "output_bs.maude", line 8091 (mod SPECTEC-CORE): multiple distinct
    parses for statement
rl [step-read-memory-fill-succ] : step-read ((STEP-READ-MEMORY-FILL-SUCC57-Z ;
    CTORCONSTA2 (STEP-READ-MEMORY-FILL-SUCC57-AT,
    STEP-READ-MEMORY-FILL-SUCC57-I) STEP-READ-MEMORY-FILL-SUCC57-VAL
    CTORCONSTA2 (STEP-READ-MEMORY-FILL-SUCC57-AT,
    STEP-READ-MEMORY-FILL-SUCC57-N) CTORMEMORYFILLA1 (
    STEP-READ-MEMORY-FILL-SUCC57-X))) => $norm-seq (CTORCONSTA2 (
    STEP-READ-MEMORY-FILL-SUCC57-AT, STEP-READ-MEMORY-FILL-SUCC57-I)
    STEP-READ-MEMORY-FILL-SUCC57-VAL CTORSTOREA4 (CTORI32A0, 8,
    STEP-READ-MEMORY-FILL-SUCC57-X, $memarg0) CTORCONSTA2 (
    STEP-READ-MEMORY-FILL-SUCC57-AT, ((STEP-READ-MEMORY-FILL-SUCC57-I + 1)))
    STEP-READ-MEMORY-FILL-SUCC57-VAL CTORCONSTA2 (
    STEP-READ-MEMORY-FILL-SUCC57-AT, ((STEP-READ-MEMORY-FILL-SUCC57-N - 1)))
    CTORMEMORYFILLA1 (STEP-READ-MEMORY-FILL-SUCC57-X)) .
Warning: "output_bs.maude", line 8105 (mod SPECTEC-CORE): multiple distinct
    parses for statement
crl [step-read-memory-copy-le] : step-read ((STEP-READ-MEMORY-COPY-LE60-Z ;
    CTORCONSTA2 (STEP-READ-MEMORY-COPY-LE60-AT1, STEP-READ-MEMORY-COPY-LE60-I1)
    CTORCONSTA2 (STEP-READ-MEMORY-COPY-LE60-AT2, STEP-READ-MEMORY-COPY-LE60-I2)
    CTORCONSTA2 (STEP-READ-MEMORY-COPY-LE60-ATQ, STEP-READ-MEMORY-COPY-LE60-N)
    CTORMEMORYCOPYA2 (STEP-READ-MEMORY-COPY-LE60-X1,
    STEP-READ-MEMORY-COPY-LE60-X2))) => $norm-seq (CTORCONSTA2 (
    STEP-READ-MEMORY-COPY-LE60-AT1, STEP-READ-MEMORY-COPY-LE60-I1) CTORCONSTA2
    (STEP-READ-MEMORY-COPY-LE60-AT2, STEP-READ-MEMORY-COPY-LE60-I2) CTORLOADA4
    (CTORI32A0, (CTORANYA2 (8, CTORUA0)), STEP-READ-MEMORY-COPY-LE60-X2,
    $memarg0) CTORSTOREA4 (CTORI32A0, 8, STEP-READ-MEMORY-COPY-LE60-X1,
    $memarg0) CTORCONSTA2 (STEP-READ-MEMORY-COPY-LE60-AT1, ((
    STEP-READ-MEMORY-COPY-LE60-I1 + 1))) CTORCONSTA2 (
    STEP-READ-MEMORY-COPY-LE60-AT2, ((STEP-READ-MEMORY-COPY-LE60-I2 + 1)))
    CTORCONSTA2 (STEP-READ-MEMORY-COPY-LE60-ATQ, ((STEP-READ-MEMORY-COPY-LE60-N
    - 1))) CTORMEMORYCOPYA2 (STEP-READ-MEMORY-COPY-LE60-X1,
    STEP-READ-MEMORY-COPY-LE60-X2)) if ((STEP-READ-MEMORY-COPY-LE60-I1 <=
    STEP-READ-MEMORY-COPY-LE60-I2)) = true .
Warning: "output_bs.maude", line 8110 (mod SPECTEC-CORE): multiple distinct
    parses for statement
rl [step-read-memory-copy-gt] : step-read ((STEP-READ-MEMORY-COPY-GT61-Z ;
    CTORCONSTA2 (STEP-READ-MEMORY-COPY-GT61-AT1, STEP-READ-MEMORY-COPY-GT61-I1)
    CTORCONSTA2 (STEP-READ-MEMORY-COPY-GT61-AT2, STEP-READ-MEMORY-COPY-GT61-I2)
    CTORCONSTA2 (STEP-READ-MEMORY-COPY-GT61-ATQ, STEP-READ-MEMORY-COPY-GT61-N)
    CTORMEMORYCOPYA2 (STEP-READ-MEMORY-COPY-GT61-X1,
    STEP-READ-MEMORY-COPY-GT61-X2))) => $norm-seq (CTORCONSTA2 (
    STEP-READ-MEMORY-COPY-GT61-AT1, (((STEP-READ-MEMORY-COPY-GT61-I1 +
    STEP-READ-MEMORY-COPY-GT61-N) - 1))) CTORCONSTA2 (
    STEP-READ-MEMORY-COPY-GT61-AT2, (((STEP-READ-MEMORY-COPY-GT61-I2 +
    STEP-READ-MEMORY-COPY-GT61-N) - 1))) CTORLOADA4 (CTORI32A0, (CTORANYA2 (8,
    CTORUA0)), STEP-READ-MEMORY-COPY-GT61-X2, $memarg0) CTORSTOREA4 (CTORI32A0,
    8, STEP-READ-MEMORY-COPY-GT61-X1, $memarg0) CTORCONSTA2 (
    STEP-READ-MEMORY-COPY-GT61-AT1, STEP-READ-MEMORY-COPY-GT61-I1) CTORCONSTA2
    (STEP-READ-MEMORY-COPY-GT61-AT2, STEP-READ-MEMORY-COPY-GT61-I2) CTORCONSTA2
    (STEP-READ-MEMORY-COPY-GT61-ATQ, ((STEP-READ-MEMORY-COPY-GT61-N - 1)))
    CTORMEMORYCOPYA2 (STEP-READ-MEMORY-COPY-GT61-X1,
    STEP-READ-MEMORY-COPY-GT61-X2)) .
Warning: "output_bs.maude", line 8124 (mod SPECTEC-CORE): multiple distinct
    parses for statement
rl [step-read-memory-init-succ] : step-read ((STEP-READ-MEMORY-INIT-SUCC64-Z ;
    CTORCONSTA2 (STEP-READ-MEMORY-INIT-SUCC64-AT,
    STEP-READ-MEMORY-INIT-SUCC64-I) CTORCONSTA2 (CTORI32A0,
    STEP-READ-MEMORY-INIT-SUCC64-J) CTORCONSTA2 (CTORI32A0,
    STEP-READ-MEMORY-INIT-SUCC64-N) CTORMEMORYINITA2 (
    STEP-READ-MEMORY-INIT-SUCC64-X, STEP-READ-MEMORY-INIT-SUCC64-Y))) =>
    $norm-seq (CTORCONSTA2 (STEP-READ-MEMORY-INIT-SUCC64-AT,
    STEP-READ-MEMORY-INIT-SUCC64-I) CTORCONSTA2 (CTORI32A0, (index (value (
    'BYTES, $data (STEP-READ-MEMORY-INIT-SUCC64-Z,
    STEP-READ-MEMORY-INIT-SUCC64-Y)), STEP-READ-MEMORY-INIT-SUCC64-J)))
    CTORSTOREA4 (CTORI32A0, 8, STEP-READ-MEMORY-INIT-SUCC64-X, $memarg0)
    CTORCONSTA2 (STEP-READ-MEMORY-INIT-SUCC64-AT, ((
    STEP-READ-MEMORY-INIT-SUCC64-I + 1))) CTORCONSTA2 (CTORI32A0, ((
    STEP-READ-MEMORY-INIT-SUCC64-J + 1))) CTORCONSTA2 (CTORI32A0, ((
    STEP-READ-MEMORY-INIT-SUCC64-N - 1))) CTORMEMORYINITA2 (
    STEP-READ-MEMORY-INIT-SUCC64-X, STEP-READ-MEMORY-INIT-SUCC64-Y)) .
Warning: "output_bs.maude", line 8136 (mod SPECTEC-CORE): variable
    STEP-READ-REF-TEST-TRUE67-RTQ is used before it is bound in rule:
crl [step-read-ref-test-true] : step-read((STEP-READ-REF-TEST-TRUE67-S ;
    STEP-READ-REF-TEST-TRUE67-F) ; STEP-READ-REF-TEST-TRUE67-REF CTORREFTESTA1(
    STEP-READ-REF-TEST-TRUE67-RT)) => $norm-seq(CTORCONSTA2(CTORI32A0, 1)) if
    Ref-ok(STEP-READ-REF-TEST-TRUE67-S, STEP-READ-REF-TEST-TRUE67-REF,
    STEP-READ-REF-TEST-TRUE67-RTQ) == valid = true /\ Reftype-sub({item('TYPES,
    eps) ; item('RECS, eps) ; item('TAGS, eps) ; item('GLOBALS, eps) ; item(
    'MEMS, eps) ; item('TABLES, eps) ; item('FUNCS, eps) ; item('DATAS, eps) ;
    item('ELEMS, eps) ; item('LOCALS, eps) ; item('LABELS, eps) ; item('RETURN,
    eps) ; item('REFS, eps)}, STEP-READ-REF-TEST-TRUE67-RTQ, $inst-reftype(
    value('MODULE, STEP-READ-REF-TEST-TRUE67-F), STEP-READ-REF-TEST-TRUE67-RT))
    == valid = true /\ $is-reftype(STEP-READ-REF-TEST-TRUE67-RT) = true .
Warning: "output_bs.maude", line 8146 (mod SPECTEC-CORE): variable
    STEP-READ-REF-CAST-SUCCEED69-RTQ is used before it is bound in rule:
crl [step-read-ref-cast-succeed] : step-read((STEP-READ-REF-CAST-SUCCEED69-S ;
    STEP-READ-REF-CAST-SUCCEED69-F) ; STEP-READ-REF-CAST-SUCCEED69-REF
    CTORREFCASTA1(STEP-READ-REF-CAST-SUCCEED69-RT)) => $norm-seq(
    STEP-READ-REF-CAST-SUCCEED69-REF) if Ref-ok(STEP-READ-REF-CAST-SUCCEED69-S,
    STEP-READ-REF-CAST-SUCCEED69-REF, STEP-READ-REF-CAST-SUCCEED69-RTQ) ==
    valid = true /\ Reftype-sub({item('TYPES, eps) ; item('RECS, eps) ; item(
    'TAGS, eps) ; item('GLOBALS, eps) ; item('MEMS, eps) ; item('TABLES, eps) ;
    item('FUNCS, eps) ; item('DATAS, eps) ; item('ELEMS, eps) ; item('LOCALS,
    eps) ; item('LABELS, eps) ; item('RETURN, eps) ; item('REFS, eps)},
    STEP-READ-REF-CAST-SUCCEED69-RTQ, $inst-reftype(value('MODULE,
    STEP-READ-REF-CAST-SUCCEED69-F), STEP-READ-REF-CAST-SUCCEED69-RT)) == valid
    = true /\ $is-reftype(STEP-READ-REF-CAST-SUCCEED69-RT) = true .
Warning: "output_bs.maude", line 8260 (mod SPECTEC-CORE): multiple distinct
    parses for statement
rl [step-read-array-fill-succ] : step-read ((STEP-READ-ARRAY-FILL-SUCC87-Z ;
    CTORREFARRAYADDRA1 (STEP-READ-ARRAY-FILL-SUCC87-A) CTORCONSTA2 (CTORI32A0,
    STEP-READ-ARRAY-FILL-SUCC87-I) STEP-READ-ARRAY-FILL-SUCC87-VAL CTORCONSTA2
    (CTORI32A0, STEP-READ-ARRAY-FILL-SUCC87-N) CTORARRAYFILLA1 (
    STEP-READ-ARRAY-FILL-SUCC87-X))) => $norm-seq (CTORREFARRAYADDRA1 (
    STEP-READ-ARRAY-FILL-SUCC87-A) CTORCONSTA2 (CTORI32A0,
    STEP-READ-ARRAY-FILL-SUCC87-I) STEP-READ-ARRAY-FILL-SUCC87-VAL
    CTORARRAYSETA1 (STEP-READ-ARRAY-FILL-SUCC87-X) CTORREFARRAYADDRA1 (
    STEP-READ-ARRAY-FILL-SUCC87-A) CTORCONSTA2 (CTORI32A0, ((
    STEP-READ-ARRAY-FILL-SUCC87-I + 1))) STEP-READ-ARRAY-FILL-SUCC87-VAL
    CTORCONSTA2 (CTORI32A0, ((STEP-READ-ARRAY-FILL-SUCC87-N - 1)))
    CTORARRAYFILLA1 (STEP-READ-ARRAY-FILL-SUCC87-X)) .
Warning: "output_bs.maude", line 8289 (mod SPECTEC-CORE): multiple distinct
    parses for statement
crl [step-read-array-copy-le] : step-read ((STEP-READ-ARRAY-COPY-LE93-Z ;
    CTORREFARRAYADDRA1 (STEP-READ-ARRAY-COPY-LE93-A1) CTORCONSTA2 (CTORI32A0,
    STEP-READ-ARRAY-COPY-LE93-I1) CTORREFARRAYADDRA1 (
    STEP-READ-ARRAY-COPY-LE93-A2) CTORCONSTA2 (CTORI32A0,
    STEP-READ-ARRAY-COPY-LE93-I2) CTORCONSTA2 (CTORI32A0,
    STEP-READ-ARRAY-COPY-LE93-N) CTORARRAYCOPYA2 (STEP-READ-ARRAY-COPY-LE93-X1,
    STEP-READ-ARRAY-COPY-LE93-X2))) => $norm-seq (CTORREFARRAYADDRA1 (
    STEP-READ-ARRAY-COPY-LE93-A1) CTORCONSTA2 (CTORI32A0,
    STEP-READ-ARRAY-COPY-LE93-I1) CTORREFARRAYADDRA1 (
    STEP-READ-ARRAY-COPY-LE93-A2) CTORCONSTA2 (CTORI32A0,
    STEP-READ-ARRAY-COPY-LE93-I2) CTORARRAYGETA2 (STEP-READ-ARRAY-COPY-LE93-SX,
    STEP-READ-ARRAY-COPY-LE93-X2) CTORARRAYSETA1 (STEP-READ-ARRAY-COPY-LE93-X1)
    CTORREFARRAYADDRA1 (STEP-READ-ARRAY-COPY-LE93-A1) CTORCONSTA2 (CTORI32A0, (
    (STEP-READ-ARRAY-COPY-LE93-I1 + 1))) CTORREFARRAYADDRA1 (
    STEP-READ-ARRAY-COPY-LE93-A2) CTORCONSTA2 (CTORI32A0, ((
    STEP-READ-ARRAY-COPY-LE93-I2 + 1))) CTORCONSTA2 (CTORI32A0, ((
    STEP-READ-ARRAY-COPY-LE93-N - 1))) CTORARRAYCOPYA2 (
    STEP-READ-ARRAY-COPY-LE93-X1, STEP-READ-ARRAY-COPY-LE93-X2)) if CTORARRAYA1
    ((STEP-READ-ARRAY-COPY-LE93-MUT STEP-READ-ARRAY-COPY-LE93-ZT2)) :=
    $expanddt ($type (STEP-READ-ARRAY-COPY-LE93-Z,
    STEP-READ-ARRAY-COPY-LE93-X2)) /\ STEP-READ-ARRAY-COPY-LE93-SX := $sx (
    STEP-READ-ARRAY-COPY-LE93-ZT2) /\ ((STEP-READ-ARRAY-COPY-LE93-I1 <=
    STEP-READ-ARRAY-COPY-LE93-I2)) = true .
Warning: "output_bs.maude", line 8294 (mod SPECTEC-CORE): multiple distinct
    parses for statement
crl [step-read-array-copy-gt] : step-read ((STEP-READ-ARRAY-COPY-GT94-Z ;
    CTORREFARRAYADDRA1 (STEP-READ-ARRAY-COPY-GT94-A1) CTORCONSTA2 (CTORI32A0,
    STEP-READ-ARRAY-COPY-GT94-I1) CTORREFARRAYADDRA1 (
    STEP-READ-ARRAY-COPY-GT94-A2) CTORCONSTA2 (CTORI32A0,
    STEP-READ-ARRAY-COPY-GT94-I2) CTORCONSTA2 (CTORI32A0,
    STEP-READ-ARRAY-COPY-GT94-N) CTORARRAYCOPYA2 (STEP-READ-ARRAY-COPY-GT94-X1,
    STEP-READ-ARRAY-COPY-GT94-X2))) => $norm-seq (CTORREFARRAYADDRA1 (
    STEP-READ-ARRAY-COPY-GT94-A1) CTORCONSTA2 (CTORI32A0, (((
    STEP-READ-ARRAY-COPY-GT94-I1 + STEP-READ-ARRAY-COPY-GT94-N) - 1)))
    CTORREFARRAYADDRA1 (STEP-READ-ARRAY-COPY-GT94-A2) CTORCONSTA2 (CTORI32A0, (
    ((STEP-READ-ARRAY-COPY-GT94-I2 + STEP-READ-ARRAY-COPY-GT94-N) - 1)))
    CTORARRAYGETA2 (STEP-READ-ARRAY-COPY-GT94-SX, STEP-READ-ARRAY-COPY-GT94-X2)
    CTORARRAYSETA1 (STEP-READ-ARRAY-COPY-GT94-X1) CTORREFARRAYADDRA1 (
    STEP-READ-ARRAY-COPY-GT94-A1) CTORCONSTA2 (CTORI32A0,
    STEP-READ-ARRAY-COPY-GT94-I1) CTORREFARRAYADDRA1 (
    STEP-READ-ARRAY-COPY-GT94-A2) CTORCONSTA2 (CTORI32A0,
    STEP-READ-ARRAY-COPY-GT94-I2) CTORCONSTA2 (CTORI32A0, ((
    STEP-READ-ARRAY-COPY-GT94-N - 1))) CTORARRAYCOPYA2 (
    STEP-READ-ARRAY-COPY-GT94-X1, STEP-READ-ARRAY-COPY-GT94-X2)) if CTORARRAYA1
    ((STEP-READ-ARRAY-COPY-GT94-MUT STEP-READ-ARRAY-COPY-GT94-ZT2)) :=
    $expanddt ($type (STEP-READ-ARRAY-COPY-GT94-Z,
    STEP-READ-ARRAY-COPY-GT94-X2)) /\ STEP-READ-ARRAY-COPY-GT94-SX := $sx (
    STEP-READ-ARRAY-COPY-GT94-ZT2) .
Warning: "output_bs.maude", line 8319 (mod SPECTEC-CORE): multiple distinct
    parses for statement
crl [step-read-array-init-elem-succ] : step-read ((
    STEP-READ-ARRAY-INIT-ELEM-SUCC99-Z ; CTORREFARRAYADDRA1 (
    STEP-READ-ARRAY-INIT-ELEM-SUCC99-A) CTORCONSTA2 (CTORI32A0,
    STEP-READ-ARRAY-INIT-ELEM-SUCC99-I) CTORCONSTA2 (CTORI32A0,
    STEP-READ-ARRAY-INIT-ELEM-SUCC99-J) CTORCONSTA2 (CTORI32A0,
    STEP-READ-ARRAY-INIT-ELEM-SUCC99-N) CTORARRAYINITELEMA2 (
    STEP-READ-ARRAY-INIT-ELEM-SUCC99-X, STEP-READ-ARRAY-INIT-ELEM-SUCC99-Y)))
    => $norm-seq (CTORREFARRAYADDRA1 (STEP-READ-ARRAY-INIT-ELEM-SUCC99-A)
    CTORCONSTA2 (CTORI32A0, STEP-READ-ARRAY-INIT-ELEM-SUCC99-I)
    STEP-READ-ARRAY-INIT-ELEM-SUCC99-REF CTORARRAYSETA1 (
    STEP-READ-ARRAY-INIT-ELEM-SUCC99-X) CTORREFARRAYADDRA1 (
    STEP-READ-ARRAY-INIT-ELEM-SUCC99-A) CTORCONSTA2 (CTORI32A0, ((
    STEP-READ-ARRAY-INIT-ELEM-SUCC99-I + 1))) CTORCONSTA2 (CTORI32A0, ((
    STEP-READ-ARRAY-INIT-ELEM-SUCC99-J + 1))) CTORCONSTA2 (CTORI32A0, ((
    STEP-READ-ARRAY-INIT-ELEM-SUCC99-N - 1))) CTORARRAYINITELEMA2 (
    STEP-READ-ARRAY-INIT-ELEM-SUCC99-X, STEP-READ-ARRAY-INIT-ELEM-SUCC99-Y)) if
    STEP-READ-ARRAY-INIT-ELEM-SUCC99-REF := index (value ('REFS, $elem (
    STEP-READ-ARRAY-INIT-ELEM-SUCC99-Z, STEP-READ-ARRAY-INIT-ELEM-SUCC99-Y)),
    STEP-READ-ARRAY-INIT-ELEM-SUCC99-J) .
Warning: "output_bs.maude", line 8344 (mod SPECTEC-CORE): multiple distinct
    parses for statement
crl [step-read-array-init-data-num] : step-read ((
    STEP-READ-ARRAY-INIT-DATA-NUM104-Z ; CTORREFARRAYADDRA1 (
    STEP-READ-ARRAY-INIT-DATA-NUM104-A) CTORCONSTA2 (CTORI32A0,
    STEP-READ-ARRAY-INIT-DATA-NUM104-I) CTORCONSTA2 (CTORI32A0,
    STEP-READ-ARRAY-INIT-DATA-NUM104-J) CTORCONSTA2 (CTORI32A0,
    STEP-READ-ARRAY-INIT-DATA-NUM104-N) CTORARRAYINITDATAA2 (
    STEP-READ-ARRAY-INIT-DATA-NUM104-X, STEP-READ-ARRAY-INIT-DATA-NUM104-Y)))
    => $norm-seq (CTORREFARRAYADDRA1 (STEP-READ-ARRAY-INIT-DATA-NUM104-A)
    CTORCONSTA2 (CTORI32A0, STEP-READ-ARRAY-INIT-DATA-NUM104-I) $const ((
    $cunpack (STEP-READ-ARRAY-INIT-DATA-NUM104-ZT)), ($cunpacknum (
    STEP-READ-ARRAY-INIT-DATA-NUM104-ZT, STEP-READ-ARRAY-INIT-DATA-NUM104-C)))
    CTORARRAYSETA1 (STEP-READ-ARRAY-INIT-DATA-NUM104-X) CTORREFARRAYADDRA1 (
    STEP-READ-ARRAY-INIT-DATA-NUM104-A) CTORCONSTA2 (CTORI32A0, ((
    STEP-READ-ARRAY-INIT-DATA-NUM104-I + 1))) CTORCONSTA2 (CTORI32A0, ((
    STEP-READ-ARRAY-INIT-DATA-NUM104-J + ($zsize (
    STEP-READ-ARRAY-INIT-DATA-NUM104-ZT) quo 8)))) CTORCONSTA2 (CTORI32A0, ((
    STEP-READ-ARRAY-INIT-DATA-NUM104-N - 1))) CTORARRAYINITDATAA2 (
    STEP-READ-ARRAY-INIT-DATA-NUM104-X, STEP-READ-ARRAY-INIT-DATA-NUM104-Y)) if
    CTORARRAYA1 ((STEP-READ-ARRAY-INIT-DATA-NUM104-MUT
    STEP-READ-ARRAY-INIT-DATA-NUM104-ZT)) := $expanddt ($type (
    STEP-READ-ARRAY-INIT-DATA-NUM104-Z, STEP-READ-ARRAY-INIT-DATA-NUM104-X)) /\
    $zbytes (STEP-READ-ARRAY-INIT-DATA-NUM104-ZT,
    STEP-READ-ARRAY-INIT-DATA-NUM104-C) := slice (value ('BYTES, $data (
    STEP-READ-ARRAY-INIT-DATA-NUM104-Z, STEP-READ-ARRAY-INIT-DATA-NUM104-Y)),
    STEP-READ-ARRAY-INIT-DATA-NUM104-J, ($zsize (
    STEP-READ-ARRAY-INIT-DATA-NUM104-ZT) quo 8)) .
Advisory: "output_bs.maude", line 8409 (mod SPECTEC-CORE): all the variables in
    the left-hand side of assignment condition fragment STEP-THROW6-N := len(
    STEP-THROW6-T) are bound before the matching takes place.
Warning: "output_bs.maude", line 8433 (mod SPECTEC-CORE): multiple distinct
    parses for statement
rl [step-table-grow-fail] : step ((STEP-TABLE-GROW-FAIL12-Z ;
    STEP-TABLE-GROW-FAIL12-REF CTORCONSTA2 (STEP-TABLE-GROW-FAIL12-AT,
    STEP-TABLE-GROW-FAIL12-N) CTORTABLEGROWA1 (STEP-TABLE-GROW-FAIL12-X))) => (
    STEP-TABLE-GROW-FAIL12-Z ; CTORCONSTA2 (STEP-TABLE-GROW-FAIL12-AT, (
    $inv-signed (($size (STEP-TABLE-GROW-FAIL12-AT)), ((0 - (1))))))) .
Warning: "output_bs.maude", line 8486 (mod SPECTEC-CORE): multiple distinct
    parses for statement
rl [step-memory-grow-fail] : step ((STEP-MEMORY-GROW-FAIL23-Z ; CTORCONSTA2 (
    STEP-MEMORY-GROW-FAIL23-AT, STEP-MEMORY-GROW-FAIL23-N) CTORMEMORYGROWA1 (
    STEP-MEMORY-GROW-FAIL23-X))) => (STEP-MEMORY-GROW-FAIL23-Z ; CTORCONSTA2 (
    STEP-MEMORY-GROW-FAIL23-AT, ($inv-signed (($size (
    STEP-MEMORY-GROW-FAIL23-AT)), ((0 - (1))))))) .
Warning: "output_bs.maude", line 8706 (mod SPECTEC-CORE): variable
    ALLOCMODULE0-FA is used before it is bound in rule:
crl [allocmodule-r0] : $allocmodule(ALLOCMODULE0-S, ALLOCMODULE0-MODULE,
    ALLOCMODULE0-EXTERNADDR, ALLOCMODULE0-VALG, ALLOCMODULE0-REFT,
    ALLOCMODULE0-REFE) => FREE-ALLOCMODULE0-S7 FREE-ALLOCMODULE0-MODULEINST if
    CTORMODULEA11(ALLOCMODULE0-TYPE, ALLOCMODULE0-IMPORT, ALLOCMODULE0-TAG,
    ALLOCMODULE0-GLOBAL, ALLOCMODULE0-MEM, ALLOCMODULE0-TABLE,
    ALLOCMODULE0-FUNC, ALLOCMODULE0-DATA, ALLOCMODULE0-ELEM,
    ALLOCMODULE0-START, ALLOCMODULE0-EXPORT) := ALLOCMODULE0-MODULE /\
    CTORTAGA1(ALLOCMODULE0-TAGTYPE) := ALLOCMODULE0-TAG /\ CTORGLOBALA2(
    ALLOCMODULE0-GLOBALTYPE, ALLOCMODULE0-EXPRG) := ALLOCMODULE0-GLOBAL /\
    CTORMEMORYA1(ALLOCMODULE0-MEMTYPE) := ALLOCMODULE0-MEM /\ CTORTABLEA2(
    ALLOCMODULE0-TABLETYPE, ALLOCMODULE0-EXPRT) := ALLOCMODULE0-TABLE /\
    CTORFUNCA3(ALLOCMODULE0-X, ALLOCMODULE0-LOCAL, ALLOCMODULE0-EXPRF) :=
    ALLOCMODULE0-FUNC /\ CTORDATAA2(ALLOCMODULE0-BYTE, ALLOCMODULE0-DATAMODE)
    := ALLOCMODULE0-DATA /\ CTORELEMA3(ALLOCMODULE0-ELEMTYPE,
    ALLOCMODULE0-EXPRE, ALLOCMODULE0-ELEMMODE) := ALLOCMODULE0-ELEM /\
    ALLOCMODULE0-AAI := $tagsxa(ALLOCMODULE0-EXTERNADDR) /\ ALLOCMODULE0-GAI :=
    $globalsxa(ALLOCMODULE0-EXTERNADDR) /\ ALLOCMODULE0-MAI := $memsxa(
    ALLOCMODULE0-EXTERNADDR) /\ ALLOCMODULE0-TAI := $tablesxa(
    ALLOCMODULE0-EXTERNADDR) /\ ALLOCMODULE0-FAI := $funcsxa(
    ALLOCMODULE0-EXTERNADDR) /\ $alloctypes(ALLOCMODULE0-TYPE) =>
    ALLOCMODULE0-DT /\ $alloctags(ALLOCMODULE0-S, $subst-all-tagtype(
    ALLOCMODULE0-TAGTYPE, ALLOCMODULE0-DT)) => ALLOCMODULE0-S1 ALLOCMODULE0-AA
    /\ $allocglobals(ALLOCMODULE0-S1, $subst-all-globaltype(
    ALLOCMODULE0-GLOBALTYPE, ALLOCMODULE0-DT), ALLOCMODULE0-VALG) =>
    ALLOCMODULE0-S2 ALLOCMODULE0-GA /\ $allocmems(ALLOCMODULE0-S2,
    $subst-all-memtype(ALLOCMODULE0-MEMTYPE, ALLOCMODULE0-DT)) =>
    ALLOCMODULE0-S3 ALLOCMODULE0-MA /\ $alloctables(ALLOCMODULE0-S3,
    $subst-all-tabletype(ALLOCMODULE0-TABLETYPE, ALLOCMODULE0-DT),
    ALLOCMODULE0-REFT) => ALLOCMODULE0-S4 ALLOCMODULE0-TA /\ $allocdatas(
    ALLOCMODULE0-S4, CTOROKA0, ALLOCMODULE0-BYTE) => ALLOCMODULE0-S5
    ALLOCMODULE0-DA /\ $allocelems(ALLOCMODULE0-S5, $subst-all-reftype(
    ALLOCMODULE0-ELEMTYPE, ALLOCMODULE0-DT), ALLOCMODULE0-REFE) =>
    ALLOCMODULE0-S6 ALLOCMODULE0-EA /\ ALLOCMODULE0-FA == ALLOCMODULE0-IF +
    len(value('FUNCS, ALLOCMODULE0-S)) = true /\ $allocfuncs(ALLOCMODULE0-S6,
    index(ALLOCMODULE0-DT, ALLOCMODULE0-X), CTORFUNCA3(ALLOCMODULE0-X,
    ALLOCMODULE0-LOCAL, ALLOCMODULE0-EXPRF), FREE-ALLOCMODULE0-MODULEINST) =>
    FREE-ALLOCMODULE0-S7 ALLOCMODULE0-FA /\ ALLOCMODULE0-XI == $allocexports({
    item('TYPES, eps) ; item('TAGS, ALLOCMODULE0-AAI ALLOCMODULE0-AA) ; item(
    'GLOBALS, ALLOCMODULE0-GAI ALLOCMODULE0-GA) ; item('MEMS, ALLOCMODULE0-MAI
    ALLOCMODULE0-MA) ; item('TABLES, ALLOCMODULE0-TAI ALLOCMODULE0-TA) ; item(
    'FUNCS, ALLOCMODULE0-FAI ALLOCMODULE0-FA) ; item('DATAS, eps) ; item(
    'ELEMS, eps) ; item('EXPORTS, eps)}, ALLOCMODULE0-EXPORT) = true /\
    FREE-ALLOCMODULE0-MODULEINST == {item('TYPES, ALLOCMODULE0-DT) ; item(
    'TAGS, ALLOCMODULE0-AAI ALLOCMODULE0-AA) ; item('GLOBALS, ALLOCMODULE0-GAI
    ALLOCMODULE0-GA) ; item('MEMS, ALLOCMODULE0-MAI ALLOCMODULE0-MA) ; item(
    'TABLES, ALLOCMODULE0-TAI ALLOCMODULE0-TA) ; item('FUNCS, ALLOCMODULE0-FAI
    ALLOCMODULE0-FA) ; item('DATAS, ALLOCMODULE0-DA) ; item('ELEMS,
    ALLOCMODULE0-EA) ; item('EXPORTS, ALLOCMODULE0-XI)} = true .
Warning: "output_bs.maude", line 8729 (mod SPECTEC-CORE): variable
    EVALEXPRS1-ZQ is used before it is bound in rule:
crl [evalexprs-r1] : $evalexprs(EVALEXPRS1-Z, EVALEXPRS1-EXPR EVALEXPRS1-EXPRQ)
    => FREE-EVALEXPRS1-ZQQ FREE-EVALEXPRS1-REF FREE-FREE-EVALEXPRS1-REFQ if
    Eval-expr(EVALEXPRS1-Z, EVALEXPRS1-EXPR, EVALEXPRS1-ZQ,
    FREE-EVALEXPRS1-REF) => valid /\ $evalexprs(EVALEXPRS1-ZQ,
    EVALEXPRS1-EXPRQ) => FREE-EVALEXPRS1-ZQQ FREE-FREE-EVALEXPRS1-REFQ .
Warning: "output_bs.maude", line 8751 (mod SPECTEC-CORE): variable
    EVALGLOBALS1-ZQ is used before it is bound in rule:
crl [evalglobals-r1] : $evalglobals(EVALGLOBALS1-Z, EVALGLOBALS1-GT
    EVALGLOBALS1-GTQ, EVALGLOBALS1-EXPR EVALGLOBALS1-EXPRQ) =>
    FREE-EVALGLOBALS1-ZQQ FREE-EVALGLOBALS1-VAL FREE-FREE-EVALGLOBALS1-VALQ if
    Eval-expr(EVALGLOBALS1-Z, EVALGLOBALS1-EXPR, EVALGLOBALS1-ZQ,
    FREE-EVALGLOBALS1-VAL) => valid /\ EVALGLOBALS1-ZQ == (EVALGLOBALS1-S ;
    EVALGLOBALS1-F) = true /\ EVALGLOBALS1-SQ EVALGLOBALS1-A == $allocglobal(
    EVALGLOBALS1-S, EVALGLOBALS1-GT, FREE-EVALGLOBALS1-VAL) = true /\
    $evalglobals(EVALGLOBALS1-SQ ; EVALGLOBALS1-F[. 'MODULE <- value('MODULE,
    EVALGLOBALS1-F)[. 'GLOBALS =++ EVALGLOBALS1-A]], EVALGLOBALS1-GTQ,
    EVALGLOBALS1-EXPRQ) => FREE-EVALGLOBALS1-ZQQ FREE-FREE-EVALGLOBALS1-VALQ .
Warning: "output_bs.maude", line 8761 (mod SPECTEC-CORE): variable
    INSTANTIATE0-XTI is used before it is bound in rule:
crl [instantiate-r0] : $instantiate(INSTANTIATE0-S, INSTANTIATE0-MODULE,
    INSTANTIATE0-EXTERNADDR) => (FREE-INSTANTIATE0-SQQQQ ; $mk-frame(eps,
    FREE-INSTANTIATE0-MODULEINST)) ; FREE-INSTANTIATE0-INSTRE
    FREE-INSTANTIATE0-INSTRD INSTANTIATE0-INSTRS if CTORMODULEA11(
    INSTANTIATE0-TYPE, INSTANTIATE0-IMPORT, INSTANTIATE0-TAG,
    INSTANTIATE0-GLOBAL, INSTANTIATE0-MEM, INSTANTIATE0-TABLE,
    INSTANTIATE0-FUNC, INSTANTIATE0-DATA, INSTANTIATE0-ELEM,
    INSTANTIATE0-START, INSTANTIATE0-EXPORT) := INSTANTIATE0-MODULE /\
    CTORGLOBALA2(INSTANTIATE0-GLOBALTYPE, INSTANTIATE0-EXPRG) :=
    INSTANTIATE0-GLOBAL /\ CTORTABLEA2(INSTANTIATE0-TABLETYPE,
    INSTANTIATE0-EXPRT) := INSTANTIATE0-TABLE /\ CTORDATAA2(INSTANTIATE0-BYTE,
    INSTANTIATE0-DATAMODE) := INSTANTIATE0-DATA /\ CTORELEMA3(
    INSTANTIATE0-REFTYPE, INSTANTIATE0-EXPRE, INSTANTIATE0-ELEMMODE) :=
    INSTANTIATE0-ELEM /\ CTORSTARTA1(INSTANTIATE0-X) := INSTANTIATE0-START /\
    INSTANTIATE0-INSTRS := CTORCALLA1(INSTANTIATE0-X) /\ Module-ok(
    INSTANTIATE0-MODULE, CTORARROWA2(INSTANTIATE0-XTI, INSTANTIATE0-XTE)) ==
    valid = true /\ Externaddr-ok(INSTANTIATE0-S, INSTANTIATE0-EXTERNADDR,
    INSTANTIATE0-XTI) == valid = true /\ FREE-INSTANTIATE0-MODULEINST0 == {
    item('TYPES, $alloctypes(INSTANTIATE0-TYPE)) ; item('TAGS, eps) ; item(
    'GLOBALS, $globalsxa(INSTANTIATE0-EXTERNADDR)) ; item('MEMS, eps) ; item(
    'TABLES, eps) ; item('FUNCS, $funcsxa(INSTANTIATE0-EXTERNADDR)
    INSTANTIATE0-IF + len(value('FUNCS, INSTANTIATE0-S))) ; item('DATAS, eps) ;
    item('ELEMS, eps) ; item('EXPORTS, eps)} = true /\ INSTANTIATE0-Z == (
    INSTANTIATE0-S ; $mk-frame(eps, FREE-INSTANTIATE0-MODULEINST0)) = true /\
    $evalglobals(INSTANTIATE0-Z, INSTANTIATE0-GLOBALTYPE, INSTANTIATE0-EXPRG)
    => INSTANTIATE0-ZQ INSTANTIATE0-VALG /\ $evalexprs(INSTANTIATE0-ZQ,
    INSTANTIATE0-EXPRT) => INSTANTIATE0-ZQQ INSTANTIATE0-REFT /\ $evalexprss(
    INSTANTIATE0-ZQQ, INSTANTIATE0-EXPRE) => INSTANTIATE0-ZQQQ
    INSTANTIATE0-REFE /\ INSTANTIATE0-ZQQQ == (INSTANTIATE0-SQQQ ;
    INSTANTIATE0-F) = true /\ $allocmodule(INSTANTIATE0-SQQQ,
    INSTANTIATE0-MODULE, INSTANTIATE0-EXTERNADDR, INSTANTIATE0-VALG,
    INSTANTIATE0-REFT, INSTANTIATE0-REFE) => FREE-INSTANTIATE0-SQQQQ
    FREE-INSTANTIATE0-MODULEINST /\ FREE-INSTANTIATE0-INSTRD == $concat(instr,
    $rundata(INSTANTIATE0-ID, index(INSTANTIATE0-DATA, INSTANTIATE0-ID))) =
    true /\ FREE-INSTANTIATE0-INSTRE == $concat(instr, $runelem(
    INSTANTIATE0-IE, index(INSTANTIATE0-ELEM, INSTANTIATE0-IE))) = true .
Warning: "output_bs.maude", line 8868 (mod SPECTEC-CORE): multiple distinct
    parses for statement
ceq $rec-typevars (TYPE-ITER-N) = $rec-typevars (TYPE-ITER-N - 1) CTORRECA1 (
    TYPE-ITER-N - 1) if (TYPE-ITER-N > 0) = true .
Warning: "output_bs.maude", line 8872 (mod SPECTEC-CORE): multiple distinct
    parses for statement
ceq $def-typeuses (TYPE-ITER-RT, TYPE-ITER-N) = $def-typeuses (TYPE-ITER-RT,
    TYPE-ITER-N - 1) CTORWDEFA2 (TYPE-ITER-RT, TYPE-ITER-N - 1) if (TYPE-ITER-N
    > 0) = true .
Warning: "output_bs.maude", line 8877 (mod SPECTEC-CORE): multiple distinct
    parses for statement
ceq $idx-typeuses (TYPE-ITER-X, TYPE-ITER-N) = $idx-typeuses (TYPE-ITER-X,
    TYPE-ITER-N - 1) CTORWIDXA1 (TYPE-ITER-X + (TYPE-ITER-N - 1)) if (
    TYPE-ITER-N > 0) = true .
Advisory: "output_bs.maude", line 8884 (mod SPECTEC-CORE): all the variables in
    the left-hand side of assignment condition fragment CTORFUNCARROWA2(
    EXPAND-X-T1, EXPAND-X-T2) := $expanddt(EXPAND-X-DT) are bound before the
    matching takes place.
Advisory: "wasm-exec-bs.maude", line 14 (mod WASM-EXEC-BS): operator _`[_<-_`]
    has been imported from both "pretype.maude", line 83 (mod DSL-RECORD) and
    "pretype.maude", line 84 (mod DSL-RECORD) with no common ancestor.
Advisory: "wasm-exec-bs.maude", line 27 (mod WASM-FIB-BS): operator _`[_<-_`]
    has been imported from both "pretype.maude", line 83 (mod DSL-RECORD) and
    "pretype.maude", line 84 (mod DSL-RECORD) with no common ancestor.
Advisory: "output_bs.maude", line 4307 (mod SPECTEC-CORE): all the variables in
    the left-hand side of assignment condition fragment $lsizenn(
    JNN:WasmTerminal) := 8 are bound before the matching takes place.
Advisory: "output_bs.maude", line 4327 (mod SPECTEC-CORE): all the variables in
    the left-hand side of assignment condition fragment $lsizenn(
    JNN:WasmTerminal) := 16 are bound before the matching takes place.
Advisory: "output_bs.maude", line 4329 (mod SPECTEC-CORE): all the variables in
    the left-hand side of assignment condition fragment $lsizenn(
    JNN:WasmTerminal) := 16 are bound before the matching takes place.
Advisory: "output_bs.maude", line 4409 (mod SPECTEC-CORE): all the variables in
    the left-hand side of assignment condition fragment $vsize(
    VECTYPE:WasmTerminal) quo 2 := M1:M * SZ1:Sz are bound before the matching
    takes place.
Advisory: "output_bs.maude", line 5014 (mod SPECTEC-CORE): all the variables in
    the left-hand side of assignment condition fragment
    EXPAND-R00-COMPTYPE:Comptype := $expanddt(EXPAND-R00-DEFTYPE:Deftype) are
    bound before the matching takes place.
Advisory: "output_bs.maude", line 5195 (mod SPECTEC-CORE): all the variables in
    the left-hand side of assignment condition fragment
    EXPAND-USE-DEFTYPE0-COMPTYPE:Comptype := $expanddt(
    EXPAND-USE-DEFTYPE0-DEFTYPE:Deftype) are bound before the matching takes
    place.
Advisory: "output_bs.maude", line 5197 (mod SPECTEC-CORE): all the variables in
    the left-hand side of assignment condition fragment
    EXPAND-USE-TYPEIDX1-COMPTYPE:Comptype := $expanddt(index(value('TYPES,
    EXPAND-USE-TYPEIDX1-C:Context), EXPAND-USE-TYPEIDX1-TYPEIDX:Typeidx)) are
    bound before the matching takes place.
Advisory: "output_bs.maude", line 5319 (mod SPECTEC-CORE): all the variables in
    the left-hand side of assignment condition fragment CTORFUNCARROWA2(
    BLOCKTYPE-OK-TYPEIDX1-T1:WasmTerminals,
    BLOCKTYPE-OK-TYPEIDX1-T2:WasmTerminals) := $expanddt(index(value('TYPES,
    BLOCKTYPE-OK-TYPEIDX1-C:Context), BLOCKTYPE-OK-TYPEIDX1-TYPEIDX:Typeidx))
    are bound before the matching takes place.
Advisory: "output_bs.maude", line 5384 (mod SPECTEC-CORE): all the variables in
    the left-hand side of assignment condition fragment CTORFUNCARROWA2(
    INSTR-OK-CALL15-T1:WasmTerminals, INSTR-OK-CALL15-T2:WasmTerminals) :=
    $expanddt(index(value('FUNCS, INSTR-OK-CALL15-C:Context),
    INSTR-OK-CALL15-X:Idx)) are bound before the matching takes place.
Advisory: "output_bs.maude", line 5386 (mod SPECTEC-CORE): all the variables in
    the left-hand side of assignment condition fragment CTORFUNCARROWA2(
    INSTR-OK-CALL-REF16-T1:WasmTerminals, INSTR-OK-CALL-REF16-T2:WasmTerminals)
    := $expanddt(index(value('TYPES, INSTR-OK-CALL-REF16-C:Context),
    INSTR-OK-CALL-REF16-X:Idx)) are bound before the matching takes place.
Advisory: "output_bs.maude", line 5388 (mod SPECTEC-CORE): all the variables in
    the left-hand side of assignment condition fragment CTORFUNCARROWA2(
    INSTR-OK-CALL-INDIRECT17-T1:WasmTerminals,
    INSTR-OK-CALL-INDIRECT17-T2:WasmTerminals) := $expanddt(index(value('TYPES,
    INSTR-OK-CALL-INDIRECT17-C:Context), INSTR-OK-CALL-INDIRECT17-Y:Idx)) are
    bound before the matching takes place.
Advisory: "output_bs.maude", line 5398 (mod SPECTEC-CORE): all the variables in
    the left-hand side of assignment condition fragment CTORFUNCARROWA2(
    INSTR-OK-THROW22-T:WasmTerminals, eps) := $expanddt($as-deftype(index(
    value('TAGS, INSTR-OK-THROW22-C:Context), INSTR-OK-THROW22-X:Idx))) are
    bound before the matching takes place.
Advisory: "output_bs.maude", line 5443 (mod SPECTEC-CORE): all the variables in
    the left-hand side of assignment condition fragment CTORARRAYA1(CTORMUTA0
    INSTR-OK-ARRAY-SET44-ZT:Storagetype) := $expanddt(index(value('TYPES,
    INSTR-OK-ARRAY-SET44-C:Context), INSTR-OK-ARRAY-SET44-X:Idx)) are bound
    before the matching takes place.
Advisory: "output_bs.maude", line 5446 (mod SPECTEC-CORE): all the variables in
    the left-hand side of assignment condition fragment CTORARRAYA1(CTORMUTA0
    INSTR-OK-ARRAY-FILL46-ZT:Storagetype) := $expanddt(index(value('TYPES,
    INSTR-OK-ARRAY-FILL46-C:Context), INSTR-OK-ARRAY-FILL46-X:Idx)) are bound
    before the matching takes place.
Advisory: "output_bs.maude", line 5679 (mod SPECTEC-CORE): all the variables in
    the left-hand side of assignment condition fragment CTORFUNCARROWA2(eps,
    eps) := $expanddt(index(value('FUNCS, START-OK-R00-C:Context),
    START-OK-R00-X:Idx)) are bound before the matching takes place.
Advisory: "output_bs.maude", line 8884 (mod SPECTEC-CORE): all the variables in
    the left-hand side of assignment condition fragment CTORFUNCARROWA2(
    EXPAND-X-T1:WasmTerminals, EXPAND-X-T2:WasmTerminals) := $expanddt(
    EXPAND-X-DT:Deftype) are bound before the matching takes place.
Advisory: "output_bs.maude", line 8409 (mod SPECTEC-CORE): all the variables in
    the left-hand side of assignment condition fragment STEP-THROW6-N:N := len(
    STEP-THROW6-T:WasmTerminals) are bound before the matching takes place.
Advisory: "output_bs.maude", line 5717 (mod SPECTEC-CORE): collapse at top of
    GLOBAL-LIST-GLOBAL:WasmTerminals MEM-LIST-MEM:WasmTerminals
    TABLE-LIST-TABLE:WasmTerminals ELEM-LIST-ELEM:WasmTerminals may cause it to
    match more than you expect.
Warning: membership axioms are not guaranteed to work correctly for iterated
    symbol s_ as it has declarations that are not at the kind level.
Warning: membership axioms are not guaranteed to work correctly for associative
    symbol _+_ as it has declarations that are not at the kind level.
Warning: membership axioms are not guaranteed to work correctly for associative
    symbol _*_ as it has declarations that are not at the kind level.
Warning: membership axioms are not guaranteed to work correctly for associative
    symbol gcd as it has declarations that are not at the kind level.
Warning: membership axioms are not guaranteed to work correctly for associative
    symbol lcm as it has declarations that are not at the kind level.
Warning: membership axioms are not guaranteed to work correctly for associative
    symbol min as it has declarations that are not at the kind level.
Warning: membership axioms are not guaranteed to work correctly for associative
    symbol max as it has declarations that are not at the kind level.
Warning: membership axioms are not guaranteed to work correctly for associative
    symbol _xor_ as it has declarations that are not at the kind level.
Warning: membership axioms are not guaranteed to work correctly for associative
    symbol _&_ as it has declarations that are not at the kind level.
Warning: membership axioms are not guaranteed to work correctly for associative
    symbol _|_ as it has declarations that are not at the kind level.
Warning: membership axioms are not guaranteed to work correctly for associative
    symbol __ as it has declarations that are not at the kind level.
==========================================
rewrite [1] in WASM-FIB-BS : step-pure(CTORNOPA0) .
rewrites: 4 in 0ms cpu (0ms real) (~ rewrites/second)
result Nonfuncs: eps
==========================================
search [1] in WASM-FIB-BS : step-pure(CTORNOPA0) =>* eps .

Solution 1 (state 1)
states: 2  rewrites: 4 in 0ms cpu (0ms real) (~ rewrites/second)
empty substitution
==========================================
rewrite [1] in WASM-FIB-BS : step(fib-config(i32v(5))) .
rewrites: 51 in 4ms cpu (1ms real) (12750 rewrites/second)
result StepConf: step((fib-store ; empty-frame) ; CTORCONSTA2(CTORI32A0, 5)
    CTORCONSTA2(CTORI32A0, 0) CTORCONSTA2(CTORI32A0, 1) CTORREFFUNCADDRA1(0)
    CTORCALLREFA1(CTORWDEFA2(CTORRECA1(CTORSUBA3(eps, eps, CTORFUNCARROWA2(
    CTORI32A0 CTORI32A0 CTORI32A0, CTORI32A0))), 0)))
==========================================
rewrite [10000] in WASM-FIB-BS : steps(fib-config(i32v(0))) .
rewrites: 52 in 0ms cpu (0ms real) (~ rewrites/second)
result Config: (fib-store ; empty-frame) ; CTORCONSTA2(CTORI32A0, 0)
    CTORCONSTA2(CTORI32A0, 0) CTORCONSTA2(CTORI32A0, 1) CTORREFFUNCADDRA1(0)
    CTORCALLREFA1(CTORWDEFA2(CTORRECA1(CTORSUBA3(eps, eps, CTORFUNCARROWA2(
    CTORI32A0 CTORI32A0 CTORI32A0, CTORI32A0))), 0))
==========================================
rewrite [10000] in WASM-FIB-BS : steps(fib-config(i32v(1))) .
rewrites: 52 in 0ms cpu (0ms real) (~ rewrites/second)
result Config: (fib-store ; empty-frame) ; CTORCONSTA2(CTORI32A0, 1)
    CTORCONSTA2(CTORI32A0, 0) CTORCONSTA2(CTORI32A0, 1) CTORREFFUNCADDRA1(0)
    CTORCALLREFA1(CTORWDEFA2(CTORRECA1(CTORSUBA3(eps, eps, CTORFUNCARROWA2(
    CTORI32A0 CTORI32A0 CTORI32A0, CTORI32A0))), 0))
==========================================
rewrite [10000] in WASM-FIB-BS : steps(fib-config(i32v(5))) .
rewrites: 52 in 0ms cpu (0ms real) (~ rewrites/second)
result Config: (fib-store ; empty-frame) ; CTORCONSTA2(CTORI32A0, 5)
    CTORCONSTA2(CTORI32A0, 0) CTORCONSTA2(CTORI32A0, 1) CTORREFFUNCADDRA1(0)
    CTORCALLREFA1(CTORWDEFA2(CTORRECA1(CTORSUBA3(eps, eps, CTORFUNCARROWA2(
    CTORI32A0 CTORI32A0 CTORI32A0, CTORI32A0))), 0))
==========================================
search [1] in WASM-FIB-BS : steps(fib-config(i32v(5))) =>* (fib-store ;
    empty-frame) ; CTORCONSTA2(CTORI32A0, 5) .

No solution.
states: 2  rewrites: 52 in 0ms cpu (0ms real) (~ rewrites/second)
Bye.
